Reading pref.tcl

# 10.7c

# vlog -sv ../tb/top.sv
# QuestaSim-64 vlog 10.7c Compiler 2018.08 Aug 17 2018
# Start time: 19:30:33 on Mar 18,2021
# vlog -sv ../tb/top.sv 
# ** Note: (vlog-2286) ../tb/top.sv(2): Using implicit +incdir+/software/mentor/questa10.7c/questasim/uvm-1.1d/../verilog_src/uvm-1.1d/src from import uvm_pkg
# -- Compiling package top_sv_unit
# -- Importing package mtiUvm.uvm_pkg (uvm-1.1d Built-in)
# ** Warning: ../tb/monitor.sv(49): (vlog-2240) Treating stand-alone use of function 'begin_tr' as an implicit VOID cast.
# ** Warning: ../tb/monitor_out.sv(48): (vlog-2240) Treating stand-alone use of function 'begin_tr' as an implicit VOID cast.
# -- Compiling module adder
# -- Compiling interface dut_if
# -- Compiling module DUT
# -- Compiling module top
# 
# Top level modules:
# 	top
# End time: 19:30:38 on Mar 18,2021, Elapsed time: 0:00:05
# Errors: 0, Warnings: 2
#  vsim top
# vsim top 
# Start time: 19:30:38 on Mar 18,2021
# ** Note: (vsim-3812) Design is being optimized...
# ** Warning: ../tb/monitor.sv(49): (vopt-2240) Treating stand-alone use of function 'begin_tr' as an implicit VOID cast.
# ** Warning: ../tb/monitor_out.sv(48): (vopt-2240) Treating stand-alone use of function 'begin_tr' as an implicit VOID cast.
# //  Questa Sim-64
# //  Version 10.7c linux_x86_64 Aug 17 2018
# //
# //  Copyright 1991-2018 Mentor Graphics Corporation
# //  All Rights Reserved.
# //
# //  QuestaSim and its associated documentation contain trade
# //  secrets and commercial or financial information that are the property of
# //  Mentor Graphics Corporation and are privileged, confidential,
# //  and exempt from disclosure under the Freedom of Information Act,
# //  5 U.S.C. Section 552. Furthermore, this information
# //  is prohibited from disclosure under the Trade Secrets Act,
# //  18 U.S.C. Section 1905.
# //
# Loading sv_std.std
# Loading mtiUvm.uvm_pkg
# Loading work.top_sv_unit(fast)
# Loading work.top(fast)
# Loading work.DUT(fast)
# Loading mtiUvm.questa_uvm_pkg(fast)
# Loading work.dut_if(fast)
# ** Warning: (vsim-3838) Variable '/top/out/data' written by continuous and procedural assignments. 
# One of the assignments is implicit. See ../src/DUT.sv(9).
#    Time: 0 ns  Iteration: 0  Instance: /top/sum File: ../src/DUT.sv Line: 3
# ** Warning: (vsim-3764) Stand-alone call to function 'begin_tr' treated as implicit void cast.
#    Time: 0 ns  Iteration: 0  Region: /top_sv_unit::driver File: ../tb/driver.sv Line: 67
# Loading /software/mentor/questa10.7c/questasim/uvm-1.1d/linux_x86_64/uvm_dpi.so
#  run 4 us
# ----------------------------------------------------------------
# UVM-1.1d
# (C) 2007-2013 Mentor Graphics Corporation
# (C) 2007-2013 Cadence Design Systems, Inc.
# (C) 2006-2013 Synopsys, Inc.
# (C) 2011-2013 Cypress Semiconductor Corp.
# ----------------------------------------------------------------
# 
#   ***********       IMPORTANT RELEASE NOTES         ************
# 
#   You are using a version of the UVM library that has been compiled
#   with `UVM_NO_DEPRECATED undefined.
#   See http://www.eda.org/svdb/view.php?id=3313 for more details.
# 
#   You are using a version of the UVM library that has been compiled
#   with `UVM_OBJECT_MUST_HAVE_CONSTRUCTOR undefined.
#   See http://www.eda.org/svdb/view.php?id=3770 for more details.
# 
#       (Specify +UVM_NO_RELNOTES to turn off this notice)
# 
# UVM_INFO verilog_src/questa_uvm_pkg-1.2/src/questa_uvm_pkg.sv(215) @ 0: reporter [Questa UVM] QUESTA_UVM-1.2.3
# UVM_INFO verilog_src/questa_uvm_pkg-1.2/src/questa_uvm_pkg.sv(216) @ 0: reporter [Questa UVM]  questa_uvm::init(+struct)
# ** Error: Unable to lock WLF file "vsim.wlf". Retrying 1 times, errno 11
# ** Error: Unable to lock WLF file "vsim.wlf". Retrying 2 times, errno 11
# ** Error: Unable to lock WLF file "vsim.wlf". Retrying 3 times, errno 11
# ** Error: Cannot lock WLF file: "vsim.wlf"
#           errno 11: Resource temporarily unavailable.
# ** Warning: (vsim-WLF-5000) WLF file currently in use: vsim.wlf
#           File in use by: isa12  Hostname: localhost.localdomain  ProcessID: 21519
#           Attempting to use alternate WLF file "./wlftpTXcwQ".
# ** Warning: (vsim-WLF-5001) Could not open WLF file: vsim.wlf
#           Using alternate file: ./wlftpTXcwQ
# UVM_INFO @ 0: reporter [RNTST] Running test simple_test...
# adder: input A =        696, input B = 2518942569, output OUT = 2518943265
# adder: input A = 00000000000000000000001010111000, input B = 10010110001001000000001101101001, output OUT = 10010110001001000000011000100001
# refmod: input A =         696, input B = -1776024727, output OUT = -1776024031
# refmod: input A = 00000000000000000000001010111000, input B = 10010110001001000000001101101001, output OUT = 10010110001001000000011000100001
# UVM_INFO @ 45: uvm_test_top.env_h.comp [Comparator Match] 
# adder: input A =        552, input B = 2774305271, output OUT = 2774305823
# adder: input A = 00000000000000000000001000101000, input B = 10100101010111001000100111110111, output OUT = 10100101010111001000110000011111
# refmod: input A =         552, input B = -1520662025, output OUT = -1520661473
# refmod: input A = 00000000000000000000001000101000, input B = 10100101010111001000100111110111, output OUT = 10100101010111001000110000011111
# UVM_INFO @ 75: uvm_test_top.env_h.comp [Comparator Match] 
# adder: input A =        539, input B = 2721861113, output OUT = 2721861652
# adder: input A = 00000000000000000000001000011011, input B = 10100010001111000100110111111001, output OUT = 10100010001111000101000000010100
# refmod: input A =         539, input B = -1573106183, output OUT = -1573105644
# refmod: input A = 00000000000000000000001000011011, input B = 10100010001111000100110111111001, output OUT = 10100010001111000101000000010100
# UVM_INFO @ 105: uvm_test_top.env_h.comp [Comparator Match] 
# adder: input A =        488, input B = 3079128966, output OUT = 3079129454
# adder: input A = 00000000000000000000000111101000, input B = 10110111100001111100011110000110, output OUT = 10110111100001111100100101101110
# refmod: input A =         488, input B = -1215838330, output OUT = -1215837842
# refmod: input A = 00000000000000000000000111101000, input B = 10110111100001111100011110000110, output OUT = 10110111100001111100100101101110
# UVM_INFO @ 135: uvm_test_top.env_h.comp [Comparator Match] 
# adder: input A =        712, input B = 2814418271, output OUT = 2814418983
# adder: input A = 00000000000000000000001011001000, input B = 10100111110000001001110101011111, output OUT = 10100111110000001010000000100111
# refmod: input A =         712, input B = -1480549025, output OUT = -1480548313
# refmod: input A = 00000000000000000000001011001000, input B = 10100111110000001001110101011111, output OUT = 10100111110000001010000000100111
# UVM_INFO @ 165: uvm_test_top.env_h.comp [Comparator Match] 
# adder: input A =        175, input B = 2728146874, output OUT = 2728147049
# adder: input A = 00000000000000000000000010101111, input B = 10100010100111000011011110111010, output OUT = 10100010100111000011100001101001
# refmod: input A =         175, input B = -1566820422, output OUT = -1566820247
# refmod: input A = 00000000000000000000000010101111, input B = 10100010100111000011011110111010, output OUT = 10100010100111000011100001101001
# UVM_INFO @ 195: uvm_test_top.env_h.comp [Comparator Match] 
# adder: input A =        363, input B = 2723932317, output OUT = 2723932680
# adder: input A = 00000000000000000000000101101011, input B = 10100010010110111110100010011101, output OUT = 10100010010110111110101000001000
# refmod: input A =         363, input B = -1571034979, output OUT = -1571034616
# refmod: input A = 00000000000000000000000101101011, input B = 10100010010110111110100010011101, output OUT = 10100010010110111110101000001000
# UVM_INFO @ 225: uvm_test_top.env_h.comp [Comparator Match] 
# adder: input A =        162, input B = 3137793582, output OUT = 3137793744
# adder: input A = 00000000000000000000000010100010, input B = 10111011000001101110111000101110, output OUT = 10111011000001101110111011010000
# refmod: input A =         162, input B = -1157173714, output OUT = -1157173552
# refmod: input A = 00000000000000000000000010100010, input B = 10111011000001101110111000101110, output OUT = 10111011000001101110111011010000
# UVM_INFO @ 255: uvm_test_top.env_h.comp [Comparator Match] 
# adder: input A =        248, input B = 3316806189, output OUT = 3316806437
# adder: input A = 00000000000000000000000011111000, input B = 11000101101100100111001000101101, output OUT = 11000101101100100111001100100101
# refmod: input A =         248, input B =  -978161107, output OUT =  -978160859
# refmod: input A = 00000000000000000000000011111000, input B = 11000101101100100111001000101101, output OUT = 11000101101100100111001100100101
# UVM_INFO @ 285: uvm_test_top.env_h.comp [Comparator Match] 
# adder: input A =        665, input B = 3392597977, output OUT = 3392598642
# adder: input A = 00000000000000000000001010011001, input B = 11001010001101101110111111011001, output OUT = 11001010001101101111001001110010
# refmod: input A =         665, input B =  -902369319, output OUT =  -902368654
# refmod: input A = 00000000000000000000001010011001, input B = 11001010001101101110111111011001, output OUT = 11001010001101101111001001110010
# UVM_INFO @ 315: uvm_test_top.env_h.comp [Comparator Match] 
# adder: input A =        411, input B = 3232674287, output OUT = 3232674698
# adder: input A = 00000000000000000000000110011011, input B = 11000000101011101011000111101111, output OUT = 11000000101011101011001110001010
# refmod: input A =         411, input B = -1062293009, output OUT = -1062292598
# refmod: input A = 00000000000000000000000110011011, input B = 11000000101011101011000111101111, output OUT = 11000000101011101011001110001010
# UVM_INFO @ 345: uvm_test_top.env_h.comp [Comparator Match] 
# adder: input A =        111, input B = 2457640446, output OUT = 2457640557
# adder: input A = 00000000000000000000000001101111, input B = 10010010011111001001110111111110, output OUT = 10010010011111001001111001101101
# refmod: input A =         111, input B = -1837326850, output OUT = -1837326739
# refmod: input A = 00000000000000000000000001101111, input B = 10010010011111001001110111111110, output OUT = 10010010011111001001111001101101
# UVM_INFO @ 375: uvm_test_top.env_h.comp [Comparator Match] 
# adder: input A =        364, input B = 2534622227, output OUT = 2534622591
# adder: input A = 00000000000000000000000101101100, input B = 10010111000100110100010000010011, output OUT = 10010111000100110100010101111111
# refmod: input A =         364, input B = -1760345069, output OUT = -1760344705
# refmod: input A = 00000000000000000000000101101100, input B = 10010111000100110100010000010011, output OUT = 10010111000100110100010101111111
# UVM_INFO @ 405: uvm_test_top.env_h.comp [Comparator Match] 
# adder: input A =        810, input B = 3488711280, output OUT = 3488712090
# adder: input A = 00000000000000000000001100101010, input B = 11001111111100011000001001110000, output OUT = 11001111111100011000010110011010
# refmod: input A =         810, input B =  -806256016, output OUT =  -806255206
# refmod: input A = 00000000000000000000001100101010, input B = 11001111111100011000001001110000, output OUT = 11001111111100011000010110011010
# UVM_INFO @ 435: uvm_test_top.env_h.comp [Comparator Match] 
# adder: input A =        396, input B = 3127994423, output OUT = 3127994819
# adder: input A = 00000000000000000000000110001100, input B = 10111010011100010110100000110111, output OUT = 10111010011100010110100111000011
# refmod: input A =         396, input B = -1166972873, output OUT = -1166972477
# refmod: input A = 00000000000000000000000110001100, input B = 10111010011100010110100000110111, output OUT = 10111010011100010110100111000011
# UVM_INFO @ 465: uvm_test_top.env_h.comp [Comparator Match] 
# adder: input A =        170, input B = 2701621257, output OUT = 2701621427
# adder: input A = 00000000000000000000000010101010, input B = 10100001000001110111100000001001, output OUT = 10100001000001110111100010110011
# refmod: input A =         170, input B = -1593346039, output OUT = -1593345869
# refmod: input A = 00000000000000000000000010101010, input B = 10100001000001110111100000001001, output OUT = 10100001000001110111100010110011
# UVM_INFO @ 495: uvm_test_top.env_h.comp [Comparator Match] 
# adder: input A =        871, input B = 3788755530, output OUT = 3788756401
# adder: input A = 00000000000000000000001101100111, input B = 11100001110100111101001001001010, output OUT = 11100001110100111101010110110001
# refmod: input A =         871, input B =  -506211766, output OUT =  -506210895
# refmod: input A = 00000000000000000000001101100111, input B = 11100001110100111101001001001010, output OUT = 11100001110100111101010110110001
# UVM_INFO @ 525: uvm_test_top.env_h.comp [Comparator Match] 
# adder: input A =        614, input B = 4011739644, output OUT = 4011740258
# adder: input A = 00000000000000000000001001100110, input B = 11101111000111100100100111111100, output OUT = 11101111000111100100110001100010
# refmod: input A =         614, input B =  -283227652, output OUT =  -283227038
# refmod: input A = 00000000000000000000001001100110, input B = 11101111000111100100100111111100, output OUT = 11101111000111100100110001100010
# UVM_INFO @ 555: uvm_test_top.env_h.comp [Comparator Match] 
# adder: input A =       1000, input B = 3944911100, output OUT = 3944912100
# adder: input A = 00000000000000000000001111101000, input B = 11101011001000101001000011111100, output OUT = 11101011001000101001010011100100
# refmod: input A =        1000, input B =  -350056196, output OUT =  -350055196
# refmod: input A = 00000000000000000000001111101000, input B = 11101011001000101001000011111100, output OUT = 11101011001000101001010011100100
# UVM_INFO @ 585: uvm_test_top.env_h.comp [Comparator Match] 
# adder: input A =        748, input B = 3505702295, output OUT = 3505703043
# adder: input A = 00000000000000000000001011101100, input B = 11010000111101001100010110010111, output OUT = 11010000111101001100100010000011
# refmod: input A =         748, input B =  -789265001, output OUT =  -789264253
# refmod: input A = 00000000000000000000001011101100, input B = 11010000111101001100010110010111, output OUT = 11010000111101001100100010000011
# UVM_INFO @ 615: uvm_test_top.env_h.comp [Comparator Match] 
# adder: input A =        493, input B = 3969227115, output OUT = 3969227608
# adder: input A = 00000000000000000000000111101101, input B = 11101100100101011001100101101011, output OUT = 11101100100101011001101101011000
# refmod: input A =         493, input B =  -325740181, output OUT =  -325739688
# refmod: input A = 00000000000000000000000111101101, input B = 11101100100101011001100101101011, output OUT = 11101100100101011001101101011000
# UVM_INFO @ 645: uvm_test_top.env_h.comp [Comparator Match] 
# adder: input A =        407, input B = 2407695786, output OUT = 2407696193
# adder: input A = 00000000000000000000000110010111, input B = 10001111100000101000010110101010, output OUT = 10001111100000101000011101000001
# refmod: input A =         407, input B = -1887271510, output OUT = -1887271103
# refmod: input A = 00000000000000000000000110010111, input B = 10001111100000101000010110101010, output OUT = 10001111100000101000011101000001
# UVM_INFO @ 675: uvm_test_top.env_h.comp [Comparator Match] 
# adder: input A =        106, input B = 4047532198, output OUT = 4047532304
# adder: input A = 00000000000000000000000001101010, input B = 11110001010000000111000010100110, output OUT = 11110001010000000111000100010000
# refmod: input A =         106, input B =  -247435098, output OUT =  -247434992
# refmod: input A = 00000000000000000000000001101010, input B = 11110001010000000111000010100110, output OUT = 11110001010000000111000100010000
# UVM_INFO @ 705: uvm_test_top.env_h.comp [Comparator Match] 
# adder: input A =        954, input B = 3248832319, output OUT = 3248833273
# adder: input A = 00000000000000000000001110111010, input B = 11000001101001010011111100111111, output OUT = 11000001101001010100001011111001
# refmod: input A =         954, input B = -1046134977, output OUT = -1046134023
# refmod: input A = 00000000000000000000001110111010, input B = 11000001101001010011111100111111, output OUT = 11000001101001010100001011111001
# UVM_INFO @ 735: uvm_test_top.env_h.comp [Comparator Match] 
# adder: input A =        652, input B = 3496798236, output OUT = 3496798888
# adder: input A = 00000000000000000000001010001100, input B = 11010000011011001110100000011100, output OUT = 11010000011011001110101010101000
# refmod: input A =         652, input B =  -798169060, output OUT =  -798168408
# refmod: input A = 00000000000000000000001010001100, input B = 11010000011011001110100000011100, output OUT = 11010000011011001110101010101000
# UVM_INFO @ 765: uvm_test_top.env_h.comp [Comparator Match] 
# adder: input A =        273, input B = 2397751988, output OUT = 2397752261
# adder: input A = 00000000000000000000000100010001, input B = 10001110111010101100101010110100, output OUT = 10001110111010101100101111000101
# refmod: input A =         273, input B = -1897215308, output OUT = -1897215035
# refmod: input A = 00000000000000000000000100010001, input B = 10001110111010101100101010110100, output OUT = 10001110111010101100101111000101
# UVM_INFO @ 795: uvm_test_top.env_h.comp [Comparator Match] 
# adder: input A =        479, input B = 3271159051, output OUT = 3271159530
# adder: input A = 00000000000000000000000111011111, input B = 11000010111110011110110100001011, output OUT = 11000010111110011110111011101010
# refmod: input A =         479, input B = -1023808245, output OUT = -1023807766
# refmod: input A = 00000000000000000000000111011111, input B = 11000010111110011110110100001011, output OUT = 11000010111110011110111011101010
# UVM_INFO @ 825: uvm_test_top.env_h.comp [Comparator Match] 
# adder: input A =        181, input B = 2585876433, output OUT = 2585876614
# adder: input A = 00000000000000000000000010110101, input B = 10011010001000010101011111010001, output OUT = 10011010001000010101100010000110
# refmod: input A =         181, input B = -1709090863, output OUT = -1709090682
# refmod: input A = 00000000000000000000000010110101, input B = 10011010001000010101011111010001, output OUT = 10011010001000010101100010000110
# UVM_INFO @ 855: uvm_test_top.env_h.comp [Comparator Match] 
# adder: input A =        312, input B =       2554, output OUT =       2866
# adder: input A = 00000000000000000000000100111000, input B = 00000000000000000000100111111010, output OUT = 00000000000000000000101100110010
# refmod: input A =         312, input B =        2554, output OUT =        2866
# refmod: input A = 00000000000000000000000100111000, input B = 00000000000000000000100111111010, output OUT = 00000000000000000000101100110010
# UVM_INFO @ 885: uvm_test_top.env_h.comp [Comparator Match] 
# adder: input A =        768, input B = 3627092954, output OUT = 3627093722
# adder: input A = 00000000000000000000001100000000, input B = 11011000001100010000101111011010, output OUT = 11011000001100010000111011011010
# refmod: input A =         768, input B =  -667874342, output OUT =  -667873574
# refmod: input A = 00000000000000000000001100000000, input B = 11011000001100010000101111011010, output OUT = 11011000001100010000111011011010
# UVM_INFO @ 915: uvm_test_top.env_h.comp [Comparator Match] 
# adder: input A =        869, input B = 2803237283, output OUT = 2803238152
# adder: input A = 00000000000000000000001101100101, input B = 10100111000101100000000110100011, output OUT = 10100111000101100000010100001000
# refmod: input A =         869, input B = -1491730013, output OUT = -1491729144
# refmod: input A = 00000000000000000000001101100101, input B = 10100111000101100000000110100011, output OUT = 10100111000101100000010100001000
# UVM_INFO @ 945: uvm_test_top.env_h.comp [Comparator Match] 
# adder: input A =        885, input B = 2648246288, output OUT = 2648247173
# adder: input A = 00000000000000000000001101110101, input B = 10011101110110010000100000010000, output OUT = 10011101110110010000101110000101
# refmod: input A =         885, input B = -1646721008, output OUT = -1646720123
# refmod: input A = 00000000000000000000001101110101, input B = 10011101110110010000100000010000, output OUT = 10011101110110010000101110000101
# UVM_INFO @ 975: uvm_test_top.env_h.comp [Comparator Match] 
# adder: input A =        278, input B = 3290291555, output OUT = 3290291833
# adder: input A = 00000000000000000000000100010110, input B = 11000100000111011101110101100011, output OUT = 11000100000111011101111001111001
# refmod: input A =         278, input B = -1004675741, output OUT = -1004675463
# refmod: input A = 00000000000000000000000100010110, input B = 11000100000111011101110101100011, output OUT = 11000100000111011101111001111001
# UVM_INFO @ 1005: uvm_test_top.env_h.comp [Comparator Match] 
# adder: input A =        788, input B = 2542071435, output OUT = 2542072223
# adder: input A = 00000000000000000000001100010100, input B = 10010111100001001110111010001011, output OUT = 10010111100001001111000110011111
# refmod: input A =         788, input B = -1752895861, output OUT = -1752895073
# refmod: input A = 00000000000000000000001100010100, input B = 10010111100001001110111010001011, output OUT = 10010111100001001111000110011111
# UVM_INFO @ 1035: uvm_test_top.env_h.comp [Comparator Match] 
# adder: input A =        974, input B = 3208522322, output OUT = 3208523296
# adder: input A = 00000000000000000000001111001110, input B = 10111111001111100010101001010010, output OUT = 10111111001111100010111000100000
# refmod: input A =         974, input B = -1086444974, output OUT = -1086444000
# refmod: input A = 00000000000000000000001111001110, input B = 10111111001111100010101001010010, output OUT = 10111111001111100010111000100000
# UVM_INFO @ 1065: uvm_test_top.env_h.comp [Comparator Match] 
# adder: input A =        871, input B = 3979086376, output OUT = 3979087247
# adder: input A = 00000000000000000000001101100111, input B = 11101101001011000000101000101000, output OUT = 11101101001011000000110110001111
# refmod: input A =         871, input B =  -315880920, output OUT =  -315880049
# refmod: input A = 00000000000000000000001101100111, input B = 11101101001011000000101000101000, output OUT = 11101101001011000000110110001111
# UVM_INFO @ 1095: uvm_test_top.env_h.comp [Comparator Match] 
# adder: input A =        257, input B = 2976995334, output OUT = 2976995591
# adder: input A = 00000000000000000000000100000001, input B = 10110001011100010101100000000110, output OUT = 10110001011100010101100100000111
# refmod: input A =         257, input B = -1317971962, output OUT = -1317971705
# refmod: input A = 00000000000000000000000100000001, input B = 10110001011100010101100000000110, output OUT = 10110001011100010101100100000111
# UVM_INFO @ 1125: uvm_test_top.env_h.comp [Comparator Match] 
# adder: input A =        673, input B = 4026580033, output OUT = 4026580706
# adder: input A = 00000000000000000000001010100001, input B = 11110000000000001011110001000001, output OUT = 11110000000000001011111011100010
# refmod: input A =         673, input B =  -268387263, output OUT =  -268386590
# refmod: input A = 00000000000000000000001010100001, input B = 11110000000000001011110001000001, output OUT = 11110000000000001011111011100010
# UVM_INFO @ 1155: uvm_test_top.env_h.comp [Comparator Match] 
# adder: input A =        368, input B = 2967160687, output OUT = 2967161055
# adder: input A = 00000000000000000000000101110000, input B = 10110000110110110100011101101111, output OUT = 10110000110110110100100011011111
# refmod: input A =         368, input B = -1327806609, output OUT = -1327806241
# refmod: input A = 00000000000000000000000101110000, input B = 10110000110110110100011101101111, output OUT = 10110000110110110100100011011111
# UVM_INFO @ 1185: uvm_test_top.env_h.comp [Comparator Match] 
# adder: input A =        841, input B = 2825535070, output OUT = 2825535911
# adder: input A = 00000000000000000000001101001001, input B = 10101000011010100011111001011110, output OUT = 10101000011010100100000110100111
# refmod: input A =         841, input B = -1469432226, output OUT = -1469431385
# refmod: input A = 00000000000000000000001101001001, input B = 10101000011010100011111001011110, output OUT = 10101000011010100100000110100111
# UVM_INFO @ 1215: uvm_test_top.env_h.comp [Comparator Match] 
# adder: input A =        606, input B = 4235583823, output OUT = 4235584429
# adder: input A = 00000000000000000000001001011110, input B = 11111100011101011110000101001111, output OUT = 11111100011101011110001110101101
# refmod: input A =         606, input B =   -59383473, output OUT =   -59382867
# refmod: input A = 00000000000000000000001001011110, input B = 11111100011101011110000101001111, output OUT = 11111100011101011110001110101101
# UVM_INFO @ 1245: uvm_test_top.env_h.comp [Comparator Match] 
# adder: input A =        709, input B = 3407395325, output OUT = 3407396034
# adder: input A = 00000000000000000000001011000101, input B = 11001011000110001011100111111101, output OUT = 11001011000110001011110011000010
# refmod: input A =         709, input B =  -887571971, output OUT =  -887571262
# refmod: input A = 00000000000000000000001011000101, input B = 11001011000110001011100111111101, output OUT = 11001011000110001011110011000010
# UVM_INFO @ 1275: uvm_test_top.env_h.comp [Comparator Match] 
# adder: input A =        144, input B = 3289508899, output OUT = 3289509043
# adder: input A = 00000000000000000000000010010000, input B = 11000100000100011110110000100011, output OUT = 11000100000100011110110010110011
# refmod: input A =         144, input B = -1005458397, output OUT = -1005458253
# refmod: input A = 00000000000000000000000010010000, input B = 11000100000100011110110000100011, output OUT = 11000100000100011110110010110011
# UVM_INFO @ 1305: uvm_test_top.env_h.comp [Comparator Match] 
# adder: input A =        615, input B = 4254775255, output OUT = 4254775870
# adder: input A = 00000000000000000000001001100111, input B = 11111101100110101011011111010111, output OUT = 11111101100110101011101000111110
# refmod: input A =         615, input B =   -40192041, output OUT =   -40191426
# refmod: input A = 00000000000000000000001001100111, input B = 11111101100110101011011111010111, output OUT = 11111101100110101011101000111110
# UVM_INFO @ 1335: uvm_test_top.env_h.comp [Comparator Match] 
# adder: input A =        547, input B = 2227353935, output OUT = 2227354482
# adder: input A = 00000000000000000000001000100011, input B = 10000100110000101011100101001111, output OUT = 10000100110000101011101101110010
# refmod: input A =         547, input B = -2067613361, output OUT = -2067612814
# refmod: input A = 00000000000000000000001000100011, input B = 10000100110000101011100101001111, output OUT = 10000100110000101011101101110010
# UVM_INFO @ 1365: uvm_test_top.env_h.comp [Comparator Match] 
# adder: input A =        978, input B = 3691486376, output OUT = 3691487354
# adder: input A = 00000000000000000000001111010010, input B = 11011100000001111001110010101000, output OUT = 11011100000001111010000001111010
# refmod: input A =         978, input B =  -603480920, output OUT =  -603479942
# refmod: input A = 00000000000000000000001111010010, input B = 11011100000001111001110010101000, output OUT = 11011100000001111010000001111010
# UVM_INFO @ 1395: uvm_test_top.env_h.comp [Comparator Match] 
# adder: input A =        785, input B = 4090470314, output OUT = 4090471099
# adder: input A = 00000000000000000000001100010001, input B = 11110011110011111001111110101010, output OUT = 11110011110011111010001010111011
# refmod: input A =         785, input B =  -204496982, output OUT =  -204496197
# refmod: input A = 00000000000000000000001100010001, input B = 11110011110011111001111110101010, output OUT = 11110011110011111010001010111011
# UVM_INFO @ 1425: uvm_test_top.env_h.comp [Comparator Match] 
# adder: input A =        336, input B = 3642618726, output OUT = 3642619062
# adder: input A = 00000000000000000000000101010000, input B = 11011001000111011111001101100110, output OUT = 11011001000111011111010010110110
# refmod: input A =         336, input B =  -652348570, output OUT =  -652348234
# refmod: input A = 00000000000000000000000101010000, input B = 11011001000111011111001101100110, output OUT = 11011001000111011111010010110110
# UVM_INFO @ 1455: uvm_test_top.env_h.comp [Comparator Match] 
# adder: input A =        269, input B = 3942638400, output OUT = 3942638669
# adder: input A = 00000000000000000000000100001101, input B = 11101010111111111110001101000000, output OUT = 11101010111111111110010001001101
# refmod: input A =         269, input B =  -352328896, output OUT =  -352328627
# refmod: input A = 00000000000000000000000100001101, input B = 11101010111111111110001101000000, output OUT = 11101010111111111110010001001101
# UVM_INFO @ 1485: uvm_test_top.env_h.comp [Comparator Match] 
# adder: input A =        773, input B = 2809952022, output OUT = 2809952795
# adder: input A = 00000000000000000000001100000101, input B = 10100111011111000111011100010110, output OUT = 10100111011111000111101000011011
# refmod: input A =         773, input B = -1485015274, output OUT = -1485014501
# refmod: input A = 00000000000000000000001100000101, input B = 10100111011111000111011100010110, output OUT = 10100111011111000111101000011011
# UVM_INFO @ 1515: uvm_test_top.env_h.comp [Comparator Match] 
# adder: input A =        651, input B = 2593804796, output OUT = 2593805447
# adder: input A = 00000000000000000000001010001011, input B = 10011010100110100101000111111100, output OUT = 10011010100110100101010010000111
# refmod: input A =         651, input B = -1701162500, output OUT = -1701161849
# refmod: input A = 00000000000000000000001010001011, input B = 10011010100110100101000111111100, output OUT = 10011010100110100101010010000111
# UVM_INFO @ 1545: uvm_test_top.env_h.comp [Comparator Match] 
# adder: input A =        457, input B = 3372489901, output OUT = 3372490358
# adder: input A = 00000000000000000000000111001001, input B = 11001001000001000001110010101101, output OUT = 11001001000001000001111001110110
# refmod: input A =         457, input B =  -922477395, output OUT =  -922476938
# refmod: input A = 00000000000000000000000111001001, input B = 11001001000001000001110010101101, output OUT = 11001001000001000001111001110110
# UVM_INFO @ 1575: uvm_test_top.env_h.comp [Comparator Match] 
# adder: input A =        409, input B = 3270785714, output OUT = 3270786123
# adder: input A = 00000000000000000000000110011001, input B = 11000010111101000011101010110010, output OUT = 11000010111101000011110001001011
# refmod: input A =         409, input B = -1024181582, output OUT = -1024181173
# refmod: input A = 00000000000000000000000110011001, input B = 11000010111101000011101010110010, output OUT = 11000010111101000011110001001011
# UVM_INFO @ 1605: uvm_test_top.env_h.comp [Comparator Match] 
# adder: input A =        887, input B = 2261777058, output OUT = 2261777945
# adder: input A = 00000000000000000000001101110111, input B = 10000110110011111111101010100010, output OUT = 10000110110011111111111000011001
# refmod: input A =         887, input B = -2033190238, output OUT = -2033189351
# refmod: input A = 00000000000000000000001101110111, input B = 10000110110011111111101010100010, output OUT = 10000110110011111111111000011001
# UVM_INFO @ 1635: uvm_test_top.env_h.comp [Comparator Match] 
# adder: input A =        397, input B = 3891710545, output OUT = 3891710942
# adder: input A = 00000000000000000000000110001101, input B = 11100111111101101100101001010001, output OUT = 11100111111101101100101111011110
# refmod: input A =         397, input B =  -403256751, output OUT =  -403256354
# refmod: input A = 00000000000000000000000110001101, input B = 11100111111101101100101001010001, output OUT = 11100111111101101100101111011110
# UVM_INFO @ 1665: uvm_test_top.env_h.comp [Comparator Match] 
# adder: input A =        231, input B = 2255239147, output OUT = 2255239378
# adder: input A = 00000000000000000000000011100111, input B = 10000110011011000011011111101011, output OUT = 10000110011011000011100011010010
# refmod: input A =         231, input B = -2039728149, output OUT = -2039727918
# refmod: input A = 00000000000000000000000011100111, input B = 10000110011011000011011111101011, output OUT = 10000110011011000011100011010010
# UVM_INFO @ 1695: uvm_test_top.env_h.comp [Comparator Match] 
# adder: input A =        878, input B = 2316054630, output OUT = 2316055508
# adder: input A = 00000000000000000000001101101110, input B = 10001010000011000011000001100110, output OUT = 10001010000011000011001111010100
# refmod: input A =         878, input B = -1978912666, output OUT = -1978911788
# refmod: input A = 00000000000000000000001101101110, input B = 10001010000011000011000001100110, output OUT = 10001010000011000011001111010100
# UVM_INFO @ 1725: uvm_test_top.env_h.comp [Comparator Match] 
# adder: input A =        341, input B = 3273662645, output OUT = 3273662986
# adder: input A = 00000000000000000000000101010101, input B = 11000011001000000010000010110101, output OUT = 11000011001000000010001000001010
# refmod: input A =         341, input B = -1021304651, output OUT = -1021304310
# refmod: input A = 00000000000000000000000101010101, input B = 11000011001000000010000010110101, output OUT = 11000011001000000010001000001010
# UVM_INFO @ 1755: uvm_test_top.env_h.comp [Comparator Match] 
# adder: input A =        111, input B = 2289588445, output OUT = 2289588556
# adder: input A = 00000000000000000000000001101111, input B = 10001000011110000101100011011101, output OUT = 10001000011110000101100101001100
# refmod: input A =         111, input B = -2005378851, output OUT = -2005378740
# refmod: input A = 00000000000000000000000001101111, input B = 10001000011110000101100011011101, output OUT = 10001000011110000101100101001100
# UVM_INFO @ 1785: uvm_test_top.env_h.comp [Comparator Match] 
# adder: input A =        246, input B = 3172803182, output OUT = 3172803428
# adder: input A = 00000000000000000000000011110110, input B = 10111101000111010010001001101110, output OUT = 10111101000111010010001101100100
# refmod: input A =         246, input B = -1122164114, output OUT = -1122163868
# refmod: input A = 00000000000000000000000011110110, input B = 10111101000111010010001001101110, output OUT = 10111101000111010010001101100100
# UVM_INFO @ 1815: uvm_test_top.env_h.comp [Comparator Match] 
# adder: input A =        412, input B = 3706137660, output OUT = 3706138072
# adder: input A = 00000000000000000000000110011100, input B = 11011100111001110010110000111100, output OUT = 11011100111001110010110111011000
# refmod: input A =         412, input B =  -588829636, output OUT =  -588829224
# refmod: input A = 00000000000000000000000110011100, input B = 11011100111001110010110000111100, output OUT = 11011100111001110010110111011000
# UVM_INFO @ 1845: uvm_test_top.env_h.comp [Comparator Match] 
# adder: input A =        134, input B = 3305748252, output OUT = 3305748386
# adder: input A = 00000000000000000000000010000110, input B = 11000101000010011011011100011100, output OUT = 11000101000010011011011110100010
# refmod: input A =         134, input B =  -989219044, output OUT =  -989218910
# refmod: input A = 00000000000000000000000010000110, input B = 11000101000010011011011100011100, output OUT = 11000101000010011011011110100010
# UVM_INFO @ 1875: uvm_test_top.env_h.comp [Comparator Match] 
# adder: input A =        164, input B = 3619962257, output OUT = 3619962421
# adder: input A = 00000000000000000000000010100100, input B = 11010111110001000011110110010001, output OUT = 11010111110001000011111000110101
# refmod: input A =         164, input B =  -675005039, output OUT =  -675004875
# refmod: input A = 00000000000000000000000010100100, input B = 11010111110001000011110110010001, output OUT = 11010111110001000011111000110101
# UVM_INFO @ 1905: uvm_test_top.env_h.comp [Comparator Match] 
# adder: input A =        124, input B = 3580989167, output OUT = 3580989291
# adder: input A = 00000000000000000000000001111100, input B = 11010101011100011000111011101111, output OUT = 11010101011100011000111101101011
# refmod: input A =         124, input B =  -713978129, output OUT =  -713978005
# refmod: input A = 00000000000000000000000001111100, input B = 11010101011100011000111011101111, output OUT = 11010101011100011000111101101011
# UVM_INFO @ 1935: uvm_test_top.env_h.comp [Comparator Match] 
# adder: input A =        880, input B = 3133356377, output OUT = 3133357257
# adder: input A = 00000000000000000000001101110000, input B = 10111010110000110011100101011001, output OUT = 10111010110000110011110011001001
# refmod: input A =         880, input B = -1161610919, output OUT = -1161610039
# refmod: input A = 00000000000000000000001101110000, input B = 10111010110000110011100101011001, output OUT = 10111010110000110011110011001001
# UVM_INFO @ 1965: uvm_test_top.env_h.comp [Comparator Match] 
# adder: input A =        388, input B = 2398267943, output OUT = 2398268331
# adder: input A = 00000000000000000000000110000100, input B = 10001110111100101010101000100111, output OUT = 10001110111100101010101110101011
# refmod: input A =         388, input B = -1896699353, output OUT = -1896698965
# refmod: input A = 00000000000000000000000110000100, input B = 10001110111100101010101000100111, output OUT = 10001110111100101010101110101011
# UVM_INFO @ 1995: uvm_test_top.env_h.comp [Comparator Match] 
# adder: input A =        378, input B = 3914271947, output OUT = 3914272325
# adder: input A = 00000000000000000000000101111010, input B = 11101001010011110000110011001011, output OUT = 11101001010011110000111001000101
# refmod: input A =         378, input B =  -380695349, output OUT =  -380694971
# refmod: input A = 00000000000000000000000101111010, input B = 11101001010011110000110011001011, output OUT = 11101001010011110000111001000101
# UVM_INFO @ 2025: uvm_test_top.env_h.comp [Comparator Match] 
# adder: input A =        480, input B = 4231507241, output OUT = 4231507721
# adder: input A = 00000000000000000000000111100000, input B = 11111100001101111010110100101001, output OUT = 11111100001101111010111100001001
# refmod: input A =         480, input B =   -63460055, output OUT =   -63459575
# refmod: input A = 00000000000000000000000111100000, input B = 11111100001101111010110100101001, output OUT = 11111100001101111010111100001001
# UVM_INFO @ 2055: uvm_test_top.env_h.comp [Comparator Match] 
# adder: input A =        757, input B = 2205243464, output OUT = 2205244221
# adder: input A = 00000000000000000000001011110101, input B = 10000011011100010101100001001000, output OUT = 10000011011100010101101100111101
# refmod: input A =         757, input B = -2089723832, output OUT = -2089723075
# refmod: input A = 00000000000000000000001011110101, input B = 10000011011100010101100001001000, output OUT = 10000011011100010101101100111101
# UVM_INFO @ 2085: uvm_test_top.env_h.comp [Comparator Match] 
# adder: input A =        689, input B = 4226466613, output OUT = 4226467302
# adder: input A = 00000000000000000000001010110001, input B = 11111011111010101100001100110101, output OUT = 11111011111010101100010111100110
# refmod: input A =         689, input B =   -68500683, output OUT =   -68499994
# refmod: input A = 00000000000000000000001010110001, input B = 11111011111010101100001100110101, output OUT = 11111011111010101100010111100110
# UVM_INFO @ 2115: uvm_test_top.env_h.comp [Comparator Match] 
# adder: input A =        738, input B = 3848147461, output OUT = 3848148199
# adder: input A = 00000000000000000000001011100010, input B = 11100101010111100001001000000101, output OUT = 11100101010111100001010011100111
# refmod: input A =         738, input B =  -446819835, output OUT =  -446819097
# refmod: input A = 00000000000000000000001011100010, input B = 11100101010111100001001000000101, output OUT = 11100101010111100001010011100111
# UVM_INFO @ 2145: uvm_test_top.env_h.comp [Comparator Match] 
# adder: input A =        462, input B = 3576830290, output OUT = 3576830752
# adder: input A = 00000000000000000000000111001110, input B = 11010101001100100001100101010010, output OUT = 11010101001100100001101100100000
# refmod: input A =         462, input B =  -718137006, output OUT =  -718136544
# refmod: input A = 00000000000000000000000111001110, input B = 11010101001100100001100101010010, output OUT = 11010101001100100001101100100000
# UVM_INFO @ 2175: uvm_test_top.env_h.comp [Comparator Match] 
# adder: input A =        473, input B = 4014403229, output OUT = 4014403702
# adder: input A = 00000000000000000000000111011001, input B = 11101111010001101110111010011101, output OUT = 11101111010001101111000001110110
# refmod: input A =         473, input B =  -280564067, output OUT =  -280563594
# refmod: input A = 00000000000000000000000111011001, input B = 11101111010001101110111010011101, output OUT = 11101111010001101111000001110110
# UVM_INFO @ 2205: uvm_test_top.env_h.comp [Comparator Match] 
# adder: input A =        380, input B = 3651218281, output OUT = 3651218661
# adder: input A = 00000000000000000000000101111100, input B = 11011001101000010010101101101001, output OUT = 11011001101000010010110011100101
# refmod: input A =         380, input B =  -643749015, output OUT =  -643748635
# refmod: input A = 00000000000000000000000101111100, input B = 11011001101000010010101101101001, output OUT = 11011001101000010010110011100101
# UVM_INFO @ 2235: uvm_test_top.env_h.comp [Comparator Match] 
# adder: input A =        742, input B = 3710385099, output OUT = 3710385841
# adder: input A = 00000000000000000000001011100110, input B = 11011101001001111111101111001011, output OUT = 11011101001001111111111010110001
# refmod: input A =         742, input B =  -584582197, output OUT =  -584581455
# refmod: input A = 00000000000000000000001011100110, input B = 11011101001001111111101111001011, output OUT = 11011101001001111111111010110001
# UVM_INFO @ 2265: uvm_test_top.env_h.comp [Comparator Match] 
# adder: input A =        696, input B = 3381212490, output OUT = 3381213186
# adder: input A = 00000000000000000000001010111000, input B = 11001001100010010011010101001010, output OUT = 11001001100010010011100000000010
# refmod: input A =         696, input B =  -913754806, output OUT =  -913754110
# refmod: input A = 00000000000000000000001010111000, input B = 11001001100010010011010101001010, output OUT = 11001001100010010011100000000010
# UVM_INFO @ 2295: uvm_test_top.env_h.comp [Comparator Match] 
# adder: input A =        140, input B = 3962413805, output OUT = 3962413945
# adder: input A = 00000000000000000000000010001100, input B = 11101100001011011010001011101101, output OUT = 11101100001011011010001101111001
# refmod: input A =         140, input B =  -332553491, output OUT =  -332553351
# refmod: input A = 00000000000000000000000010001100, input B = 11101100001011011010001011101101, output OUT = 11101100001011011010001101111001
# UVM_INFO @ 2325: uvm_test_top.env_h.comp [Comparator Match] 
# adder: input A =        396, input B = 3307922112, output OUT = 3307922508
# adder: input A = 00000000000000000000000110001100, input B = 11000101001010101110001011000000, output OUT = 11000101001010101110010001001100
# refmod: input A =         396, input B =  -987045184, output OUT =  -987044788
# refmod: input A = 00000000000000000000000110001100, input B = 11000101001010101110001011000000, output OUT = 11000101001010101110010001001100
# UVM_INFO @ 2355: uvm_test_top.env_h.comp [Comparator Match] 
# adder: input A =        731, input B = 4009066744, output OUT = 4009067475
# adder: input A = 00000000000000000000001011011011, input B = 11101110111101011000000011111000, output OUT = 11101110111101011000001111010011
# refmod: input A =         731, input B =  -285900552, output OUT =  -285899821
# refmod: input A = 00000000000000000000001011011011, input B = 11101110111101011000000011111000, output OUT = 11101110111101011000001111010011
# UVM_INFO @ 2385: uvm_test_top.env_h.comp [Comparator Match] 
# adder: input A =        657, input B = 3708933713, output OUT = 3708934370
# adder: input A = 00000000000000000000001010010001, input B = 11011101000100011101011001010001, output OUT = 11011101000100011101100011100010
# refmod: input A =         657, input B =  -586033583, output OUT =  -586032926
# refmod: input A = 00000000000000000000001010010001, input B = 11011101000100011101011001010001, output OUT = 11011101000100011101100011100010
# UVM_INFO @ 2415: uvm_test_top.env_h.comp [Comparator Match] 
# adder: input A =        906, input B = 2532870487, output OUT = 2532871393
# adder: input A = 00000000000000000000001110001010, input B = 10010110111110001000100101010111, output OUT = 10010110111110001000110011100001
# refmod: input A =         906, input B = -1762096809, output OUT = -1762095903
# refmod: input A = 00000000000000000000001110001010, input B = 10010110111110001000100101010111, output OUT = 10010110111110001000110011100001
# UVM_INFO @ 2445: uvm_test_top.env_h.comp [Comparator Match] 
# adder: input A =        243, input B = 3662514096, output OUT = 3662514339
# adder: input A = 00000000000000000000000011110011, input B = 11011010010011011000011110110000, output OUT = 11011010010011011000100010100011
# refmod: input A =         243, input B =  -632453200, output OUT =  -632452957
# refmod: input A = 00000000000000000000000011110011, input B = 11011010010011011000011110110000, output OUT = 11011010010011011000100010100011
# UVM_INFO @ 2475: uvm_test_top.env_h.comp [Comparator Match] 
# adder: input A =        427, input B = 2454493452, output OUT = 2454493879
# adder: input A = 00000000000000000000000110101011, input B = 10010010010011001001100100001100, output OUT = 10010010010011001001101010110111
# refmod: input A =         427, input B = -1840473844, output OUT = -1840473417
# refmod: input A = 00000000000000000000000110101011, input B = 10010010010011001001100100001100, output OUT = 10010010010011001001101010110111
# UVM_INFO @ 2505: uvm_test_top.env_h.comp [Comparator Match] 
# adder: input A =        335, input B = 2933821920, output OUT = 2933822255
# adder: input A = 00000000000000000000000101001111, input B = 10101110110111101001000111100000, output OUT = 10101110110111101001001100101111
# refmod: input A =         335, input B = -1361145376, output OUT = -1361145041
# refmod: input A = 00000000000000000000000101001111, input B = 10101110110111101001000111100000, output OUT = 10101110110111101001001100101111
# UVM_INFO @ 2535: uvm_test_top.env_h.comp [Comparator Match] 
# adder: input A =        840, input B = 3963303569, output OUT = 3963304409
# adder: input A = 00000000000000000000001101001000, input B = 11101100001110110011011010010001, output OUT = 11101100001110110011100111011001
# refmod: input A =         840, input B =  -331663727, output OUT =  -331662887
# refmod: input A = 00000000000000000000001101001000, input B = 11101100001110110011011010010001, output OUT = 11101100001110110011100111011001
# UVM_INFO @ 2565: uvm_test_top.env_h.comp [Comparator Match] 
# adder: input A =        314, input B = 2881544854, output OUT = 2881545168
# adder: input A = 00000000000000000000000100111010, input B = 10101011110000001110001010010110, output OUT = 10101011110000001110001111010000
# refmod: input A =         314, input B = -1413422442, output OUT = -1413422128
# refmod: input A = 00000000000000000000000100111010, input B = 10101011110000001110001010010110, output OUT = 10101011110000001110001111010000
# UVM_INFO @ 2595: uvm_test_top.env_h.comp [Comparator Match] 
# adder: input A =        741, input B = 3382579869, output OUT = 3382580610
# adder: input A = 00000000000000000000001011100101, input B = 11001001100111100001001010011101, output OUT = 11001001100111100001010110000010
# refmod: input A =         741, input B =  -912387427, output OUT =  -912386686
# refmod: input A = 00000000000000000000001011100101, input B = 11001001100111100001001010011101, output OUT = 11001001100111100001010110000010
# UVM_INFO @ 2625: uvm_test_top.env_h.comp [Comparator Match] 
# adder: input A =        156, input B = 3198982267, output OUT = 3198982423
# adder: input A = 00000000000000000000000010011100, input B = 10111110101011001001100001111011, output OUT = 10111110101011001001100100010111
# refmod: input A =         156, input B = -1095985029, output OUT = -1095984873
# refmod: input A = 00000000000000000000000010011100, input B = 10111110101011001001100001111011, output OUT = 10111110101011001001100100010111
# UVM_INFO @ 2655: uvm_test_top.env_h.comp [Comparator Match] 
# adder: input A =        764, input B = 3408391003, output OUT = 3408391767
# adder: input A = 00000000000000000000001011111100, input B = 11001011001001111110101101011011, output OUT = 11001011001001111110111001010111
# refmod: input A =         764, input B =  -886576293, output OUT =  -886575529
# refmod: input A = 00000000000000000000001011111100, input B = 11001011001001111110101101011011, output OUT = 11001011001001111110111001010111
# UVM_INFO @ 2685: uvm_test_top.env_h.comp [Comparator Match] 
# adder: input A =        633, input B = 2438679889, output OUT = 2438680522
# adder: input A = 00000000000000000000001001111001, input B = 10010001010110110100110101010001, output OUT = 10010001010110110100111111001010
# refmod: input A =         633, input B = -1856287407, output OUT = -1856286774
# refmod: input A = 00000000000000000000001001111001, input B = 10010001010110110100110101010001, output OUT = 10010001010110110100111111001010
# UVM_INFO @ 2715: uvm_test_top.env_h.comp [Comparator Match] 
# adder: input A =        354, input B = 2397410820, output OUT = 2397411174
# adder: input A = 00000000000000000000000101100010, input B = 10001110111001011001011000000100, output OUT = 10001110111001011001011101100110
# refmod: input A =         354, input B = -1897556476, output OUT = -1897556122
# refmod: input A = 00000000000000000000000101100010, input B = 10001110111001011001011000000100, output OUT = 10001110111001011001011101100110
# UVM_INFO @ 2745: uvm_test_top.env_h.comp [Comparator Match] 
# adder: input A =        395, input B = 2194558509, output OUT = 2194558904
# adder: input A = 00000000000000000000000110001011, input B = 10000010110011100100111000101101, output OUT = 10000010110011100100111110111000
# refmod: input A =         395, input B = -2100408787, output OUT = -2100408392
# refmod: input A = 00000000000000000000000110001011, input B = 10000010110011100100111000101101, output OUT = 10000010110011100100111110111000
# UVM_INFO @ 2775: uvm_test_top.env_h.comp [Comparator Match] 
# adder: input A =        639, input B = 2774791795, output OUT = 2774792434
# adder: input A = 00000000000000000000001001111111, input B = 10100101011000111111011001110011, output OUT = 10100101011000111111100011110010
# refmod: input A =         639, input B = -1520175501, output OUT = -1520174862
# refmod: input A = 00000000000000000000001001111111, input B = 10100101011000111111011001110011, output OUT = 10100101011000111111100011110010
# UVM_INFO @ 2805: uvm_test_top.env_h.comp [Comparator Match] 
# adder: input A =        150, input B = 4277003345, output OUT = 4277003495
# adder: input A = 00000000000000000000000010010110, input B = 11111110111011011110010001010001, output OUT = 11111110111011011110010011100111
# refmod: input A =         150, input B =   -17963951, output OUT =   -17963801
# refmod: input A = 00000000000000000000000010010110, input B = 11111110111011011110010001010001, output OUT = 11111110111011011110010011100111
# UVM_INFO @ 2835: uvm_test_top.env_h.comp [Comparator Match] 
# adder: input A =        519, input B = 2567538132, output OUT = 2567538651
# adder: input A = 00000000000000000000001000000111, input B = 10011001000010011000010111010100, output OUT = 10011001000010011000011111011011
# refmod: input A =         519, input B = -1727429164, output OUT = -1727428645
# refmod: input A = 00000000000000000000001000000111, input B = 10011001000010011000010111010100, output OUT = 10011001000010011000011111011011
# UVM_INFO @ 2865: uvm_test_top.env_h.comp [Comparator Match] 
# adder: input A =        957, input B = 2861230949, output OUT = 2861231906
# adder: input A = 00000000000000000000001110111101, input B = 10101010100010101110101101100101, output OUT = 10101010100010101110111100100010
# refmod: input A =         957, input B = -1433736347, output OUT = -1433735390
# refmod: input A = 00000000000000000000001110111101, input B = 10101010100010101110101101100101, output OUT = 10101010100010101110111100100010
# UVM_INFO @ 2895: uvm_test_top.env_h.comp [Comparator Match] 
# adder: input A =        287, input B = 2914802911, output OUT = 2914803198
# adder: input A = 00000000000000000000000100011111, input B = 10101101101111000101110011011111, output OUT = 10101101101111000101110111111110
# refmod: input A =         287, input B = -1380164385, output OUT = -1380164098
# refmod: input A = 00000000000000000000000100011111, input B = 10101101101111000101110011011111, output OUT = 10101101101111000101110111111110
# UVM_INFO @ 2925: uvm_test_top.env_h.comp [Comparator Match] 
# adder: input A =        604, input B = 2214544381, output OUT = 2214544985
# adder: input A = 00000000000000000000001001011100, input B = 10000011111111110100001111111101, output OUT = 10000011111111110100011001011001
# refmod: input A =         604, input B = -2080422915, output OUT = -2080422311
# refmod: input A = 00000000000000000000001001011100, input B = 10000011111111110100001111111101, output OUT = 10000011111111110100011001011001
# UVM_INFO @ 2955: uvm_test_top.env_h.comp [Comparator Match] 
# adder: input A =        967, input B = 4217520478, output OUT = 4217521445
# adder: input A = 00000000000000000000001111000111, input B = 11111011011000100100000101011110, output OUT = 11111011011000100100010100100101
# refmod: input A =         967, input B =   -77446818, output OUT =   -77445851
# refmod: input A = 00000000000000000000001111000111, input B = 11111011011000100100000101011110, output OUT = 11111011011000100100010100100101
# UVM_INFO @ 2985: uvm_test_top.env_h.comp [Comparator Match] 
# adder: input A =        839, input B = 3814156583, output OUT = 3814157422
# adder: input A = 00000000000000000000001101000111, input B = 11100011010101110110100100100111, output OUT = 11100011010101110110110001101110
# refmod: input A =         839, input B =  -480810713, output OUT =  -480809874
# refmod: input A = 00000000000000000000001101000111, input B = 11100011010101110110100100100111, output OUT = 11100011010101110110110001101110
# UVM_INFO @ 3015: uvm_test_top.env_h.comp [Comparator Match] 
# adder: input A =        531, input B = 2697756308, output OUT = 2697756839
# adder: input A = 00000000000000000000001000010011, input B = 10100000110011000111111010010100, output OUT = 10100000110011001000000010100111
# refmod: input A =         531, input B = -1597210988, output OUT = -1597210457
# refmod: input A = 00000000000000000000001000010011, input B = 10100000110011000111111010010100, output OUT = 10100000110011001000000010100111
# UVM_INFO @ 3045: uvm_test_top.env_h.comp [Comparator Match] 
# UVM_INFO verilog_src/uvm-1.1d/src/base/uvm_objection.svh(1267) @ 3045: reporter [TEST_DONE] 'run' phase is ready to proceed to the 'extract' phase
# UVM_INFO ../tb/env.sv(42) @ 3045: uvm_test_top.env_h [env] Reporting matched 101
# 
# --- UVM Report Summary ---
# 
# ** Report counts by severity
# UVM_INFO :  106
# UVM_WARNING :    0
# UVM_ERROR :    0
# UVM_FATAL :    0
# ** Report counts by id
# [Comparator Match]   101
# [Questa UVM]     2
# [RNTST]     1
# [TEST_DONE]     1
# [env]     1
# ** Note: $finish    : /software/mentor/questa10.7c/questasim/linux_x86_64/../verilog_src/uvm-1.1d/src/base/uvm_root.svh(430)
#    Time: 3045 ns  Iteration: 58  Instance: /top
# End time: 19:31:11 on Mar 18,2021, Elapsed time: 0:00:33
