*----------------------------------------------------------------------------------------
*	Innovus 17.11-s080_1 (64bit) 08/04/2017 11:13 (Linux 2.6.18-194.el5)
*	
*
* 	Date & Time:	2020-Oct-25 11:02:38 (2020-Oct-25 10:02:38 GMT)
*
*----------------------------------------------------------------------------------------
*
*	Design: IIRFilter
*
*	Liberty Libraries used: 
*	        MyAnView: /home/isa12/Desktop/ISA/lab1/project/innovus/IIRFilter_design.enc.dat/libs/mmmc/NangateOpenCellLibrary_typical_ecsm_nowlm.lib
*
*	Power Domain used: 
*		Rail:        VDD 	Voltage:        1.1 
*
*       Power View : MyAnView
*
*       User-Defined Activity : N.A.
*
*	Switching Activity File used: 
*	        ../vcd/design.vcd
*			Vcd Window used(Start Time, Stop Time):(3.1361e+26, 3.1361e+26) 
*                     Vcd Scale Factor: 1 
**                    Design annotation coverage: 0/582 = 0% 
*
*       Hierarchical Global Activity: N.A.
*
*       Global Activity: N.A.
*
*       Sequential Element Activity: N.A.
*
*       Primary Input Activity: 0.200000
*
*       Default icg ratio: N.A.
*
*       Global Comb ClockGate Ratio: N.A.
*
*	Power Units = 1mW
*
*	Time Units = 1e-09 secs 
*
*       Temperature = 25 
*
*       report_power -outfile .//IIRFilter.rpt -rail_analysis_format VS
*
-----------------------------------------------------------------------------------------
Cell                            Internal   Switching       Total     Leakage   Cell
                                   Power       Power       Power       Power   Name
--------------------------------------------------------------------------------------
comp_dp_comp_sum1_add_1_root_add_27_2_U1_1   0.001069    0.002894    0.004028   6.514e-05  FA_X1
comp_dp_comp_sum1_add_1_root_add_27_2_U1_3   0.001171    0.002537    0.003773   6.628e-05  FA_X1
comp_dp_w1_reg_3_               0.001325    0.002061    0.003464   7.866e-05  DFF_X1
comp_dp_comp_sum1_add_1_root_add_27_2_U1_5   0.001256    0.001941    0.003264   6.667e-05  FA_X1
comp_dp_comp_mul_b0_mult_31_U156  0.0005868    0.002465    0.003088   3.644e-05  XNOR2_X1
FE_OFC2_comp_dp_w1_1           0.0003616    0.002656    0.003042   2.461e-05  CLKBUF_X2
comp_dp_comp_sum1_add_1_root_add_27_2_U1_7   0.001117    0.001755    0.002939   6.695e-05  FA_X1
comp_dp_comp_mul_b0_mult_31_U157  0.0005867    0.002299    0.002922   3.642e-05  XNOR2_X1
comp_dp_w1_reg_5_               0.001324    0.001178     0.00258   7.866e-05  DFF_X1
comp_dp_w1_reg_7_               0.001323    0.001141    0.002542   7.867e-05  DFF_X1
comp_dp_comp_mul_b0_mult_31_U17   0.001436    0.001014    0.002525   7.519e-05  FA_X1
comp_dp_comp_mul_b0_mult_31_U29   0.001429    0.001018    0.002514   6.693e-05  FA_X1
comp_dp_comp_mul_b1_mult_31_U17   0.001437       0.001    0.002512   7.414e-05  FA_X1
comp_dp_comp_mul_a1_mult_31_U17   0.001437   0.0009803    0.002491   7.437e-05  FA_X1
comp_dp_comp_mul_b0_mult_31_U250  0.0005872    0.001844    0.002468   3.654e-05  XNOR2_X1
comp_dp_comp_mul_b0_mult_31_U19   0.001428   0.0009656    0.002464   7.049e-05  FA_X1
comp_dp_comp_mul_b0_mult_31_U28   0.001427    0.000964    0.002459   6.731e-05  FA_X1
comp_dp_comp_mul_b1_mult_31_U19   0.001422   0.0009642    0.002454   6.763e-05  FA_X1
comp_dp_comp_mul_b1_mult_31_U21    0.00143   0.0009543    0.002453   6.871e-05  FA_X1
comp_dp_comp_mul_b0_mult_31_U31   0.001423   0.0009682    0.002453   6.227e-05  FA_X1
comp_dp_comp_mul_a1_mult_31_U6   0.001439    0.000941    0.002453   7.293e-05  FA_X1
comp_dp_comp_mul_b0_mult_31_U9   0.001441   0.0009384    0.002447   6.811e-05  FA_X1
comp_dp_comp_mul_b1_mult_31_U24   0.001436   0.0009381    0.002445   7.027e-05  FA_X1
comp_dp_comp_sum1_add_1_root_add_27_2_U1_6    0.00126     0.00111    0.002437   6.673e-05  FA_X1
comp_dp_comp_mul_b0_mult_31_U24   0.001431   0.0009321    0.002435    7.15e-05  FA_X1
comp_dp_comp_mul_a1_mult_31_U21   0.001429   0.0009348    0.002432   6.838e-05  FA_X1
comp_dp_comp_mul_b0_mult_31_U25   0.001451   0.0009096    0.002432   7.164e-05  FA_X1
comp_dp_comp_mul_b0_mult_31_U21   0.001433   0.0009231    0.002428   7.179e-05  FA_X1
comp_dp_comp_mul_a1_mult_31_U19   0.001421   0.0009368    0.002426   6.796e-05  FA_X1
comp_dp_comp_mul_b0_mult_31_U8   0.001431   0.0009261    0.002424   6.626e-05  FA_X1
comp_dp_comp_mul_b1_mult_31_U7   0.001433   0.0009029      0.0024   6.342e-05  FA_X1
comp_dp_comp_mul_b1_mult_31_U28    0.00138   0.0009555    0.002397   6.153e-05  FA_X1
comp_dp_comp_mul_b1_mult_31_U6   0.001436   0.0008873    0.002395   7.165e-05  FA_X1
comp_dp_comp_mul_b0_mult_31_U5   0.001433   0.0008738    0.002379   7.282e-05  FA_X1
comp_dp_comp_mul_b1_mult_31_U4   0.001432   0.0008654    0.002368   7.099e-05  FA_X1
comp_dp_comp_mul_a1_mult_31_U4   0.001431   0.0008645    0.002367   7.133e-05  FA_X1
comp_dp_comp_mul_b1_mult_31_U3   0.001433   0.0008575    0.002364   7.366e-05  FA_X1
comp_dp_comp_mul_b0_mult_31_U22   0.001425   0.0008691    0.002364    7.02e-05  FA_X1
comp_dp_comp_mul_b0_mult_31_U32    0.00142   0.0008748     0.00236   6.481e-05  FA_X1
comp_dp_comp_mul_b1_mult_31_U5   0.001432   0.0008542    0.002357   7.101e-05  FA_X1
comp_dp_comp_mul_a1_mult_31_U5    0.00143   0.0008536    0.002355   7.121e-05  FA_X1
comp_dp_comp_mul_b0_mult_31_U4    0.00143   0.0008502    0.002353   7.237e-05  FA_X1
comp_dp_comp_mul_b0_mult_31_U254   0.000307    0.002024    0.002348   1.739e-05  NAND2_X1
comp_dp_comp_mul_b0_mult_31_U7   0.001431   0.0008445    0.002345   6.875e-05  FA_X1
comp_dp_comp_mul_b1_mult_31_U9    0.00133   0.0009512    0.002343   6.192e-05  FA_X1
comp_dp_comp_mul_b0_mult_31_U6   0.001432   0.0008343    0.002339   7.207e-05  FA_X1
comp_dp_comp_sum1_add_1_root_add_27_2_U1_4   0.001199    0.001072    0.002338   6.651e-05  FA_X1
comp_dp_comp_mul_b1_mult_31_U8   0.001354    0.000902    0.002318   6.181e-05  FA_X1
comp_dp_comp_mul_b0_mult_31_U16   0.001426   0.0008175    0.002314   7.051e-05  FA_X1
comp_dp_comp_mul_a1_mult_31_U24   0.001326   0.0008922    0.002289   7.093e-05  FA_X1
comp_dp_comp_mul_a1_mult_31_U3    0.00143   0.0007533    0.002257   7.384e-05  FA_X1
comp_dp_comp_mul_b0_mult_31_U33   0.001422   0.0007628    0.002253   6.766e-05  FA_X1
comp_dp_comp_mul_b0_mult_31_U3    0.00143   0.0007481    0.002253    7.43e-05  FA_X1
FE_DBTC2_comp_dp_w1_5          8.688e-05    0.002128    0.002227   1.198e-05  INV_X1
comp_dp_comp_mul_b0_mult_31_U20   0.001423   0.0007125    0.002206   7.051e-05  FA_X1
comp_dp_comp_mul_b0_mult_31_U158  0.0001943    0.001941     0.00215   1.437e-05  INV_X1
comp_dp_comp_mul_b0_mult_31_U243  0.0003046    0.001824    0.002146   1.739e-05  NAND2_X1
comp_dp_comp_mul_b0_mult_31_U159  0.0001945    0.001931     0.00214   1.439e-05  INV_X1
comp_dp_comp_mul_b0_mult_31_U35   0.001416   0.0006549    0.002136   6.481e-05  FA_X1
comp_dp_comp_mul_a1_mult_31_U28   0.001224   0.0008415    0.002127   6.103e-05  FA_X1
comp_dp_comp_mul_a1_mult_31_U22   0.001265   0.0007864    0.002119   6.769e-05  FA_X1
comp_dp_comp_mul_a1_mult_31_U7   0.001242   0.0008123    0.002116   6.207e-05  FA_X1
comp_dp_comp_mul_b1_mult_31_U22   0.001264   0.0007606    0.002092   6.746e-05  FA_X1
comp_dp_comp_mul_b1_mult_31_U25   0.001263   0.0007442     0.00208    7.21e-05  FA_X1
comp_dp_comp_sum1_add_1_root_add_27_2_U1_2   0.001044   0.0009632    0.002073   6.583e-05  FA_X1
comp_dp_comp_mul_a1_mult_31_U25    0.00125   0.0007407    0.002063   7.226e-05  FA_X1
comp_dp_comp_sum2_add_1_root_add_27_2_U1_3   0.001421   0.0005519    0.002048    7.51e-05  FA_X1
comp_dp_comp_mul_a1_mult_31_U16   0.001264    0.000697    0.002029   6.787e-05  FA_X1
comp_dp_comp_sum2_add_1_root_add_27_2_U1_4   0.001419   0.0005321    0.002027   7.545e-05  FA_X1
comp_dp_comp_sum2_add_1_root_add_27_2_U1_1   0.001422   0.0005255    0.002021   7.311e-05  FA_X1
comp_dp_comp_sum2_add_1_root_add_27_2_U1_5   0.001419    0.000526     0.00202   7.569e-05  FA_X1
comp_dp_comp_mul_b1_mult_31_U16   0.001264   0.0006855    0.002017   6.764e-05  FA_X1
comp_dp_comp_mul_b0_mult_31_U164  0.0001907    0.001811    0.002016   1.415e-05  INV_X1
comp_dp_comp_sum2_add_1_root_add_27_2_U1_0   0.001419     0.00052     0.00201   7.065e-05  FA_X1
comp_dp_comp_sum2_add_1_root_add_27_2_U1_2    0.00142   0.0005101    0.002004   7.426e-05  FA_X1
comp_dp_comp_mul_a1_mult_31_U33   0.001283   0.0006558       0.002   6.125e-05  FA_X1
comp_dp_comp_mul_a1_mult_31_U20   0.001265   0.0006619    0.001995   6.783e-05  FA_X1
comp_dp_w1_reg_2_               0.001323    0.000581    0.001983   7.864e-05  DFF_X1
comp_dp_comp_mul_b1_mult_31_U31   0.001123   0.0007864    0.001968   5.869e-05  FA_X1
comp_dp_comp_mul_b1_mult_31_U20   0.001264   0.0006325    0.001965   6.783e-05  FA_X1
comp_dp_comp_mul_a1_mult_31_U8   0.001148   0.0007494    0.001958   6.081e-05  FA_X1
FE_OFC1_comp_dp_comp_mul_b1_mult_31_n242  0.0004506    0.001457    0.001929   2.199e-05  CLKBUF_X2
comp_dp_comp_mul_b1_mult_31_U29   0.001147   0.0007185    0.001926   6.082e-05  FA_X1
comp_dp_comp_mul_b1_mult_31_U33    0.00128   0.0005742    0.001916   6.125e-05  FA_X1
comp_dp_comp_mul_a1_mult_31_U29   0.001146   0.0006995    0.001906   6.082e-05  FA_X1
FE_OFC0_comp_dp_comp_mul_a1_mult_31_n242  0.0004501     0.00141    0.001882   2.199e-05  CLKBUF_X2
FE_DBTC3_comp_dp_w1_7          8.709e-05    0.001778    0.001877   1.199e-05  INV_X1
comp_dp_comp_mul_b0_mult_31_U200  0.0002866    0.001562    0.001866   1.796e-05  NAND2_X1
comp_dp_w1_reg_6_               0.001319   0.0004336    0.001831   7.866e-05  DFF_X1
comp_dp_w1_reg_4_               0.001319   0.0004214    0.001819   7.866e-05  DFF_X1
FE_DBTC0_comp_dp_w1_0          8.711e-05    0.001702    0.001801   1.189e-05  INV_X1
comp_dp_comp_mul_a1_mult_31_U9    0.00103   0.0006922    0.001784   6.163e-05  FA_X1
comp_dp_comp_mul_b0_mult_31_U30  0.0009955   0.0006739    0.001726   5.615e-05  HA_X1
comp_dp_comp_mul_b0_mult_31_U34  0.0009942   0.0006654    0.001716   5.615e-05  HA_X1
comp_dp_comp_mul_b0_mult_31_U185  0.0006125    0.001064    0.001713   3.648e-05  XNOR2_X1
comp_dp_comp_mul_a1_mult_31_U31  0.0009783   0.0006684    0.001705   5.839e-05  FA_X1
comp_dp_comp_mul_b0_mult_31_U160  0.0002057    0.001484    0.001704   1.435e-05  INV_X1
comp_dp_DOUT_reg_3_             0.001281   0.0003088    0.001669   7.911e-05  DFF_X1
comp_dp_DOUT_reg_1_             0.001281    0.000302    0.001662   7.911e-05  DFF_X1
comp_dp_comp_mul_b1_mult_31_U32  0.0009892   0.0006055    0.001654   5.879e-05  FA_X1
comp_dp_comp_sum2_add_1_root_add_27_2_U1_6   0.001412   0.0001657    0.001653   7.577e-05  FA_X1
comp_dp_comp_mul_b0_mult_31_U248  0.0002992    0.001332    0.001648   1.739e-05  NAND2_X1
comp_dp_DOUT_reg_4_              0.00128   0.0002854    0.001644   7.911e-05  DFF_X1
comp_dp_DOUT_reg_2_              0.00128   0.0002792    0.001638   7.911e-05  DFF_X1
comp_dp_DOUT_reg_5_             0.001279   0.0002703    0.001629   7.911e-05  DFF_X1
comp_dp_DOUT_reg_6_             0.001279    0.000255    0.001613   7.911e-05  DFF_X1
comp_dp_DOUT_reg_7_             0.001279   0.0002518     0.00161   7.911e-05  DFF_X1
comp_dp_comp_mul_b0_mult_31_U36    0.00102   0.0005146     0.00159   5.595e-05  HA_X1
comp_dp_comp_mul_b1_mult_31_U163  0.0002632    0.001277    0.001579   3.821e-05  XNOR2_X1
comp_dp_comp_mul_b1_mult_31_U35  0.0009883   0.0005011    0.001548   5.879e-05  FA_X1
comp_dp_comp_mul_a1_mult_31_U35   0.000988   0.0004922    0.001539   5.879e-05  FA_X1
comp_dp_comp_mul_a1_mult_31_U243  0.0002633    0.001225    0.001527   3.821e-05  XNOR2_X1
comp_dp_comp_mul_b0_mult_31_U256    0.00062   0.0008605    0.001517   3.613e-05  XOR2_X1
comp_dp_comp_sum1_add_1_root_add_27_2_U1_0  0.0008817   0.0005699    0.001515   6.387e-05  FA_X1
comp_dp_w1_reg_0_               0.001318   0.0001149    0.001512   7.859e-05  DFF_X1
comp_dp_comp_mul_b0_mult_31_U251   0.000624   0.0008461    0.001506   3.616e-05  XOR2_X1
FE_DBTC1_comp_dp_w1_3          9.821e-05     0.00139      0.0015   1.198e-05  INV_X1
comp_dp_w1_reg_1_               0.001312   7.814e-05    0.001469   7.862e-05  DFF_X1
comp_dp_comp_mul_a1_mult_31_U249  0.0002644    0.001048     0.00135    3.82e-05  XNOR2_X1
comp_dp_comp_mul_b1_mult_31_U253  0.0001644    0.001166    0.001344   1.388e-05  NAND2_X1
comp_dp_comp_mul_b1_mult_31_U249  0.0002645    0.001031    0.001334    3.82e-05  XNOR2_X1
comp_dp_comp_mul_a1_mult_31_U30  0.0007783   0.0004931    0.001325   5.392e-05  HA_X1
comp_dp_comp_mul_a1_mult_31_U253  0.0001644    0.001144    0.001323   1.388e-05  NAND2_X1
comp_dp_comp_mul_b1_mult_31_U30  0.0007835   0.0004833     0.00132   5.365e-05  HA_X1
comp_dp_comp_mul_b1_mult_31_U34  0.0007849   0.0004369    0.001276   5.389e-05  HA_X1
comp_dp_comp_mul_b0_mult_31_U252  0.0004953   0.0007208    0.001251    3.49e-05  OAI22_X1
comp_dp_comp_mul_a1_mult_31_U34   0.000782   0.0003911    0.001227   5.389e-05  HA_X1
comp_dp_comp_mul_b0_mult_31_U239  0.0004868   0.0006943    0.001208   2.677e-05  AOI22_X1
comp_dp_comp_mul_b0_mult_31_U246  0.0004883   0.0006881    0.001203   2.677e-05  AOI22_X1
comp_dp_comp_mul_b0_mult_31_U190  0.0005679   0.0005467    0.001178   6.374e-05  OAI222_X1
comp_dp_comp_mul_a1_mult_31_U36   0.000814   0.0003082    0.001174   5.136e-05  HA_X1
comp_dp_comp_mul_b0_mult_31_U155  0.0002566   0.0008947    0.001166   1.435e-05  INV_X1
comp_dp_comp_mul_a1_mult_31_U32  0.0006908   0.0004159    0.001166   5.879e-05  FA_X1
comp_dp_comp_mul_b1_mult_31_U242  0.0001689   0.0009647    0.001147   1.295e-05  NAND2_X1
comp_dp_comp_mul_b0_mult_31_U152  0.0002106    0.000904    0.001131   1.648e-05  INV_X1
comp_dp_comp_mul_b0_mult_31_U179  0.0006134   0.0004766    0.001126   3.648e-05  XNOR2_X1
comp_dp_comp_mul_b0_mult_31_U232  0.0006162   0.0004702    0.001122   3.606e-05  XOR2_X1
comp_dp_comp_mul_b0_mult_31_U192  0.0005929   0.0004642    0.001122    6.51e-05  OAI222_X1
comp_dp_comp_mul_b1_mult_31_U36  0.0007743   0.0002959    0.001122   5.137e-05  HA_X1
comp_dp_comp_mul_b0_mult_31_U216  0.0006159   0.0004689    0.001121   3.613e-05  XOR2_X1
comp_dp_comp_mul_b0_mult_31_U199  0.0006134   0.0004648    0.001115   3.648e-05  XNOR2_X1
comp_dp_comp_mul_b0_mult_31_U245  0.0006162   0.0004621    0.001115   3.627e-05  XOR2_X1
comp_dp_comp_mul_b0_mult_31_U240  0.0006154   0.0004567    0.001108   3.616e-05  XOR2_X1
comp_dp_comp_mul_b0_mult_31_U204  0.0006153   0.0004527    0.001104   3.616e-05  XOR2_X1
comp_dp_comp_mul_b0_mult_31_U214  0.0006157   0.0004519    0.001104   3.613e-05  XOR2_X1
comp_dp_comp_mul_b0_mult_31_U227  0.0006159   0.0004508    0.001103   3.606e-05  XOR2_X1
comp_dp_comp_mul_b0_mult_31_U189  0.0006204   0.0004433      0.0011   3.616e-05  XOR2_X1
comp_dp_comp_mul_b0_mult_31_U181  0.0006135   0.0004485    0.001098   3.648e-05  XNOR2_X1
comp_dp_comp_mul_b0_mult_31_U237  0.0005959   0.0004597    0.001095   3.893e-05  XOR2_X1
comp_dp_comp_mul_b0_mult_31_U212  0.0006159   0.0004384     0.00109    3.62e-05  XOR2_X1
comp_dp_comp_mul_b0_mult_31_U206  0.0006152    0.000439     0.00109   3.616e-05  XOR2_X1
comp_dp_comp_mul_b0_mult_31_U218  0.0006155   0.0004387     0.00109   3.613e-05  XOR2_X1
comp_dp_comp_mul_b0_mult_31_U202  0.0006152   0.0004388     0.00109   3.616e-05  XOR2_X1
comp_dp_comp_mul_b0_mult_31_U177  0.0006135   0.0004359    0.001086   3.648e-05  XNOR2_X1
comp_dp_comp_mul_b0_mult_31_U242  0.0006156   0.0004313    0.001083   3.606e-05  XOR2_X1
comp_dp_comp_mul_b0_mult_31_U180  0.0004798   0.0005639    0.001079   3.536e-05  OAI22_X1
comp_dp_comp_mul_b0_mult_31_U229  0.0006155   0.0004231    0.001075   3.606e-05  XOR2_X1
comp_dp_comp_mul_b0_mult_31_U220  0.0006153   0.0004197    0.001071   3.613e-05  XOR2_X1
comp_dp_comp_mul_b0_mult_31_U219  0.0004964   0.0005365    0.001068    3.49e-05  OAI22_X1
comp_dp_comp_mul_a1_mult_31_U241  0.0001551   0.0008909    0.001059   1.295e-05  NAND2_X1
comp_dp_comp_mul_b0_mult_31_U231  0.0006011     0.00042    0.001058   3.643e-05  XNOR2_X1
comp_dp_comp_mul_b0_mult_31_U191  0.0005557   0.0004609     0.00105   3.378e-05  AOI222_X1
comp_dp_comp_mul_b0_mult_31_U217  0.0004965   0.0005121    0.001043    3.49e-05  OAI22_X1
comp_dp_comp_mul_b0_mult_31_U241  0.0004932   0.0005143    0.001042    3.49e-05  OAI22_X1
comp_dp_comp_mul_b0_mult_31_U201   0.000487   0.0005145    0.001036    3.49e-05  OAI22_X1
comp_dp_comp_mul_b1_mult_31_U171  0.0006573   0.0003433    0.001034   3.287e-05  XOR2_X1
comp_dp_comp_mul_b0_mult_31_U225  0.0004932   0.0005024    0.001031    3.49e-05  OAI22_X1
comp_dp_comp_mul_b0_mult_31_U213  0.0004967   0.0004856    0.001017    3.49e-05  OAI22_X1
comp_dp_comp_mul_b0_mult_31_U178  0.0004771   0.0005046    0.001017   3.536e-05  OAI22_X1
comp_dp_comp_mul_b0_mult_31_U230  0.0004927   0.0004885    0.001016    3.49e-05  OAI22_X1
comp_dp_comp_mul_a1_mult_31_U170  0.0006537   0.0003285    0.001015   3.301e-05  XOR2_X1
comp_dp_comp_mul_b0_mult_31_U172  0.0006313   0.0003487    0.001014   3.441e-05  XOR2_X1
comp_dp_comp_mul_b0_mult_31_U228  0.0004933   0.0004851    0.001013    3.49e-05  OAI22_X1
comp_dp_comp_mul_a1_mult_31_U169  0.0005321   0.0004422    0.001013   3.891e-05  XNOR2_X1
comp_dp_comp_mul_b0_mult_31_U215  0.0004969   0.0004764    0.001008    3.49e-05  OAI22_X1
comp_dp_comp_mul_b0_mult_31_U211  0.0004969   0.0004736    0.001005    3.49e-05  OAI22_X1
comp_dp_comp_mul_b0_mult_31_U176  0.0004769   0.0004883    0.001001   3.536e-05  OAI22_X1
comp_dp_comp_mul_b0_mult_31_U226  0.0004935   0.0004713   0.0009998    3.49e-05  OAI22_X1
comp_dp_comp_mul_b0_mult_31_U182  0.0004826   0.0004668   0.0009847   3.536e-05  OAI22_X1
comp_dp_comp_mul_b1_mult_31_U236    0.00053   0.0004076   0.0009778   4.008e-05  XOR2_X1
comp_dp_comp_mul_b0_mult_31_U186  0.0004866   0.0004558   0.0009773    3.49e-05  OAI22_X1
comp_dp_comp_mul_b0_mult_31_U209  0.0004968   0.0004413   0.0009729    3.49e-05  OAI22_X1
comp_dp_comp_mul_b0_mult_31_U198  0.0004983   0.0004386   0.0009723   3.536e-05  OAI22_X1
comp_dp_comp_mul_b0_mult_31_U223  0.0004933   0.0004403   0.0009685    3.49e-05  OAI22_X1
comp_dp_comp_mul_b0_mult_31_U175  0.0004766   0.0004439   0.0009559   3.536e-05  OAI22_X1
comp_dp_comp_mul_a1_mult_31_U247  0.0001736   0.0007625   0.0009499   1.384e-05  NAND2_X1
comp_dp_comp_mul_b0_mult_31_U203  0.0004873   0.0004224   0.0009446    3.49e-05  OAI22_X1
comp_dp_comp_mul_b1_mult_31_U247  0.0001733   0.0007413   0.0009285   1.384e-05  NAND2_X1
comp_dp_comp_mul_b0_mult_31_U187  0.0006177   0.0002372    0.000891   3.616e-05  XOR2_X1
comp_dp_comp_mul_b0_mult_31_U205  0.0004874   0.0003583   0.0008806    3.49e-05  OAI22_X1
comp_dp_comp_mul_b0_mult_31_U188  0.0004875   0.0003568   0.0008792    3.49e-05  OAI22_X1
comp_dp_comp_mul_b0_mult_31_U193  0.0004043   0.0004502   0.0008749   2.041e-05  AOI21_X1
comp_dp_comp_mul_b0_mult_31_U249  0.0006047   0.0002341   0.0008749   3.602e-05  XOR2_X1
comp_dp_comp_mul_b0_mult_31_U174  0.0006111   0.0002266   0.0008738   3.606e-05  XOR2_X1
comp_dp_comp_mul_b0_mult_31_U210  0.0006114   0.0002205   0.0008681    3.62e-05  XOR2_X1
comp_dp_comp_mul_b0_mult_31_U224  0.0006115   0.0002201   0.0008679   3.627e-05  XOR2_X1
comp_dp_comp_mul_a1_mult_31_U198  0.0001352   0.0007093   0.0008669   2.246e-05  NAND2_X1
comp_dp_comp_mul_b0_mult_31_U244  0.0005967    0.000228   0.0008609   3.621e-05  XOR2_X1
comp_dp_comp_mul_b0_mult_31_U235  0.0004021   0.0004216   0.0008596   3.585e-05  OAI21_X1
comp_dp_comp_mul_a1_mult_31_U245  0.0003323   0.0005007   0.0008583   2.528e-05  AOI22_X1
comp_dp_comp_mul_a1_mult_31_U251  0.0003284   0.0004911    0.000858   3.845e-05  OAI22_X1
comp_dp_comp_mul_b1_mult_31_U199  0.0001355    0.000697   0.0008549   2.246e-05  NAND2_X1
comp_dp_comp_mul_b0_mult_31_U233  0.0004013   0.0004129   0.0008502   3.591e-05  OAI21_X1
comp_dp_comp_mul_b0_mult_31_U255   0.000597   0.0002136   0.0008468   3.617e-05  XOR2_X1
comp_dp_comp_mul_b1_mult_31_U251  0.0003286   0.0004701   0.0008372   3.845e-05  OAI22_X1
comp_cu_present_state_reg_0_   0.0006304   0.0001266   0.0008357   7.871e-05  DFF_X1
comp_dp_comp_mul_a1_mult_31_U235   0.000454   0.0003392   0.0008332   3.995e-05  XOR2_X1
FE_RC_5_0                       0.000377   0.0004256   0.0008247   2.207e-05  OAI21_X1
comp_dp_comp_mul_b1_mult_31_U245  0.0003318   0.0004596   0.0008166   2.528e-05  AOI22_X1
comp_dp_comp_mul_a1_mult_31_U237  0.0003312   0.0004572   0.0008137   2.528e-05  AOI22_X1
comp_dp_comp_mul_b1_mult_31_U238  0.0003309   0.0004362   0.0007924   2.528e-05  AOI22_X1
comp_dp_comp_mul_b0_mult_31_U173  0.0004375   0.0003096   0.0007865   3.942e-05  OAI22_X1
comp_dp_comp_mul_b1_mult_31_U240    0.00034   0.0004056   0.0007841   3.851e-05  OAI22_X1
comp_cu_present_state_reg_1_    0.000589   0.0001038   0.0007716    7.88e-05  DFF_X1
comp_cu_present_state_reg_2_   0.0006552   3.672e-05   0.0007686   7.669e-05  DFF_X1
comp_dp_comp_mul_b0_mult_31_U238  0.0002765    0.000465   0.0007644   2.295e-05  NAND2_X1
comp_dp_comp_mul_b1_mult_31_U208  0.0003282   0.0003915   0.0007581   3.845e-05  OAI22_X1
comp_dp_comp_mul_a1_mult_31_U228  0.0003377   0.0003816   0.0007577   3.843e-05  OAI22_X1
comp_dp_comp_mul_a1_mult_31_U221  0.0003377   0.0003715   0.0007476   3.843e-05  OAI22_X1
comp_dp_comp_mul_b1_mult_31_U222  0.0003402   0.0003689   0.0007476   3.851e-05  OAI22_X1
comp_dp_comp_mul_b1_mult_31_U224  0.0003404   0.0003679   0.0007468   3.851e-05  OAI22_X1
comp_dp_comp_mul_b1_mult_31_U254  0.0004246   0.0002913   0.0007459   2.997e-05  XOR2_X1
comp_dp_comp_mul_b1_mult_31_U229  0.0003404   0.0003646   0.0007435   3.851e-05  OAI22_X1
comp_dp_comp_mul_b1_mult_31_U212  0.0003285    0.000375   0.0007419   3.845e-05  OAI22_X1
comp_dp_comp_mul_a1_mult_31_U199  0.0003336   0.0003677   0.0007399   3.854e-05  OAI22_X1
comp_dp_comp_mul_a1_mult_31_U223   0.000338   0.0003614   0.0007379   3.843e-05  OAI22_X1
comp_dp_comp_mul_b0_mult_31_U165  0.0002226     0.00049   0.0007257   1.303e-05  INV_X1
comp_dp_comp_mul_b1_mult_31_U200  0.0003334   0.0003534   0.0007253   3.854e-05  OAI22_X1
comp_dp_comp_mul_b1_mult_31_U225  0.0003407   0.0003439   0.0007231   3.851e-05  OAI22_X1
comp_dp_comp_mul_b1_mult_31_U218  0.0003284   0.0003539   0.0007208   3.845e-05  OAI22_X1
comp_dp_comp_mul_b0_mult_31_U184  0.0004202   0.0002609   0.0007205   3.944e-05  OAI22_X1
comp_dp_comp_mul_b1_mult_31_U210  0.0003283   0.0003522   0.0007189   3.845e-05  OAI22_X1
comp_dp_comp_mul_a1_mult_31_U226  0.0003381   0.0003418   0.0007184   3.843e-05  OAI22_X1
comp_dp_comp_mul_a1_mult_31_U224  0.0003382   0.0003412   0.0007178   3.843e-05  OAI22_X1
comp_dp_comp_mul_b1_mult_31_U227  0.0003407   0.0003384   0.0007176   3.851e-05  OAI22_X1
comp_dp_comp_mul_a1_mult_31_U211  0.0003282   0.0003483   0.0007149   3.845e-05  OAI22_X1
comp_dp_comp_mul_a1_mult_31_U217  0.0003282   0.0003465   0.0007131   3.845e-05  OAI22_X1
comp_dp_comp_mul_b0_mult_31_U195  0.0003934   0.0002763   0.0007088   3.913e-05  MUX2_X1
comp_dp_comp_mul_a1_mult_31_U209   0.000328    0.000342   0.0007084   3.845e-05  OAI22_X1
comp_dp_comp_mul_b1_mult_31_U243  0.0004235   0.0002548   0.0007083   2.998e-05  XOR2_X1
FE_RC_6_0                      0.0004415   0.0002294   0.0007033   3.238e-05  AOI21_X1
comp_dp_comp_mul_a1_mult_31_U213  0.0003281   0.0003355   0.0007021   3.845e-05  OAI22_X1
comp_dp_comp_mul_b1_mult_31_U184  0.0003236   0.0003396   0.0007005    3.73e-05  XNOR2_X1
comp_dp_comp_mul_b1_mult_31_U214  0.0003285   0.0003313   0.0006982   3.845e-05  OAI22_X1
comp_dp_comp_mul_a1_mult_31_U207  0.0003277   0.0003227   0.0006888   3.845e-05  OAI22_X1
comp_dp_comp_mul_b0_mult_31_U162  0.0001929   0.0004819   0.0006877   1.296e-05  INV_X1
comp_dp_comp_mul_b1_mult_31_U216  0.0003284   0.0003188   0.0006856   3.845e-05  OAI22_X1
comp_dp_comp_mul_a1_mult_31_U239  0.0002801   0.0003669   0.0006854   3.843e-05  OAI22_X1
comp_dp_comp_mul_b1_mult_31_U204  0.0003336    0.000313   0.0006852   3.854e-05  OAI22_X1
comp_dp_comp_mul_a1_mult_31_U215  0.0003281   0.0003179   0.0006845   3.845e-05  OAI22_X1
comp_dp_comp_mul_b1_mult_31_U154   0.000144   0.0005228   0.0006825   1.572e-05  INV_X1
comp_dp_comp_mul_b1_mult_31_U237  0.0002435   0.0004083   0.0006779   2.609e-05  NAND2_X1
comp_dp_comp_mul_a1_mult_31_U158  0.0001458   0.0005146   0.0006761   1.572e-05  INV_X1
comp_dp_comp_mul_a1_mult_31_U184  0.0003336   0.0003012   0.0006733   3.854e-05  OAI22_X1
comp_dp_comp_mul_b1_mult_31_U202  0.0003337   0.0002992   0.0006715   3.854e-05  OAI22_X1
comp_dp_comp_mul_a1_mult_31_U203  0.0003341   0.0002988   0.0006714   3.854e-05  OAI22_X1
comp_dp_comp_mul_b0_mult_31_U167  0.0002052   0.0004486   0.0006695   1.568e-05  INV_X1
comp_dp_comp_mul_a1_mult_31_U188  0.0003317   0.0002616   0.0006666   7.327e-05  OAI222_X1
comp_dp_comp_mul_b1_mult_31_U185   0.000316   0.0003116   0.0006661   3.854e-05  OAI22_X1
comp_dp_comp_mul_b1_mult_31_U155  0.0001194   0.0005287   0.0006648   1.668e-05  INV_X1
comp_dp_comp_mul_a1_mult_31_U159  0.0001199   0.0005258   0.0006624   1.668e-05  INV_X1
comp_dp_comp_mul_a1_mult_31_U236  0.0002479   0.0003875   0.0006617    2.63e-05  NAND2_X1
comp_dp_comp_mul_a1_mult_31_U186  0.0003343   0.0002873   0.0006601   3.854e-05  OAI22_X1
comp_dp_comp_mul_b1_mult_31_U187  0.0003339   0.0002864   0.0006589   3.854e-05  OAI22_X1
comp_dp_comp_mul_b1_mult_31_U244  0.0003498    0.000274   0.0006537   2.991e-05  XOR2_X1
comp_dp_comp_mul_a1_mult_31_U210  0.0003503   0.0002731   0.0006532   2.988e-05  XOR2_X1
comp_dp_comp_mul_b1_mult_31_U211  0.0003503    0.000273   0.0006532   2.988e-05  XOR2_X1
comp_dp_comp_mul_a1_mult_31_U201  0.0003342   0.0002774   0.0006501   3.854e-05  OAI22_X1
comp_dp_comp_mul_a1_mult_31_U178  0.0002955   0.0003043   0.0006408   4.102e-05  OAI22_X1
comp_dp_comp_mul_b1_mult_31_U226  0.0003308   0.0002658   0.0006389   4.242e-05  XOR2_X1
comp_dp_comp_mul_a1_mult_31_U246  0.0003638   0.0002447   0.0006384   2.986e-05  XOR2_X1
comp_dp_comp_mul_b1_mult_31_U175  0.0002955   0.0003016   0.0006381   4.102e-05  OAI22_X1
comp_dp_comp_mul_b1_mult_31_U161  0.0001889   0.0004331   0.0006358   1.385e-05  INV_X1
comp_dp_comp_mul_a1_mult_31_U174  0.0002955   0.0002971   0.0006336   4.102e-05  OAI22_X1
comp_dp_comp_mul_b1_mult_31_U179  0.0002954    0.000297   0.0006334   4.102e-05  OAI22_X1
comp_dp_comp_mul_b1_mult_31_U250  0.0003639   0.0002387   0.0006325   2.986e-05  XOR2_X1
comp_dp_comp_mul_a1_mult_31_U240  0.0003307   0.0002585   0.0006316   4.242e-05  XOR2_X1
comp_dp_comp_mul_b1_mult_31_U188  0.0003628   0.0002387   0.0006314   2.986e-05  XOR2_X1
comp_dp_comp_mul_b1_mult_31_U215  0.0003372   0.0002517   0.0006313   4.245e-05  XOR2_X1
comp_dp_comp_mul_a1_mult_31_U218  0.0003371   0.0002514    0.000631   4.245e-05  XOR2_X1
comp_dp_comp_mul_a1_mult_31_U180  0.0002955   0.0002939   0.0006303   4.102e-05  OAI22_X1
comp_dp_comp_mul_a1_mult_31_U250  0.0003638   0.0002359   0.0006296   2.986e-05  XOR2_X1
comp_dp_comp_mul_a1_mult_31_U187  0.0003628   0.0002355   0.0006282   2.986e-05  XOR2_X1
comp_dp_comp_mul_b1_mult_31_U241  0.0003308   0.0002543   0.0006275   4.242e-05  XOR2_X1
comp_dp_comp_mul_a1_mult_31_U214  0.0003371   0.0002456   0.0006252   4.245e-05  XOR2_X1
comp_dp_comp_mul_b1_mult_31_U246   0.000364   0.0002308   0.0006246   2.986e-05  XOR2_X1
comp_dp_comp_mul_a1_mult_31_U212  0.0003371   0.0002439   0.0006235   4.245e-05  XOR2_X1
comp_dp_comp_mul_a1_mult_31_U216  0.0003372   0.0002432   0.0006228   4.245e-05  XOR2_X1
comp_dp_comp_mul_a1_mult_31_U244  0.0003495   0.0002422   0.0006217   2.991e-05  XOR2_X1
comp_dp_comp_mul_b0_mult_31_U161  0.0001881   0.0004214   0.0006216   1.204e-05  INV_X1
comp_dp_comp_mul_b1_mult_31_U219  0.0003373   0.0002402   0.0006199   4.245e-05  XOR2_X1
comp_dp_comp_mul_b0_mult_31_U154  0.0001891   0.0004157    0.000619   1.428e-05  INV_X1
comp_dp_comp_mul_b0_mult_31_U168  0.0001898   0.0004151   0.0006188   1.392e-05  INV_X1
comp_dp_comp_mul_b1_mult_31_U217  0.0003373   0.0002389   0.0006186   4.245e-05  XOR2_X1
comp_dp_comp_mul_a1_mult_31_U225  0.0003307   0.0002455   0.0006186   4.242e-05  XOR2_X1
comp_dp_comp_mul_b1_mult_31_U189  0.0003274   0.0002178   0.0006186    7.33e-05  OAI222_X1
comp_dp_comp_mul_a1_mult_31_U155  0.0001892    0.000415   0.0006181   1.385e-05  INV_X1
comp_dp_comp_mul_a1_mult_31_U238   0.000327   0.0002475    0.000617   4.246e-05  XOR2_X1
comp_dp_comp_mul_b1_mult_31_U239  0.0003271   0.0002472   0.0006168   4.246e-05  XOR2_X1
comp_dp_comp_mul_b1_mult_31_U231  0.0003308   0.0002435   0.0006168   4.242e-05  XOR2_X1
comp_dp_comp_mul_b1_mult_31_U252   0.000337   0.0002373   0.0006168   4.245e-05  XOR2_X1
comp_dp_comp_mul_b1_mult_31_U176   0.000324    0.000255   0.0006163    3.73e-05  XNOR2_X1
comp_dp_comp_mul_b1_mult_31_U213  0.0003373   0.0002348   0.0006146   4.245e-05  XOR2_X1
comp_dp_comp_mul_a1_mult_31_U230  0.0003307   0.0002413   0.0006144   4.242e-05  XOR2_X1
comp_dp_comp_mul_b1_mult_31_U228  0.0003308   0.0002405   0.0006138   4.242e-05  XOR2_X1
comp_dp_comp_mul_a1_mult_31_U252  0.0003369   0.0002337   0.0006131   4.245e-05  XOR2_X1
comp_dp_comp_mul_b1_mult_31_U256   0.000337   0.0002334   0.0006129   4.245e-05  XOR2_X1
comp_dp_comp_mul_a1_mult_31_U177  0.0003239   0.0002515   0.0006127    3.73e-05  XNOR2_X1
comp_dp_comp_mul_a1_mult_31_U204   0.000327   0.0002427   0.0006122   4.246e-05  XOR2_X1
comp_dp_comp_mul_b1_mult_31_U181  0.0002956   0.0002753   0.0006119   4.102e-05  OAI22_X1
comp_dp_comp_mul_a1_mult_31_U179  0.0003239   0.0002507   0.0006119    3.73e-05  XNOR2_X1
comp_dp_comp_mul_a1_mult_31_U202   0.000327   0.0002419   0.0006113   4.246e-05  XOR2_X1
comp_dp_comp_mul_a1_mult_31_U171   0.000321   0.0002495    0.000611   4.054e-05  OAI22_X1
comp_dp_comp_mul_b1_mult_31_U205  0.0003271   0.0002414   0.0006109   4.246e-05  XOR2_X1
comp_dp_comp_mul_a1_mult_31_U175  0.0003239   0.0002495   0.0006107    3.73e-05  XNOR2_X1
comp_dp_comp_mul_a1_mult_31_U256   0.000337    0.000231   0.0006104   4.245e-05  XOR2_X1
comp_dp_comp_mul_b1_mult_31_U201   0.000327     0.00024   0.0006095   4.246e-05  XOR2_X1
comp_dp_comp_mul_b1_mult_31_U203  0.0003271   0.0002397   0.0006092   4.246e-05  XOR2_X1
comp_dp_comp_mul_b1_mult_31_U178   0.000324   0.0002475   0.0006088    3.73e-05  XNOR2_X1
comp_dp_comp_mul_a1_mult_31_U197  0.0003239   0.0002466   0.0006078    3.73e-05  XNOR2_X1
comp_dp_comp_mul_b1_mult_31_U182  0.0003237   0.0002441   0.0006051    3.73e-05  XNOR2_X1
comp_dp_comp_mul_b1_mult_31_U198   0.000324   0.0002435   0.0006048    3.73e-05  XNOR2_X1
comp_dp_comp_mul_a1_mult_31_U227  0.0003307   0.0002316   0.0006047   4.242e-05  XOR2_X1
comp_dp_comp_mul_a1_mult_31_U176  0.0002955   0.0002667   0.0006032   4.102e-05  OAI22_X1
comp_dp_comp_mul_a1_mult_31_U181  0.0003236   0.0002422   0.0006031    3.73e-05  XNOR2_X1
comp_dp_comp_mul_a1_mult_31_U173  0.0002955   0.0002666   0.0006031   4.102e-05  OAI22_X1
comp_dp_comp_mul_a1_mult_31_U200  0.0003269   0.0002333   0.0006027   4.246e-05  XOR2_X1
comp_dp_comp_mul_b1_mult_31_U177  0.0002955   0.0002653   0.0006018   4.102e-05  OAI22_X1
comp_dp_comp_mul_a1_mult_31_U183  0.0003236   0.0002403   0.0006012    3.73e-05  XNOR2_X1
comp_dp_comp_mul_b1_mult_31_U180   0.000324   0.0002396   0.0006009    3.73e-05  XNOR2_X1
comp_dp_comp_mul_b1_mult_31_U174  0.0002955   0.0002621   0.0005985   4.102e-05  OAI22_X1
comp_dp_comp_mul_a1_mult_31_U229  0.0003161   0.0002382   0.0005915   3.728e-05  XNOR2_X1
comp_dp_sync_DIN_reg_6_        0.0004985   1.331e-05   0.0005909   7.911e-05  DFF_X1
comp_dp_comp_mul_a1_mult_31_U248  0.0004326   0.0001281   0.0005906   2.991e-05  XOR2_X1
comp_dp_sync_DIN_reg_5_        0.0004985   1.293e-05   0.0005905   7.911e-05  DFF_X1
comp_dp_sync_DIN_reg_7_        0.0004985   1.275e-05   0.0005903   7.911e-05  DFF_X1
comp_dp_sync_DIN_reg_4_        0.0004985   1.274e-05   0.0005903   7.911e-05  DFF_X1
comp_dp_sync_DIN_reg_2_        0.0004985    1.23e-05   0.0005899   7.911e-05  DFF_X1
comp_dp_sync_DIN_reg_1_        0.0004984   1.214e-05   0.0005897   7.911e-05  DFF_X1
comp_dp_comp_mul_b0_mult_31_U171  0.0005512           0   0.0005893   3.813e-05  XNOR2_X1
comp_dp_sync_DIN_reg_3_        0.0004984   1.167e-05   0.0005892   7.911e-05  DFF_X1
comp_dp_comp_mul_b1_mult_31_U248  0.0004325   0.0001247   0.0005872   2.991e-05  XOR2_X1
comp_dp_comp_mul_b1_mult_31_U230  0.0003162    0.000233   0.0005865   3.728e-05  XNOR2_X1
FE_RC_3_0                      0.0002527   0.0003045   0.0005788   2.162e-05  OAI21_X1
comp_dp_comp_mul_b1_mult_31_U172  0.0003213    0.000216   0.0005784   4.104e-05  OAI22_X1
comp_dp_comp_mul_b0_mult_31_U166  0.0002049   0.0003569   0.0005746   1.276e-05  INV_X1
comp_dp_comp_mul_a1_mult_31_U156  0.0001684   0.0003856   0.0005671   1.307e-05  INV_X1
comp_dp_comp_mul_b1_mult_31_U170  0.0005247           0   0.0005637     3.9e-05  XNOR2_X1
comp_dp_comp_mul_b1_mult_31_U197  0.0002721   0.0002412   0.0005543   4.102e-05  OAI22_X1
FE_RC_4_0                      0.0002525   0.0002742   0.0005484   2.162e-05  OAI21_X1
comp_dp_comp_mul_a1_mult_31_U196  0.0002721    0.000235   0.0005481   4.102e-05  OAI22_X1
comp_dp_comp_mul_b1_mult_31_U162  0.0001601   0.0003514   0.0005245   1.301e-05  INV_X1
comp_dp_comp_mul_b1_mult_31_U156    0.00015    0.000358   0.0005204   1.236e-05  INV_X1
comp_dp_comp_mul_a1_mult_31_U185   0.000364   0.0001207   0.0005146   2.986e-05  XOR2_X1
comp_dp_comp_mul_b1_mult_31_U186   0.000364   0.0001193   0.0005132   2.986e-05  XOR2_X1
comp_dp_comp_mul_a1_mult_31_U208  0.0003486   0.0001339   0.0005124   2.988e-05  XOR2_X1
comp_dp_comp_mul_a1_mult_31_U160  0.0001517   0.0003427   0.0005068   1.236e-05  INV_X1
comp_dp_comp_mul_a1_mult_31_U222  0.0003479    0.000127   0.0005048   2.991e-05  XOR2_X1
comp_dp_comp_mul_b1_mult_31_U209  0.0003484   0.0001221   0.0005004   2.988e-05  XOR2_X1
comp_dp_comp_mul_b1_mult_31_U223  0.0003477   0.0001182   0.0004958   2.991e-05  XOR2_X1
comp_dp_comp_mul_b1_mult_31_U173  0.0003315   0.0001184   0.0004923   4.242e-05  XOR2_X1
comp_dp_comp_mul_a1_mult_31_U172  0.0003314   0.0001177   0.0004915   4.242e-05  XOR2_X1
comp_dp_comp_mul_b0_mult_31_U208  0.0001807   0.0002845   0.0004864    2.12e-05  NOR2_X1
comp_dp_comp_mul_b1_mult_31_U159  0.0001406   0.0003147   0.0004717   1.636e-05  INV_X1
comp_dp_comp_mul_a1_mult_31_U162  0.0001445   0.0003092   0.0004701   1.636e-05  INV_X1
comp_dp_comp_mul_b0_mult_31_U234  0.0003093   0.0001147   0.0004484   2.441e-05  OR3_X1
comp_dp_comp_mul_b0_mult_31_U236  0.0003085   0.0001128   0.0004458   2.441e-05  OR3_X1
FE_RC_0_0                      0.0002605   0.0001503   0.0004448   3.403e-05  AOI21_X1
FE_RC_2_0                      0.0002611   0.0001496   0.0004448   3.403e-05  AOI21_X1
comp_dp_comp_mul_b0_mult_31_U222   0.000177   0.0002434   0.0004417    2.12e-05  NOR2_X1
comp_dp_comp_mul_b0_mult_31_U153  0.0002185   0.0002091   0.0004406   1.303e-05  INV_X1
comp_dp_comp_mul_b0_mult_31_U163  0.0001979   0.0002247   0.0004369   1.435e-05  INV_X1
comp_dp_comp_mul_b1_mult_31_U183  0.0002534   0.0001327   0.0004291   4.298e-05  OAI22_X1
comp_dp_comp_mul_b1_mult_31_U255  0.0002771   0.0001065   0.0004219   3.821e-05  XNOR2_X1
comp_dp_comp_mul_a1_mult_31_U190   0.000195   0.0001497   0.0004212    7.65e-05  OAI222_X1
comp_dp_comp_mul_b1_mult_31_U158  0.0001174   0.0002904   0.0004195   1.164e-05  INV_X1
comp_dp_comp_mul_b1_mult_31_U191  0.0001892    0.000152   0.0004179   7.669e-05  OAI222_X1
comp_dp_comp_mul_a1_mult_31_U255  0.0002772   9.767e-05   0.0004131   3.821e-05  XNOR2_X1
comp_dp_comp_mul_a1_mult_31_U153   0.000108   0.0002906   0.0004101   1.157e-05  INV_X1
comp_dp_comp_mul_a1_mult_31_U189  0.0002025    0.000172   0.0004031   2.866e-05  AOI222_X1
comp_dp_comp_mul_a1_mult_31_U161   0.000128   0.0002519   0.0003921   1.219e-05  INV_X1
FE_RC_1_0                      0.0002218   0.0001258   0.0003837   3.608e-05  AOI21_X1
comp_dp_comp_mul_b1_mult_31_U157  0.0001282    0.000243   0.0003834   1.219e-05  INV_X1
comp_dp_U10                    0.0002466   0.0001088     0.00038   2.453e-05  AND2_X1
comp_dp_comp_mul_b1_mult_31_U190  0.0001939   0.0001568   0.0003793   2.861e-05  AOI222_X1
comp_dp_U5                     0.0002571   9.319e-05   0.0003748   2.452e-05  AND2_X1
comp_dp_comp_mul_b0_mult_31_U196  0.0002395   0.0001149   0.0003673   1.292e-05  NAND2_X1
comp_dp_U6                     0.0002587   8.396e-05   0.0003672   2.453e-05  AND2_X1
comp_dp_U4                      0.000251   8.502e-05   0.0003606   2.452e-05  AND2_X1
comp_dp_U8                     0.0002442   8.855e-05   0.0003573   2.452e-05  AND2_X1
comp_dp_comp_mul_b1_mult_31_U232   0.000146   0.0001688   0.0003567    4.19e-05  OAI21_X1
comp_dp_U7                     0.0002498   8.224e-05   0.0003566   2.452e-05  AND2_X1
comp_dp_U9                     0.0002431   8.227e-05   0.0003499   2.452e-05  AND2_X1
comp_dp_comp_mul_b1_mult_31_U234  0.0001395   0.0001619   0.0003435   4.204e-05  OAI21_X1
comp_dp_U11                    0.0002388   7.932e-05   0.0003426   2.454e-05  AND2_X1
comp_dp_U12                    2.571e-05   0.0003005   0.0003411   1.486e-05  INV_X1
comp_dp_comp_mul_b0_mult_31_U194  0.0001998   0.0001138   0.0003404   2.683e-05  NOR3_X1
comp_dp_comp_mul_a1_mult_31_U231  0.0001463   0.0001457   0.0003339    4.19e-05  OAI21_X1
comp_dp_comp_mul_a1_mult_31_U154  9.856e-05   0.0002236   0.0003332   1.102e-05  INV_X1
comp_dp_comp_mul_b1_mult_31_U160  9.861e-05   0.0002171   0.0003268   1.102e-05  INV_X1
comp_dp_comp_mul_a1_mult_31_U191  0.0001468   0.0001598   0.0003254   1.878e-05  AOI21_X1
comp_dp_comp_mul_b1_mult_31_U152   0.000158   0.0001545   0.0003249   1.229e-05  INV_X1
comp_dp_comp_mul_b1_mult_31_U192  0.0001467    0.000156   0.0003215   1.878e-05  AOI21_X1
comp_dp_comp_mul_a1_mult_31_U220  9.902e-05   0.0001688   0.0002899   2.211e-05  NOR2_X1
comp_dp_comp_mul_a1_mult_31_U233  0.0001092   0.0001278   0.0002788   4.186e-05  OAI21_X1
comp_dp_U13                    8.027e-05   0.0001735   0.0002764   2.266e-05  OR2_X1
comp_dp_comp_mul_b1_mult_31_U221  0.0001015   0.0001525   0.0002761   2.211e-05  NOR2_X1
comp_dp_comp_mul_a1_mult_31_U152  0.0001337   0.0001275   0.0002732   1.209e-05  INV_X1
comp_dp_comp_mul_b1_mult_31_U207  7.762e-05   0.0001507   0.0002505   2.212e-05  NOR2_X1
comp_dp_comp_mul_a1_mult_31_U206  7.733e-05   0.0001498   0.0002493   2.212e-05  NOR2_X1
comp_dp_comp_mul_b1_mult_31_U153  0.0001097   0.0001247   0.0002488   1.435e-05  INV_X1
comp_dp_comp_mul_a1_mult_31_U157  0.0001098   0.0001219    0.000246   1.435e-05  INV_X1
comp_dp_comp_mul_b1_mult_31_U194  0.0001207   8.499e-05   0.0002454   3.964e-05  MUX2_X1
comp_dp_x_reg_4_               0.0001496   5.525e-05   0.0002447   3.982e-05  DLH_X1
comp_dp_x_reg_7_               0.0001496     5.5e-05   0.0002444   3.982e-05  DLH_X1
comp_dp_comp_mul_a1_mult_31_U193  0.0001207    8.41e-05   0.0002444   3.964e-05  MUX2_X1
comp_dp_x_reg_0_               0.0001496   5.406e-05   0.0002435   3.982e-05  DLH_X1
comp_dp_x_reg_5_               0.0001496   5.386e-05   0.0002432   3.982e-05  DLH_X1
comp_dp_x_reg_2_               0.0001495   5.349e-05   0.0002429   3.982e-05  DLH_X1
comp_dp_x_reg_6_               0.0001495   5.305e-05   0.0002424   3.982e-05  DLH_X1
comp_dp_x_reg_3_               0.0001495   5.296e-05   0.0002423   3.982e-05  DLH_X1
comp_dp_x_reg_1_               0.0001495   5.258e-05   0.0002419   3.982e-05  DLH_X1
comp_dp_comp_mul_b0_mult_31_U197  0.0001567   5.899e-05   0.0002328   1.719e-05  NAND3_X1
comp_dp_comp_mul_b0_mult_31_U169  1.743e-05   0.0001261   0.0001578   1.435e-05  INV_X1
comp_dp_comp_mul_b1_mult_31_U168  1.742e-05   0.0001251   0.0001568   1.435e-05  INV_X1
comp_dp_comp_mul_b1_mult_31_U235  9.008e-05   3.581e-05   0.0001513   2.537e-05  OR3_X1
comp_dp_comp_mul_a1_mult_31_U163  1.741e-05   0.0001185   0.0001503   1.435e-05  INV_X1
comp_dp_comp_mul_a1_mult_31_U234  8.978e-05   3.269e-05   0.0001478   2.537e-05  OR3_X1
comp_dp_comp_mul_b1_mult_31_U233   8.68e-05    3.16e-05   0.0001438   2.538e-05  OR3_X1
comp_dp_comp_mul_a1_mult_31_U232  8.675e-05   3.159e-05   0.0001437   2.538e-05  OR3_X1
comp_dp_comp_mul_b0_mult_31_U170  1.762e-05   0.0001095   0.0001415   1.435e-05  INV_X1
comp_dp_comp_mul_b1_mult_31_U169  1.765e-05   0.0001048   0.0001368   1.435e-05  INV_X1
comp_cu_U9                     2.652e-05   6.641e-05   0.0001353   4.233e-05  OAI21_X1
comp_dp_comp_mul_a1_mult_31_U164  1.767e-05   0.0001003   0.0001323   1.435e-05  INV_X1
comp_dp_comp_mul_b1_mult_31_U195  8.252e-05   3.833e-05   0.0001291   8.273e-06  NAND2_X1
comp_dp_comp_mul_a1_mult_31_U194  8.246e-05   3.623e-05    0.000127   8.273e-06  NAND2_X1
comp_dp_comp_mul_a1_mult_31_U192  5.957e-05   3.431e-05   0.0001242   3.033e-05  NOR3_X1
comp_cu_U4                     4.672e-05   5.106e-05   0.0001233   2.548e-05  NOR3_X1
comp_dp_comp_mul_b1_mult_31_U193  5.951e-05   3.199e-05   0.0001218   3.033e-05  NOR3_X1
comp_cu_U12                    5.835e-05   2.975e-05   0.0001205    3.24e-05  OAI211_X1
comp_dp_U14                    5.505e-05   2.837e-05   0.0001079   2.452e-05  AND2_X1
comp_cu_U5                      2.31e-05   6.326e-05   0.0001057   1.932e-05  NOR2_X1
comp_cu_U7                     3.663e-05   3.308e-05   9.659e-05   2.688e-05  NAND2_X1
comp_cu_U13                    1.762e-05   6.394e-05   9.592e-05   1.435e-05  INV_X1
comp_cu_U6                     5.099e-05   1.562e-05   9.533e-05   2.871e-05  AOI211_X1
comp_cu_U10                    4.235e-05   1.894e-05   9.439e-05   3.309e-05  AOI21_X1
comp_dp_U20                    5.335e-05   1.609e-05   9.396e-05   2.452e-05  AND2_X1
comp_dp_U15                    5.316e-05   1.484e-05   9.252e-05   2.452e-05  AND2_X1
comp_dp_U17                    5.313e-05    1.47e-05   9.236e-05   2.452e-05  AND2_X1
comp_dp_U18                     5.31e-05   1.451e-05   9.214e-05   2.452e-05  AND2_X1
comp_dp_U16                     5.31e-05   1.449e-05   9.211e-05   2.452e-05  AND2_X1
comp_dp_U19                    5.304e-05   1.414e-05   9.171e-05   2.452e-05  AND2_X1
comp_cu_U3                     1.848e-05   4.414e-05   7.474e-05   1.211e-05  INV_X1
comp_cu_U14                    1.736e-05   3.868e-05    7.04e-05   1.435e-05  INV_X1
comp_dp_comp_mul_b1_mult_31_U196  3.878e-05    1.47e-05    6.28e-05   9.318e-06  NAND3_X1
comp_dp_comp_mul_a1_mult_31_U195  3.876e-05   1.452e-05    6.26e-05   9.318e-06  NAND3_X1
comp_cu_U11                    2.015e-05   1.584e-05   4.622e-05   1.023e-05  NAND2_X1
comp_cu_U8                     1.188e-05   5.141e-06   4.546e-05   2.844e-05  NOR3_X1
comp_cu_U15                    9.591e-06   5.307e-06   1.973e-05   4.828e-06  NAND3_X1

---------------------------------------------------------------------------------------

Total (    459 of    459  )       0.2409      0.2128     0.4722     0.01855
Total Capacitance                2.563e-12 F
Power Density                   *** No Die Area ***
