*----------------------------------------------------------------------------------------
*	Innovus 17.11-s080_1 (64bit) 08/04/2017 11:13 (Linux 2.6.18-194.el5)
*	
*
* 	Date & Time:	2020-Nov-16 08:31:11 (2020-Nov-16 07:31:11 GMT)
*
*----------------------------------------------------------------------------------------
*
*	Design: IIRFilter
*
*	Liberty Libraries used: 
*	        MyAnView: /home/isa12/Desktop/ISA/lab1/project/innovus/IIRFilter.enc.dat/libs/mmmc/NangateOpenCellLibrary_typical_ecsm_nowlm.lib
*
*	Power Domain used: 
*		Rail:        VDD 	Voltage:        1.1 
*
*       Power View : MyAnView
*
*       User-Defined Activity : N.A.
*
*	Switching Activity File used: 
*	        ../vcd/design.vcd
*			Vcd Window used(Start Time, Stop Time):(1.48411e+21, 1.48411e+21) 
*                     Vcd Scale Factor: 1 
**                    Design annotation coverage: 618/618 = 100% 
*
*       Hierarchical Global Activity: N.A.
*
*       Global Activity: N.A.
*
*       Sequential Element Activity: N.A.
*
*       Primary Input Activity: 0.200000
*
*       Default icg ratio: N.A.
*
*       Global Comb ClockGate Ratio: N.A.
*
*	Power Units = 1mW
*
*	Time Units = 1e-09 secs 
*
*       Temperature = 25 
*
*       report_power -outfile .//IIRFilter.power.rail.rpt -rail_analysis_format VS
*
-----------------------------------------------------------------------------------------
Cell                            Internal   Switching       Total     Leakage   Cell
                                   Power       Power       Power       Power   Name
--------------------------------------------------------------------------------------
comp_dp_comp_mul_b0_mult_31_U5   0.001799    0.001065    0.002937   7.308e-05  FA_X1
comp_dp_comp_mul_b0_mult_31_U24   0.001682    0.001086    0.002839   7.179e-05  FA_X1
comp_dp_comp_mul_b0_mult_31_U6   0.001697   0.0009941    0.002763   7.135e-05  FA_X1
comp_dp_comp_mul_b0_mult_31_U4   0.001643    0.000979    0.002695   7.317e-05  FA_X1
comp_dp_comp_mul_b0_mult_31_U3   0.001664   0.0009096    0.002647   7.337e-05  FA_X1
comp_dp_comp_mul_b0_mult_31_U7   0.001563   0.0009481    0.002583   7.103e-05  FA_X1
comp_dp_comp_sum2_add_1_root_add_27_2_U1_2   0.001808    0.000648     0.00254   8.453e-05  FA_X1
comp_dp_comp_sum2_add_1_root_add_27_2_U1_4   0.001764    0.000624    0.002476   8.766e-05  FA_X1
comp_dp_comp_sum2_add_1_root_add_27_2_U1_5   0.001731   0.0006135    0.002433   8.796e-05  FA_X1
comp_dp_comp_sum2_add_1_root_add_27_2_U1_3   0.001661   0.0005559    0.002305   8.758e-05  FA_X1
comp_dp_comp_sum1_add_1_root_add_27_2_U1_3  0.0005977    0.001606    0.002292    8.78e-05  FA_X1
comp_dp_comp_sum1_add_1_root_add_27_2_U1_1  0.0005607    0.001637    0.002271   7.284e-05  FA_X1
comp_dp_comp_mul_b0_mult_31_U21   0.001314   0.0008663     0.00225   7.049e-05  FA_X1
comp_dp_comp_sum2_add_1_root_add_27_2_U1_1   0.001595   0.0005697     0.00223    6.51e-05  FA_X1
comp_dp_comp_sum2_add_1_root_add_27_2_U1_0   0.001599   0.0005078    0.002191   8.427e-05  FA_X1
comp_dp_comp_mul_b0_mult_31_U17   0.001183   0.0008035    0.002059   7.217e-05  FA_X1
comp_dp_comp_mul_b0_mult_31_U9   0.001235   0.0007516    0.002054   6.736e-05  FA_X1
comp_dp_comp_mul_b0_mult_31_U8   0.001225   0.0007624    0.002044   5.671e-05  FA_X1
comp_dp_comp_mul_b0_mult_31_U20    0.00119   0.0007437    0.002004   7.027e-05  FA_X1
comp_dp_comp_mul_b0_mult_31_U28    0.00117   0.0007696    0.002002   6.323e-05  FA_X1
comp_dp_comp_mul_b0_mult_31_U22   0.001201   0.0007366    0.001998   6.004e-05  FA_X1
comp_dp_comp_mul_b0_mult_31_U19   0.001129   0.0007511    0.001946   6.613e-05  FA_X1
comp_dp_comp_sum2_add_1_root_add_27_2_U1_6   0.001618   0.0002109    0.001917   8.799e-05  FA_X1
comp_dp_comp_mul_b0_mult_31_U159  0.0004076    0.001468    0.001908   3.198e-05  XNOR2_X1
comp_dp_comp_mul_b0_mult_31_U25   0.001121   0.0006541    0.001833   5.791e-05  FA_X1
comp_dp_comp_mul_b0_mult_31_U33   0.001153   0.0005494    0.001771   6.895e-05  FA_X1
comp_dp_comp_mul_b0_mult_31_U29  0.0009906   0.0006416    0.001705   7.329e-05  FA_X1
comp_dp_comp_mul_b0_mult_31_U16   0.001025   0.0005713    0.001662   6.546e-05  FA_X1
comp_dp_comp_mul_b0_mult_31_U250  0.0003966    0.001182    0.001618   3.929e-05  XNOR2_X1
comp_dp_comp_mul_b0_mult_31_U31  0.0009129   0.0006423    0.001615    5.99e-05  FA_X1
comp_dp_w1_reg_3_              0.0009647    0.000484    0.001527    7.87e-05  DFF_X1
comp_dp_DOUT_reg_3_             0.001282    0.000154    0.001515   7.875e-05  DFF_X1
comp_dp_comp_sum1_add_1_root_add_27_2_U1_2  0.0006821   0.0006809    0.001448   8.455e-05  FA_X1
comp_dp_comp_sum1_add_1_root_add_27_2_U1_7  0.0004993    0.000847    0.001434   8.785e-05  FA_X1
comp_dp_comp_sum1_add_1_root_add_27_2_U1_5  0.0005168   0.0008215    0.001426   8.782e-05  FA_X1
comp_dp_DOUT_reg_1_              0.00124   0.0001045    0.001423   7.872e-05  DFF_X1
comp_dp_comp_mul_b0_mult_31_U172  0.0009224   0.0004395    0.001391    2.95e-05  XOR2_X1
comp_dp_DOUT_reg_2_             0.001205   0.0001073    0.001391   7.865e-05  DFF_X1
comp_dp_w1_reg_2_               0.001033   0.0002641    0.001376   7.899e-05  DFF_X1
comp_dp_comp_mul_b0_mult_31_U32  0.0008144   0.0004597     0.00134   6.545e-05  FA_X1
comp_dp_DOUT_reg_4_             0.001152    7.77e-05    0.001309    7.87e-05  DFF_X1
comp_dp_comp_mul_b0_mult_31_U160     0.0003   0.0009731    0.001305   3.198e-05  XNOR2_X1
comp_dp_comp_mul_b0_mult_31_U36  0.0008426   0.0003762    0.001273   5.429e-05  HA_X1
comp_dp_DOUT_reg_5_             0.001134   3.707e-05     0.00125    7.87e-05  DFF_X1
comp_dp_DOUT_reg_6_             0.001108   1.655e-05    0.001203   7.869e-05  DFF_X1
comp_dp_comp_sum1_add_1_root_add_27_2_U1_4  0.0005327   0.0005571    0.001178   8.778e-05  FA_X1
comp_dp_w1_reg_0_                0.00102   7.294e-05    0.001172   7.889e-05  DFF_X1
comp_dp_DOUT_reg_7_              0.00108   5.329e-06    0.001164   7.868e-05  DFF_X1
comp_dp_comp_mul_b0_mult_31_U237  0.0006805   0.0004487    0.001161   3.215e-05  XOR2_X1
comp_dp_comp_mul_b0_mult_31_U164  0.0001058    0.001024    0.001146   1.617e-05  INV_X1
comp_dp_comp_mul_b0_mult_31_U35  0.0006578   0.0003825    0.001099   5.911e-05  FA_X1
comp_dp_comp_mul_b0_mult_31_U30  0.0006294   0.0004143    0.001096   5.191e-05  HA_X1
comp_dp_comp_mul_b0_mult_31_U34   0.000632   0.0003944    0.001078   5.129e-05  HA_X1
comp_dp_w1_reg_1_              0.0009483   1.825e-05    0.001045    7.87e-05  DFF_X1
comp_dp_w1_reg_4_               0.000909   5.125e-05    0.001039   7.869e-05  DFF_X1
comp_dp_comp_sum1_add_1_root_add_27_2_U1_0  0.0005879   0.0003657    0.001026    7.22e-05  FA_X1
comp_dp_comp_mul_b0_mult_31_U162  7.482e-05   0.0009049    0.000996   1.631e-05  INV_X1
comp_dp_comp_mul_b0_mult_31_U254  0.0001288    0.000843   0.0009808   9.027e-06  NAND2_X1
comp_dp_w1_reg_5_               0.000821   6.896e-05   0.0009686   7.868e-05  DFF_X1
comp_dp_comp_sum1_add_1_root_add_27_2_U1_6  0.0004354   0.0004208    0.000944   8.782e-05  FA_X1
comp_dp_comp_mul_b0_mult_31_U248  0.0001668   0.0007532   0.0009423   2.226e-05  NAND2_X1
comp_dp_w1_reg_7_              0.0008364   1.514e-05   0.0009302   7.869e-05  DFF_X1
comp_dp_comp_mul_b0_mult_31_U163  0.0001147   0.0007734   0.0009044   1.622e-05  INV_X1
comp_dp_comp_mul_b0_mult_31_U156  8.242e-05   0.0008054   0.0009041   1.626e-05  INV_X1
comp_dp_comp_mul_a1_mult_31_U9  0.0004715    0.000308   0.0008446   6.507e-05  FA_X1
comp_dp_w1_reg_6_              0.0007469   1.782e-05   0.0008434    7.87e-05  DFF_X1
comp_dp_comp_mul_a1_mult_31_U3  0.0005047   0.0002613   0.0008393   7.337e-05  FA_X1
comp_dp_comp_mul_b1_mult_31_U5    0.00047   0.0002768   0.0008199   7.308e-05  FA_X1
comp_dp_comp_mul_b1_mult_31_U6  0.0004635   0.0002717   0.0008066   7.135e-05  FA_X1
comp_dp_comp_mul_a1_mult_31_U7  0.0004591   0.0002673   0.0007973   7.087e-05  FA_X1
comp_dp_comp_mul_b0_mult_31_U243  0.0001142   0.0006706   0.0007942   9.322e-06  NAND2_X1
comp_dp_comp_mul_b1_mult_31_U4  0.0004489   0.0002601   0.0007821   7.317e-05  FA_X1
comp_dp_sync_DIN_reg_3_        0.0006803    1.99e-05   0.0007789    7.87e-05  DFF_X1
comp_dp_comp_mul_b1_mult_31_U7   0.000441   0.0002565   0.0007685   7.103e-05  FA_X1
comp_dp_comp_mul_a1_mult_31_U4  0.0004446   0.0002486    0.000767   7.388e-05  FA_X1
comp_dp_comp_mul_b0_mult_31_U153  0.0001666   0.0005774   0.0007565   1.244e-05  INV_X1
comp_dp_comp_mul_b0_mult_31_U201  0.0003723   0.0003446   0.0007505   3.362e-05  OAI22_X1
comp_dp_comp_mul_b0_mult_31_U246  0.0003207   0.0003863    0.000741   3.392e-05  AOI22_X1
comp_dp_comp_mul_b0_mult_31_U240  0.0004534   0.0002479   0.0007323   3.105e-05  XOR2_X1
comp_dp_comp_mul_a1_mult_31_U6  0.0004154   0.0002447   0.0007316   7.144e-05  FA_X1
comp_dp_comp_mul_b0_mult_31_U189  0.0004555   0.0002336   0.0007274   3.831e-05  XOR2_X1
comp_dp_comp_mul_b0_mult_31_U247  0.0004555   0.0002334   0.0007272   3.831e-05  XOR2_X1
comp_dp_comp_mul_b0_mult_31_U251  0.0004555   0.0002333   0.0007271   3.831e-05  XOR2_X1
comp_dp_comp_mul_b1_mult_31_U9  0.0004176   0.0002392   0.0007242   6.736e-05  FA_X1
comp_dp_comp_mul_b0_mult_31_U200  0.0001157   0.0005947   0.0007228   1.244e-05  NAND2_X1
comp_dp_comp_mul_a1_mult_31_U5  0.0004124   0.0002354   0.0007188   7.102e-05  FA_X1
comp_dp_comp_mul_b0_mult_31_U202   0.000453    0.000229    0.000713   3.105e-05  XOR2_X1
comp_cu_present_state_reg_2_   0.0006322   7.694e-08   0.0007084   7.607e-05  DFF_X1
comp_dp_b0_int_reg_2_          0.0006322   1.659e-08   0.0007083   7.607e-05  DFF_X1
comp_dp_a1_int_reg_2_          0.0006322   1.647e-08   0.0007083   7.607e-05  DFF_X1
comp_dp_b1_int_reg_2_          0.0006322   1.627e-08   0.0007083   7.607e-05  DFF_X1
comp_dp_a1_int_reg_4_          0.0006322   1.595e-08   0.0007083   7.607e-05  DFF_X1
comp_dp_b1_int_reg_7_          0.0006322   1.592e-08   0.0007083   7.607e-05  DFF_X1
comp_dp_a1_int_reg_5_          0.0006322   1.571e-08   0.0007083   7.607e-05  DFF_X1
comp_dp_b0_int_reg_7_          0.0006322   1.571e-08   0.0007083   7.607e-05  DFF_X1
comp_dp_b0_int_reg_5_          0.0006322   1.564e-08   0.0007083   7.607e-05  DFF_X1
comp_dp_b0_int_reg_6_          0.0006322   1.565e-08   0.0007083   7.607e-05  DFF_X1
comp_dp_a1_int_reg_7_          0.0006322    1.56e-08   0.0007083   7.607e-05  DFF_X1
comp_dp_b1_int_reg_5_          0.0006322   1.543e-08   0.0007083   7.607e-05  DFF_X1
comp_dp_a1_int_reg_6_          0.0006322   1.532e-08   0.0007083   7.607e-05  DFF_X1
comp_dp_b1_int_reg_6_          0.0006322   1.504e-08   0.0007083   7.607e-05  DFF_X1
comp_dp_b1_int_reg_0_          0.0006322   1.393e-08   0.0007083   7.607e-05  DFF_X1
comp_dp_a1_int_reg_0_          0.0006322   1.351e-08   0.0007083   7.607e-05  DFF_X1
comp_dp_b0_int_reg_0_          0.0006322   1.344e-08   0.0007083   7.607e-05  DFF_X1
comp_cu_present_state_reg_0_   0.0006279   1.554e-07   0.0007072   7.916e-05  DFF_X1
comp_dp_b1_int_reg_3_          0.0006279   1.622e-08    0.000707   7.916e-05  DFF_X1
comp_dp_a1_int_reg_3_          0.0006279   1.614e-08    0.000707   7.916e-05  DFF_X1
comp_dp_b0_int_reg_4_          0.0006279   1.587e-08    0.000707   7.916e-05  DFF_X1
comp_dp_b0_int_reg_3_          0.0006279   1.579e-08    0.000707   7.916e-05  DFF_X1
comp_dp_b1_int_reg_4_          0.0006279   1.499e-08    0.000707   7.916e-05  DFF_X1
comp_dp_b0_int_reg_1_          0.0006279   6.373e-09    0.000707   7.916e-05  DFF_X1
comp_dp_b1_int_reg_1_          0.0006279   5.727e-09    0.000707   7.916e-05  DFF_X1
comp_dp_a1_int_reg_1_          0.0006279   5.736e-09    0.000707   7.916e-05  DFF_X1
comp_dp_comp_mul_b0_mult_31_U186  0.0003637   0.0002993   0.0006967   3.362e-05  OAI22_X1
comp_dp_comp_mul_b0_mult_31_U239  0.0003045   0.0003539   0.0006923   3.392e-05  AOI22_X1
FE_OFC0_comp_dp_w1_1           7.572e-05   0.0005942   0.0006915   2.161e-05  CLKBUF_X2
comp_dp_comp_mul_a1_mult_31_U249  0.0001633   0.0004872   0.0006898   3.929e-05  XNOR2_X1
comp_dp_sync_DIN_reg_1_         0.000594   1.629e-05   0.0006894   7.903e-05  DFF_X1
comp_dp_comp_mul_b0_mult_31_U192  0.0004072   0.0002219   0.0006884   5.925e-05  OAI222_X1
comp_dp_comp_mul_b0_mult_31_U175  0.0003129   0.0003394    0.000687   3.476e-05  OAI22_X1
comp_dp_comp_mul_b0_mult_31_U241  0.0003192   0.0003294   0.0006846   3.594e-05  OAI22_X1
comp_dp_comp_mul_b1_mult_31_U250  0.0001634   0.0004774   0.0006801   3.929e-05  XNOR2_X1
comp_dp_sync_DIN_reg_2_        0.0005869   1.348e-05   0.0006794   7.895e-05  DFF_X1
comp_dp_comp_mul_b1_mult_31_U24  0.0003628   0.0002421   0.0006767   7.179e-05  FA_X1
comp_dp_comp_mul_b1_mult_31_U3  0.0003974    0.000204   0.0006747   7.337e-05  FA_X1
comp_dp_comp_mul_a1_mult_31_U8  0.0003713   0.0002336   0.0006719   6.702e-05  FA_X1
comp_dp_comp_mul_b0_mult_31_U205   0.000375   0.0002662    0.000667   2.585e-05  OAI22_X1
comp_dp_comp_mul_b0_mult_31_U225  0.0003158   0.0003031   0.0006585   3.966e-05  OAI22_X1
comp_dp_comp_mul_b0_mult_31_U188  0.0003725   0.0002554   0.0006537   2.585e-05  OAI22_X1
comp_dp_comp_mul_b0_mult_31_U154  0.0001188   0.0005176   0.0006535   1.715e-05  INV_X1
comp_dp_comp_mul_b0_mult_31_U193    0.00032   0.0003012   0.0006457   2.451e-05  AOI21_X1
comp_dp_comp_mul_a1_mult_31_U24  0.0003474   0.0002248   0.0006437   7.148e-05  FA_X1
comp_dp_comp_mul_b0_mult_31_U179  0.0003851    0.000231   0.0006434   2.734e-05  XNOR2_X1
comp_dp_comp_mul_b0_mult_31_U171  0.0005991           0   0.0006386    3.96e-05  XNOR2_X1
comp_dp_comp_mul_b1_mult_31_U8  0.0003654   0.0002156   0.0006377   5.671e-05  FA_X1
comp_dp_comp_mul_b0_mult_31_U213  0.0003005   0.0002951   0.0006374   4.179e-05  OAI22_X1
comp_dp_comp_mul_b0_mult_31_U209  0.0003057   0.0002819   0.0006293   4.179e-05  OAI22_X1
comp_dp_comp_mul_b1_mult_31_U20   0.000343   0.0002129   0.0006261   7.027e-05  FA_X1
comp_dp_sync_DIN_reg_4_         0.000535   9.487e-06   0.0006231   7.868e-05  DFF_X1
comp_dp_comp_mul_b0_mult_31_U203  0.0003141   0.0002702   0.0006216    3.73e-05  OAI22_X1
comp_dp_comp_mul_b0_mult_31_U152  0.0001871   0.0004174   0.0006207   1.622e-05  INV_X1
comp_dp_comp_mul_b0_mult_31_U177   0.000385   0.0002065   0.0006188   2.734e-05  XNOR2_X1
comp_dp_comp_mul_b0_mult_31_U228  0.0003069   0.0002757   0.0006185   3.594e-05  OAI22_X1
comp_dp_comp_mul_b0_mult_31_U245  0.0003593   0.0002052   0.0006029    3.84e-05  XOR2_X1
comp_dp_comp_mul_b0_mult_31_U223  0.0003057   0.0002552   0.0006005   3.966e-05  OAI22_X1
comp_dp_comp_mul_b0_mult_31_U232  0.0003595   0.0001946    0.000585   3.095e-05  XOR2_X1
comp_dp_comp_mul_b0_mult_31_U238  0.0002168   0.0003536   0.0005847    1.43e-05  NAND2_X1
comp_dp_comp_mul_a1_mult_31_U20  0.0003215   0.0001909   0.0005826   7.027e-05  FA_X1
FE_DBTC0_comp_dp_w1_0          2.672e-05   0.0005407   0.0005798   1.235e-05  INV_X1
comp_dp_comp_mul_b0_mult_31_U180  0.0002825   0.0002728   0.0005795   2.422e-05  OAI22_X1
comp_dp_comp_mul_a1_mult_31_U19  0.0002947   0.0002083   0.0005694   6.639e-05  FA_X1
comp_dp_comp_mul_b0_mult_31_U242  0.0003591   0.0001779   0.0005679   3.095e-05  XOR2_X1
comp_dp_comp_mul_b0_mult_31_U230  0.0002737     0.00026   0.0005657   3.207e-05  OAI22_X1
comp_dp_comp_mul_b0_mult_31_U182  0.0002823    0.000249   0.0005555   2.422e-05  OAI22_X1
comp_dp_comp_mul_b0_mult_31_U249  0.0003816   0.0001391   0.0005523   3.157e-05  XOR2_X1
comp_dp_comp_mul_b0_mult_31_U226  0.0002694    0.000237   0.0005512   4.482e-05  OAI22_X1
comp_dp_comp_mul_b0_mult_31_U252  0.0002149   0.0003006   0.0005503   3.481e-05  OAI22_X1
comp_dp_comp_mul_b0_mult_31_U168  0.0001596   0.0003783   0.0005499   1.207e-05  INV_X1
comp_dp_comp_mul_b0_mult_31_U191  0.0002775   0.0002217   0.0005449   4.573e-05  AOI222_X1
comp_dp_comp_mul_b0_mult_31_U212  0.0003289   0.0001707   0.0005381   3.849e-05  XOR2_X1
comp_dp_sync_DIN_reg_5_         0.000453   4.388e-06   0.0005361    7.87e-05  DFF_X1
comp_dp_comp_mul_b0_mult_31_U256  0.0003305   0.0001731   0.0005344   3.086e-05  XOR2_X1
comp_dp_comp_mul_b0_mult_31_U253  0.0003304    0.000172   0.0005333   3.086e-05  XOR2_X1
comp_dp_comp_mul_b0_mult_31_U220  0.0003304   0.0001717    0.000533   3.086e-05  XOR2_X1
comp_dp_comp_mul_b0_mult_31_U214  0.0003304   0.0001714   0.0005327   3.086e-05  XOR2_X1
comp_dp_comp_mul_b0_mult_31_U217  0.0002528   0.0002403   0.0005322   3.914e-05  OAI22_X1
comp_dp_comp_mul_a1_mult_31_U33  0.0003034   0.0001536   0.0005291   7.218e-05  FA_X1
comp_dp_comp_mul_b0_mult_31_U211   0.000253   0.0002356   0.0005277   3.914e-05  OAI22_X1
comp_dp_comp_mul_b1_mult_31_U33  0.0003106   0.0001481   0.0005175   5.879e-05  FA_X1
comp_dp_comp_mul_b0_mult_31_U215  0.0002397   0.0002278   0.0005144   4.689e-05  OAI22_X1
comp_dp_sync_DIN_reg_6_        0.0004152   1.933e-06   0.0004958    7.87e-05  DFF_X1
comp_dp_comp_mul_a1_mult_31_U28   0.000248   0.0001658   0.0004878   7.398e-05  FA_X1
comp_dp_comp_mul_b0_mult_31_U174  0.0003555   9.298e-05   0.0004794   3.095e-05  XOR2_X1
comp_dp_sync_DIN_reg_7_        0.0003962   6.255e-07   0.0004756    7.87e-05  DFF_X1
comp_dp_comp_mul_b0_mult_31_U190  0.0002119   0.0001943   0.0004753   6.905e-05  OAI222_X1
comp_dp_comp_mul_b0_mult_31_U204  0.0002024   0.0002397   0.0004734    3.14e-05  XOR2_X1
comp_dp_comp_mul_b0_mult_31_U206  0.0002024   0.0002367   0.0004705    3.14e-05  XOR2_X1
comp_dp_comp_mul_b1_mult_31_U31  0.0002402   0.0001704   0.0004705    5.99e-05  FA_X1
comp_dp_comp_mul_b0_mult_31_U244  0.0002929   0.0001332   0.0004684   4.236e-05  XOR2_X1
comp_dp_comp_mul_b0_mult_31_U181  0.0002043   0.0002195    0.000468   4.421e-05  XNOR2_X1
FE_RC_4_0                      0.0002125   0.0002257   0.0004674   2.923e-05  OAI21_X1
comp_dp_comp_mul_b0_mult_31_U219  0.0002169    0.000213   0.0004647   3.481e-05  OAI22_X1
comp_dp_comp_mul_b0_mult_31_U183  0.0002045   0.0002129   0.0004615   4.421e-05  XNOR2_X1
comp_dp_comp_mul_b1_mult_31_U21  0.0002365   0.0001545   0.0004614   7.049e-05  FA_X1
comp_dp_comp_mul_b1_mult_31_U29  0.0002399   0.0001475   0.0004607   7.329e-05  FA_X1
comp_dp_comp_mul_b1_mult_31_U32  0.0002408   0.0001536   0.0004598   6.545e-05  FA_X1
comp_dp_comp_mul_b0_mult_31_U199  0.0002045   0.0002101   0.0004588   4.421e-05  XNOR2_X1
comp_dp_comp_mul_b1_mult_31_U28  0.0002364   0.0001564    0.000456   6.323e-05  FA_X1
comp_dp_comp_mul_b0_mult_31_U185  0.0002046   0.0002045   0.0004533   4.421e-05  XNOR2_X1
comp_dp_comp_mul_b0_mult_31_U235    0.00022   0.0001991   0.0004513   3.224e-05  OAI21_X1
comp_dp_comp_mul_b0_mult_31_U176  0.0001961   0.0002156   0.0004503   3.864e-05  OAI22_X1
comp_dp_comp_mul_a1_mult_31_U21  0.0002294     0.00015   0.0004494   7.012e-05  FA_X1
comp_dp_comp_mul_b1_mult_31_U17  0.0002194   0.0001524   0.0004439   7.217e-05  FA_X1
comp_dp_comp_mul_a1_mult_31_U31  0.0002292   0.0001575   0.0004419   5.517e-05  FA_X1
comp_dp_comp_mul_b1_mult_31_U19  0.0002198   0.0001505   0.0004365   6.613e-05  FA_X1
comp_dp_comp_mul_a1_mult_31_U36  0.0002363   0.0001326   0.0004363   6.742e-05  HA_X1
comp_dp_comp_mul_b1_mult_31_U36  0.0002364   0.0001296   0.0004335   6.742e-05  HA_X1
comp_dp_comp_mul_a1_mult_31_U35  0.0002326   0.0001363   0.0004277   5.887e-05  FA_X1
comp_dp_comp_mul_b0_mult_31_U173  0.0002292   0.0001572   0.0004271   4.075e-05  OAI22_X1
comp_dp_comp_mul_a1_mult_31_U17  0.0002088   0.0001451   0.0004261   7.217e-05  FA_X1
comp_dp_comp_mul_b0_mult_31_U178  0.0002137   0.0001844   0.0004244   2.623e-05  OAI22_X1
comp_dp_comp_mul_a1_mult_31_U29  0.0002149   0.0001359    0.000424   7.325e-05  FA_X1
comp_dp_comp_mul_b0_mult_31_U198  0.0002098   0.0001839   0.0004213   2.752e-05  OAI22_X1
comp_dp_comp_mul_a1_mult_31_U32  0.0002187   0.0001288   0.0004194   7.188e-05  FA_X1
comp_dp_comp_mul_a1_mult_31_U170  0.0002677   0.0001186   0.0004157    2.95e-05  XOR2_X1
comp_dp_comp_mul_b1_mult_31_U35  0.0002215   0.0001341   0.0004147   5.911e-05  FA_X1
comp_cu_present_state_reg_1_   0.0003326   7.319e-08   0.0004117   7.903e-05  DFF_X1
comp_dp_comp_mul_b0_mult_31_U167  0.0001184   0.0002774   0.0004087   1.296e-05  INV_X1
comp_dp_comp_mul_b1_mult_31_U22  0.0002192    0.000129   0.0004082   6.004e-05  FA_X1
comp_dp_comp_mul_b0_mult_31_U231  0.0001719   0.0001899   0.0004061   4.427e-05  XNOR2_X1
comp_dp_comp_mul_b0_mult_31_U227  0.0001601   0.0001984   0.0003897   3.125e-05  XOR2_X1
comp_dp_comp_mul_b0_mult_31_U255  0.0002387    0.000106   0.0003873   4.253e-05  XOR2_X1
FE_RC_3_0                      0.0001977   0.0001534   0.0003836   3.256e-05  AOI21_X1
comp_dp_comp_mul_b0_mult_31_U187  0.0002148   0.0001215   0.0003802   4.389e-05  XOR2_X1
comp_dp_comp_mul_b0_mult_31_U229    0.00016   0.0001887   0.0003799   3.125e-05  XOR2_X1
comp_dp_comp_mul_a1_mult_31_U169  0.0001761   0.0001621   0.0003777    3.96e-05  XNOR2_X1
comp_dp_comp_mul_b0_mult_31_U233  0.0001766   0.0001649   0.0003754   3.391e-05  OAI21_X1
comp_dp_comp_mul_b0_mult_31_U158  0.0001004   0.0002579   0.0003745   1.622e-05  INV_X1
comp_dp_U13                    0.0002145   0.0001186   0.0003692   3.621e-05  AOI22_X1
comp_dp_U9                     0.0001974    0.000135   0.0003627   3.032e-05  AOI22_X1
comp_dp_comp_mul_b0_mult_31_U236  0.0002379   9.711e-05   0.0003592   2.419e-05  OR3_X1
comp_dp_comp_mul_a1_mult_31_U22  0.0001849   0.0001118   0.0003569   6.016e-05  FA_X1
comp_dp_comp_mul_b1_mult_31_U171  0.0002266   0.0001007   0.0003568    2.95e-05  XOR2_X1
comp_dp_comp_mul_b0_mult_31_U216  0.0001485    0.000177   0.0003565   3.109e-05  XOR2_X1
comp_dp_comp_mul_b0_mult_31_U218  0.0001485   0.0001703   0.0003499   3.109e-05  XOR2_X1
comp_dp_U23                    0.0001749   0.0001298   0.0003375    3.28e-05  AOI22_X1
comp_dp_comp_mul_a1_mult_31_U25  0.0001759   0.0001008   0.0003348   5.805e-05  FA_X1
comp_dp_U11                    0.0001929   0.0001055   0.0003347   3.621e-05  AOI22_X1
FE_DBTC1_comp_dp_w1_3          2.192e-05    0.000295   0.0003331   1.622e-05  INV_X1
comp_dp_comp_mul_a1_mult_31_U157  6.706e-05    0.000249   0.0003285   1.244e-05  INV_X1
comp_dp_comp_mul_b1_mult_31_U154  6.676e-05   0.0002376   0.0003168   1.244e-05  INV_X1
comp_dp_comp_mul_b0_mult_31_U224  0.0001633    0.000109   0.0003163   4.405e-05  XOR2_X1
comp_dp_comp_mul_b0_mult_31_U234   0.000212   7.894e-05   0.0003141   2.312e-05  OR3_X1
comp_dp_comp_mul_b0_mult_31_U165   9.42e-05   0.0002075   0.0003133   1.165e-05  INV_X1
FE_RC_5_0                      0.0001727   9.662e-05   0.0003054   3.608e-05  AOI21_X1
comp_dp_U21                    0.0001576   0.0001046   0.0002985    3.63e-05  AOI22_X1
comp_dp_comp_mul_b0_mult_31_U194  0.0001721   9.884e-05    0.000296   2.509e-05  NOR3_X1
comp_dp_comp_mul_b1_mult_31_U25  0.0001469   7.985e-05   0.0002847   5.791e-05  FA_X1
comp_dp_comp_mul_a1_mult_31_U235   0.000156   9.589e-05   0.0002841   3.216e-05  XOR2_X1
comp_dp_U15                    0.0001491   9.832e-05   0.0002838    3.63e-05  AOI22_X1
comp_dp_comp_mul_b0_mult_31_U210  0.0001485    8.98e-05   0.0002825   4.421e-05  XOR2_X1
comp_dp_comp_mul_b1_mult_31_U236  0.0001558   9.073e-05   0.0002787   3.216e-05  XOR2_X1
comp_dp_comp_mul_b0_mult_31_U155  0.0001352   0.0001293   0.0002763   1.179e-05  INV_X1
comp_dp_comp_mul_a1_mult_31_U237  0.0001053   0.0001323   0.0002715   3.392e-05  AOI22_X1
comp_dp_comp_mul_a1_mult_31_U245  0.0001053   0.0001322   0.0002714   3.392e-05  AOI22_X1
comp_dp_comp_mul_b1_mult_31_U246  0.0001053   0.0001284   0.0002676   3.392e-05  AOI22_X1
comp_dp_comp_mul_a1_mult_31_U247  4.428e-05   0.0002005   0.0002671   2.226e-05  NAND2_X1
comp_dp_comp_mul_b1_mult_31_U238  0.0001052    0.000124   0.0002631   3.392e-05  AOI22_X1
comp_dp_U17                    0.0001378   8.818e-05   0.0002624    3.64e-05  AOI22_X1
comp_dp_comp_mul_b1_mult_31_U248  4.416e-05    0.000193   0.0002594   2.226e-05  NAND2_X1
comp_dp_comp_mul_b1_mult_31_U190  0.0001059   9.773e-05   0.0002536   4.993e-05  AOI222_X1
comp_dp_comp_mul_a1_mult_31_U189  0.0001104   9.397e-05    0.000251    4.67e-05  AOI222_X1
comp_dp_comp_mul_b0_mult_31_U166  8.714e-05   0.0001522    0.000251   1.165e-05  INV_X1
comp_dp_comp_mul_a1_mult_31_U199  0.0001114   0.0001051   0.0002501   3.362e-05  OAI22_X1
comp_dp_comp_mul_a1_mult_31_U201  0.0001187   0.0001046   0.0002491   2.585e-05  OAI22_X1
comp_dp_comp_mul_b1_mult_31_U200  0.0001113   0.0001027   0.0002476   3.362e-05  OAI22_X1
comp_dp_comp_mul_b1_mult_31_U187  0.0001288   9.168e-05   0.0002463   2.585e-05  OAI22_X1
comp_dp_comp_mul_a1_mult_31_U186  0.0001291   9.086e-05   0.0002458   2.585e-05  OAI22_X1
comp_dp_comp_mul_b1_mult_31_U204  0.0001185   9.573e-05   0.0002401   2.585e-05  OAI22_X1
comp_dp_comp_mul_b0_mult_31_U161   0.000105   0.0001214   0.0002388   1.249e-05  INV_X1
comp_dp_comp_mul_b1_mult_31_U185  0.0001087   9.132e-05   0.0002336   3.362e-05  OAI22_X1
comp_dp_comp_mul_a1_mult_31_U190  0.0001223   7.059e-05   0.0002319     3.9e-05  OAI222_X1
comp_dp_comp_mul_a1_mult_31_U184  0.0001088   8.768e-05   0.0002301   3.362e-05  OAI22_X1
comp_dp_comp_mul_b1_mult_31_U191  0.0001223    6.84e-05   0.0002297     3.9e-05  OAI222_X1
comp_dp_U8                     0.0001192    9.28e-05   0.0002281   1.613e-05  INV_X1
comp_dp_comp_mul_a1_mult_31_U188   8.88e-05   7.868e-05   0.0002279   6.037e-05  OAI222_X1
comp_dp_U19                    0.0001106   8.002e-05   0.0002268   3.621e-05  AOI22_X1
comp_dp_x_reg_2_               0.0001076   7.491e-05   0.0002241   4.161e-05  DLH_X1
comp_dp_U22                    0.0001123   9.081e-05   0.0002194   1.636e-05  INV_X1
comp_dp_U12                     0.000113   9.181e-05   0.0002173   1.249e-05  INV_X1
comp_dp_comp_mul_a1_mult_31_U198  3.005e-05   0.0001516   0.0002075   2.585e-05  NAND2_X1
comp_dp_comp_mul_b1_mult_31_U199  3.014e-05   0.0001473   0.0002033   2.585e-05  NAND2_X1
comp_dp_comp_mul_b1_mult_31_U189  7.398e-05    5.84e-05   0.0002004   6.804e-05  OAI222_X1
comp_dp_comp_mul_b1_mult_31_U174   7.29e-05   8.599e-05   0.0002001   4.116e-05  OAI22_X1
comp_dp_comp_mul_a1_mult_31_U173  7.296e-05   8.287e-05    0.000197   4.116e-05  OAI22_X1
comp_dp_comp_mul_a1_mult_31_U158  3.148e-05    0.000148   0.0001966   1.715e-05  INV_X1
comp_dp_comp_mul_a1_mult_31_U255  3.582e-05   0.0001246   0.0001924   3.198e-05  XNOR2_X1
comp_dp_comp_mul_a1_mult_31_U203  9.493e-05   7.209e-05   0.0001909   2.391e-05  OAI22_X1
comp_dp_comp_mul_a1_mult_31_U16  7.808e-05   4.641e-05   0.0001899   6.546e-05  FA_X1
comp_dp_comp_mul_b1_mult_31_U16  7.808e-05   4.574e-05   0.0001893   6.546e-05  FA_X1
comp_dp_comp_mul_b1_mult_31_U155  3.143e-05   0.0001405    0.000189   1.715e-05  INV_X1
FE_OFC1_comp_dp_comp_mul_b1_mult_31_n243  3.974e-05   0.0001255   0.0001867   2.154e-05  CLKBUF_X2
comp_dp_comp_mul_b1_mult_31_U170   0.000147           0   0.0001866    3.96e-05  XNOR2_X1
comp_dp_U10                    9.643e-05   7.653e-05   0.0001854   1.249e-05  INV_X1
comp_dp_comp_mul_b1_mult_31_U202  8.625e-05   6.078e-05   0.0001843    3.73e-05  OAI22_X1
comp_dp_comp_mul_b1_mult_31_U158  5.199e-05   0.0001135   0.0001779   1.239e-05  INV_X1
comp_dp_U20                    9.294e-05   7.105e-05   0.0001764   1.244e-05  INV_X1
FE_RC_1_0                      6.675e-05    7.95e-05   0.0001755   2.923e-05  OAI21_X1
comp_dp_x_reg_0_               7.974e-05   5.554e-05   0.0001754   4.016e-05  DLH_X1
comp_dp_comp_mul_a1_mult_31_U178  6.832e-05   7.228e-05   0.0001741   3.347e-05  OAI22_X1
comp_dp_comp_mul_a1_mult_31_U152   4.82e-05   0.0001089   0.0001732   1.612e-05  INV_X1
comp_dp_comp_mul_a1_mult_31_U191  7.676e-05   7.115e-05   0.0001724   2.451e-05  AOI21_X1
comp_dp_comp_mul_b1_mult_31_U192  7.692e-05   7.001e-05   0.0001714   2.451e-05  AOI21_X1
comp_dp_comp_mul_a1_mult_31_U180  6.832e-05   6.779e-05   0.0001696   3.347e-05  OAI22_X1
FE_RC_2_0                      6.662e-05   7.297e-05   0.0001688   2.923e-05  OAI21_X1
comp_dp_comp_mul_b1_mult_31_U162   4.74e-05   0.0001046   0.0001679   1.589e-05  INV_X1
comp_dp_comp_mul_a1_mult_31_U162   4.74e-05   0.0001044   0.0001677   1.589e-05  INV_X1
comp_dp_comp_mul_b1_mult_31_U179  6.829e-05   6.528e-05    0.000167   3.347e-05  OAI22_X1
comp_dp_comp_mul_b1_mult_31_U181  6.833e-05   6.454e-05   0.0001663   3.347e-05  OAI22_X1
comp_dp_x_reg_1_               7.294e-05   5.281e-05   0.0001658   4.007e-05  DLH_X1
comp_dp_comp_mul_b1_mult_31_U188  8.459e-05   4.276e-05   0.0001657   3.831e-05  XOR2_X1
comp_dp_comp_mul_a1_mult_31_U250  8.459e-05   4.259e-05   0.0001655   3.831e-05  XOR2_X1
comp_dp_comp_mul_a1_mult_31_U187  8.458e-05   4.221e-05   0.0001651   3.831e-05  XOR2_X1
comp_dp_comp_mul_b1_mult_31_U247  8.458e-05   4.206e-05   0.0001649   3.831e-05  XOR2_X1
comp_dp_comp_mul_a1_mult_31_U176  6.836e-05   6.256e-05   0.0001644   3.347e-05  OAI22_X1
comp_dp_U14                    8.594e-05   6.599e-05   0.0001644   1.244e-05  INV_X1
comp_dp_comp_mul_a1_mult_31_U246  8.455e-05    4.09e-05   0.0001638   3.831e-05  XOR2_X1
comp_dp_comp_mul_b1_mult_31_U251  8.454e-05   4.033e-05   0.0001632   3.831e-05  XOR2_X1
comp_dp_U16                    7.817e-05   6.806e-05   0.0001586    1.24e-05  INV_X1
comp_dp_comp_mul_a1_mult_31_U174  6.065e-05   6.138e-05   0.0001575   3.547e-05  OAI22_X1
comp_dp_comp_mul_a1_mult_31_U196  6.602e-05   5.453e-05   0.0001573   3.675e-05  OAI22_X1
comp_dp_comp_mul_b1_mult_31_U197  6.601e-05   5.412e-05   0.0001569   3.675e-05  OAI22_X1
comp_dp_comp_mul_b1_mult_31_U201  8.184e-05   4.298e-05   0.0001559   3.105e-05  XOR2_X1
comp_dp_comp_mul_a1_mult_31_U204  8.184e-05   4.281e-05   0.0001557   3.105e-05  XOR2_X1
comp_dp_comp_mul_b1_mult_31_U239  8.182e-05   4.238e-05   0.0001553   3.105e-05  XOR2_X1
comp_dp_comp_mul_a1_mult_31_U200  8.181e-05   4.208e-05   0.0001549   3.105e-05  XOR2_X1
comp_dp_comp_mul_b1_mult_31_U177  6.068e-05   5.831e-05   0.0001545   3.547e-05  OAI22_X1
comp_dp_comp_mul_a1_mult_31_U238  8.178e-05   4.097e-05   0.0001538   3.105e-05  XOR2_X1
comp_dp_comp_mul_b1_mult_31_U175    4.8e-05   6.137e-05   0.0001527   4.333e-05  OAI22_X1
comp_dp_comp_mul_b1_mult_31_U178   7.87e-05   4.543e-05   0.0001515   2.734e-05  XNOR2_X1
comp_dp_comp_mul_b1_mult_31_U176  7.864e-05   4.281e-05   0.0001488   2.734e-05  XNOR2_X1
comp_dp_comp_mul_a1_mult_31_U175   7.86e-05   4.134e-05   0.0001473   2.734e-05  XNOR2_X1
comp_dp_comp_mul_b1_mult_31_U184  4.151e-05   5.994e-05   0.0001457   4.421e-05  XNOR2_X1
comp_dp_comp_mul_b0_mult_31_U157  4.141e-05   9.121e-05   0.0001429   1.029e-05  INV_X1
comp_dp_comp_mul_b1_mult_31_U160  3.939e-05   8.986e-05   0.0001422   1.296e-05  INV_X1
comp_dp_comp_mul_a1_mult_31_U161  3.979e-05   8.809e-05   0.0001408   1.296e-05  INV_X1
FE_DBTC2_comp_dp_w1_5           4.78e-06   0.0001175   0.0001386   1.631e-05  INV_X1
comp_dp_comp_mul_a1_mult_31_U177  4.189e-05   4.892e-05    0.000135   4.421e-05  XNOR2_X1
comp_dp_x_reg_3_               5.224e-05   3.855e-05   0.0001324   4.164e-05  DLH_X1
comp_dp_comp_mul_b1_mult_31_U182  4.206e-05   4.411e-05   0.0001304   4.421e-05  XNOR2_X1
comp_dp_comp_mul_a1_mult_31_U181  4.206e-05   4.409e-05   0.0001304   4.421e-05  XNOR2_X1
comp_dp_comp_mul_a1_mult_31_U179  4.207e-05   4.384e-05   0.0001301   4.421e-05  XNOR2_X1
comp_dp_comp_mul_a1_mult_31_U197  4.208e-05   4.341e-05   0.0001297   4.421e-05  XNOR2_X1
comp_dp_U18                    6.689e-05   5.029e-05   0.0001297   1.249e-05  INV_X1
comp_dp_comp_mul_b0_mult_31_U196  7.342e-05   3.496e-05   0.0001295   2.113e-05  NAND2_X1
comp_dp_comp_mul_b1_mult_31_U180  4.211e-05   4.261e-05   0.0001289   4.421e-05  XNOR2_X1
comp_dp_comp_mul_b1_mult_31_U198  4.212e-05   4.219e-05   0.0001285   4.421e-05  XNOR2_X1
comp_dp_comp_mul_a1_mult_31_U34  4.866e-05   2.815e-05   0.0001281   5.129e-05  HA_X1
comp_dp_comp_mul_b1_mult_31_U34  4.861e-05   2.806e-05    0.000128   5.129e-05  HA_X1
comp_dp_comp_mul_a1_mult_31_U183  4.214e-05    4.15e-05   0.0001279   4.421e-05  XNOR2_X1
comp_dp_comp_mul_b1_mult_31_U183  6.214e-05   3.483e-05   0.0001245   2.751e-05  OAI22_X1
FE_RC_0_0                      5.903e-05    3.79e-05   0.0001228   2.591e-05  AOI21_X1
comp_dp_U27                     7.17e-05   2.015e-05    0.000121   2.913e-05  AND2_X1
comp_dp_comp_mul_b1_mult_31_U237  4.174e-05   6.354e-05   0.0001196    1.43e-05  NAND2_X1
comp_dp_comp_mul_a1_mult_31_U236  4.207e-05   6.309e-05   0.0001195    1.43e-05  NAND2_X1
comp_dp_comp_mul_b1_mult_31_U159  2.753e-05   7.364e-05   0.0001174   1.622e-05  INV_X1
comp_dp_comp_mul_a1_mult_31_U155  2.738e-05   7.219e-05   0.0001158   1.622e-05  INV_X1
comp_dp_comp_mul_b1_mult_31_U205  3.906e-05   4.424e-05   0.0001147    3.14e-05  XOR2_X1
comp_dp_comp_mul_b1_mult_31_U203  3.911e-05   4.258e-05   0.0001131    3.14e-05  XOR2_X1
comp_dp_comp_mul_a1_mult_31_U185  4.283e-05   2.491e-05   0.0001116   4.389e-05  XOR2_X1
comp_dp_comp_mul_a1_mult_31_U202  3.915e-05   4.097e-05   0.0001115    3.14e-05  XOR2_X1
comp_dp_comp_mul_b1_mult_31_U186   4.29e-05   2.364e-05   0.0001104   4.389e-05  XOR2_X1
comp_dp_comp_mul_a1_mult_31_U248   5.39e-05   1.965e-05   0.0001051   3.157e-05  XOR2_X1
comp_dp_comp_mul_b1_mult_31_U249   5.39e-05   1.939e-05   0.0001049   3.157e-05  XOR2_X1
comp_dp_comp_mul_b1_mult_31_U193  4.724e-05   3.217e-05   0.0001045   2.508e-05  NOR3_X1
comp_dp_U25                    5.352e-05   1.677e-05   0.0001004   3.013e-05  AND2_X1
comp_dp_comp_mul_a1_mult_31_U192  4.758e-05   2.751e-05   0.0001002   2.508e-05  NOR3_X1
comp_dp_U26                    4.868e-05   1.423e-05   9.309e-05   3.018e-05  AND2_X1
comp_dp_comp_mul_a1_mult_31_U211  2.286e-05    2.19e-05   8.655e-05   4.179e-05  OAI22_X1
comp_dp_comp_mul_b1_mult_31_U212  2.172e-05   2.201e-05   8.553e-05   4.179e-05  OAI22_X1
comp_dp_comp_mul_a1_mult_31_U209   2.34e-05   2.251e-05   8.504e-05   3.914e-05  OAI22_X1
comp_dp_comp_mul_a1_mult_31_U213  2.343e-05   2.148e-05   8.405e-05   3.914e-05  OAI22_X1
comp_dp_comp_mul_a1_mult_31_U207   2.29e-05    1.93e-05   8.399e-05   4.179e-05  OAI22_X1
comp_dp_comp_mul_b1_mult_31_U208  2.171e-05   2.022e-05   8.371e-05   4.179e-05  OAI22_X1
comp_dp_x_reg_4_               2.434e-05   1.697e-05   8.292e-05   4.161e-05  DLH_X1
comp_dp_comp_mul_b1_mult_31_U216  2.112e-05   2.135e-05    8.16e-05   3.914e-05  OAI22_X1
comp_dp_comp_mul_b1_mult_31_U214  1.657e-05   1.744e-05    8.09e-05   4.689e-05  OAI22_X1
comp_dp_comp_mul_b1_mult_31_U210  2.111e-05   2.063e-05   8.087e-05   3.914e-05  OAI22_X1
comp_dp_comp_mul_a1_mult_31_U251  1.845e-05    2.53e-05   7.856e-05   3.481e-05  OAI22_X1
comp_dp_comp_mul_b1_mult_31_U256  3.646e-05   9.518e-06   7.796e-05   3.198e-05  XNOR2_X1
comp_dp_comp_mul_b1_mult_31_U252  1.723e-05   2.384e-05   7.588e-05   3.481e-05  OAI22_X1
comp_dp_U28                    3.482e-05   1.051e-05   7.444e-05   2.911e-05  AND2_X1
comp_dp_comp_mul_b1_mult_31_U211  2.152e-05   1.161e-05   7.162e-05   3.849e-05  XOR2_X1
comp_dp_comp_mul_a1_mult_31_U210  2.151e-05   1.123e-05   7.124e-05   3.849e-05  XOR2_X1
comp_dp_comp_mul_a1_mult_31_U217  1.867e-05    1.69e-05   7.038e-05   3.481e-05  OAI22_X1
comp_dp_comp_mul_a1_mult_31_U215  1.868e-05   1.657e-05   7.006e-05   3.481e-05  OAI22_X1
comp_dp_comp_mul_b1_mult_31_U218  1.719e-05   1.735e-05   6.935e-05   3.481e-05  OAI22_X1
comp_dp_comp_mul_b1_mult_31_U253  2.226e-05    1.61e-05   6.923e-05   3.086e-05  XOR2_X1
comp_dp_comp_mul_a1_mult_31_U252  2.226e-05   1.602e-05   6.914e-05   3.086e-05  XOR2_X1
comp_dp_comp_mul_a1_mult_31_U154  1.694e-05   4.003e-05   6.754e-05   1.057e-05  INV_X1
comp_dp_comp_mul_a1_mult_31_U218  2.219e-05   1.221e-05   6.526e-05   3.086e-05  XOR2_X1
comp_dp_comp_mul_b1_mult_31_U213  2.219e-05   1.208e-05   6.514e-05   3.086e-05  XOR2_X1
comp_dp_comp_mul_a1_mult_31_U30  7.883e-06   4.765e-06   6.456e-05   5.191e-05  HA_X1
comp_dp_comp_mul_b1_mult_31_U30  7.882e-06    4.72e-06   6.451e-05   5.191e-05  HA_X1
comp_dp_comp_mul_a1_mult_31_U212  2.217e-05   1.124e-05   6.427e-05   3.086e-05  XOR2_X1
comp_dp_comp_mul_b1_mult_31_U219  2.217e-05   1.099e-05   6.402e-05   3.086e-05  XOR2_X1
comp_dp_comp_mul_a1_mult_31_U256  2.217e-05   1.095e-05   6.398e-05   3.086e-05  XOR2_X1
comp_dp_comp_mul_a1_mult_31_U216  2.217e-05   1.095e-05   6.398e-05   3.086e-05  XOR2_X1
comp_dp_comp_mul_b1_mult_31_U257  2.217e-05   1.091e-05   6.394e-05   3.086e-05  XOR2_X1
comp_dp_comp_mul_a1_mult_31_U219  1.679e-05   8.108e-06   6.383e-05   3.893e-05  OAI22_X1
comp_dp_comp_mul_a1_mult_31_U243  6.933e-06   2.258e-05   6.149e-05   3.198e-05  XNOR2_X1
comp_dp_comp_mul_b1_mult_31_U220  1.439e-05   8.157e-06   6.148e-05   3.893e-05  OAI22_X1
comp_dp_comp_mul_b1_mult_31_U255  9.898e-06   8.981e-06   6.141e-05   4.253e-05  XOR2_X1
comp_dp_comp_mul_b1_mult_31_U244  6.936e-06   2.221e-05   6.112e-05   3.198e-05  XNOR2_X1
comp_dp_x_reg_5_               1.048e-05   7.578e-06   5.967e-05   4.161e-05  DLH_X1
comp_dp_comp_mul_b1_mult_31_U209  9.802e-06   5.559e-06   5.957e-05   4.421e-05  XOR2_X1
comp_dp_comp_mul_a1_mult_31_U208  9.805e-06   5.383e-06   5.939e-05   4.421e-05  XOR2_X1
comp_dp_comp_mul_b1_mult_31_U254  5.751e-06   4.177e-05   5.655e-05   9.027e-06  NAND2_X1
comp_dp_comp_mul_a1_mult_31_U231  1.127e-05   1.105e-05   5.623e-05   3.391e-05  OAI21_X1
comp_dp_comp_mul_a1_mult_31_U253  6.253e-06   4.093e-05   5.621e-05   9.027e-06  NAND2_X1
comp_dp_comp_mul_b1_mult_31_U232  1.126e-05   1.035e-05   5.551e-05   3.391e-05  OAI21_X1
comp_dp_comp_mul_b1_mult_31_U153  1.912e-05   2.194e-05   5.355e-05   1.249e-05  INV_X1
comp_dp_comp_mul_a1_mult_31_U214  1.084e-05   1.146e-05   5.339e-05   3.109e-05  XOR2_X1
comp_dp_comp_mul_b1_mult_31_U217  1.085e-05   1.123e-05   5.316e-05   3.109e-05  XOR2_X1
comp_dp_comp_mul_b1_mult_31_U215  1.085e-05   1.107e-05   5.301e-05   3.109e-05  XOR2_X1
comp_dp_comp_mul_a1_mult_31_U156   1.91e-05   2.116e-05   5.275e-05   1.249e-05  INV_X1
comp_dp_comp_mul_b1_mult_31_U243  5.033e-06   4.913e-06    5.23e-05   4.236e-05  XOR2_X1
comp_dp_comp_mul_b1_mult_31_U157  1.223e-05   2.824e-05   5.076e-05   1.029e-05  INV_X1
comp_dp_U29                    1.622e-05   4.741e-06    5.01e-05   2.913e-05  AND2_X1
comp_dp_comp_mul_b1_mult_31_U225   2.71e-06   2.325e-06   4.986e-05   4.482e-05  OAI22_X1
comp_dp_comp_mul_b1_mult_31_U230  2.149e-06   2.229e-06   4.865e-05   4.427e-05  XNOR2_X1
comp_dp_comp_mul_a1_mult_31_U229   2.15e-06   2.205e-06   4.863e-05   4.427e-05  XNOR2_X1
comp_dp_x_reg_7_               3.521e-06   2.462e-06   4.759e-05   4.161e-05  DLH_X1
comp_dp_x_reg_6_               3.519e-06   2.438e-06   4.757e-05   4.161e-05  DLH_X1
comp_dp_comp_mul_b1_mult_31_U223  1.987e-06   1.133e-06   4.717e-05   4.405e-05  XOR2_X1
comp_dp_comp_mul_a1_mult_31_U222  1.987e-06   1.095e-06   4.713e-05   4.405e-05  XOR2_X1
comp_dp_comp_mul_a1_mult_31_U244  4.304e-06   2.442e-06   4.515e-05    3.84e-05  XOR2_X1
comp_dp_comp_mul_b1_mult_31_U224  2.892e-06   2.441e-06   4.499e-05   3.966e-05  OAI22_X1
comp_dp_comp_mul_a1_mult_31_U223  2.883e-06   2.431e-06   4.498e-05   3.966e-05  OAI22_X1
comp_dp_comp_mul_b1_mult_31_U245  4.299e-06   2.248e-06   4.495e-05    3.84e-05  XOR2_X1
comp_dp_comp_mul_a1_mult_31_U221  2.887e-06   2.225e-06   4.477e-05   3.966e-05  OAI22_X1
comp_dp_comp_mul_b1_mult_31_U222  2.895e-06   2.216e-06   4.477e-05   3.966e-05  OAI22_X1
comp_dp_comp_mul_a1_mult_31_U171  2.104e-06   1.636e-06   4.449e-05   4.075e-05  OAI22_X1
comp_dp_comp_mul_b1_mult_31_U172  2.139e-06   1.439e-06   4.433e-05   4.075e-05  OAI22_X1
comp_dp_comp_mul_a1_mult_31_U232  1.486e-05   6.053e-06   4.403e-05   2.312e-05  OR3_X1
comp_dp_comp_mul_b1_mult_31_U233  1.323e-05   5.389e-06   4.173e-05   2.312e-05  OR3_X1
comp_dp_comp_mul_b1_mult_31_U240  2.642e-06   2.569e-06   4.115e-05   3.594e-05  OAI22_X1
comp_dp_comp_mul_a1_mult_31_U239  2.631e-06   2.548e-06   4.112e-05   3.594e-05  OAI22_X1
comp_dp_comp_mul_a1_mult_31_U224  2.635e-06   2.368e-06   4.094e-05   3.594e-05  OAI22_X1
comp_dp_comp_mul_b1_mult_31_U227  2.649e-06   2.268e-06   4.085e-05   3.594e-05  OAI22_X1
comp_cu_U6                      2.38e-08   8.635e-09   3.869e-05   3.866e-05  AOI211_X1
comp_dp_U30                    6.949e-06   2.031e-06   3.811e-05   2.913e-05  AND2_X1
comp_dp_comp_mul_a1_mult_31_U230   4.34e-06   2.286e-06   3.758e-05   3.095e-05  XOR2_X1
FE_DBTC3_comp_dp_w1_7          9.611e-07   2.033e-05   3.756e-05   1.626e-05  INV_X1
comp_dp_comp_mul_a1_mult_31_U227  4.339e-06   2.251e-06   3.754e-05   3.095e-05  XOR2_X1
comp_dp_comp_mul_b1_mult_31_U231  4.339e-06   2.242e-06   3.753e-05   3.095e-05  XOR2_X1
comp_dp_comp_mul_a1_mult_31_U193  7.665e-09   5.606e-09   3.751e-05    3.75e-05  MUX2_X1
comp_dp_comp_mul_b1_mult_31_U194  7.636e-09   5.209e-09   3.751e-05    3.75e-05  MUX2_X1
comp_dp_comp_mul_a1_mult_31_U228  2.811e-06    2.56e-06   3.744e-05   3.207e-05  OAI22_X1
comp_dp_comp_mul_a1_mult_31_U240  4.336e-06   2.142e-06   3.743e-05   3.095e-05  XOR2_X1
comp_dp_comp_mul_b1_mult_31_U241  4.335e-06     2.1e-06   3.739e-05   3.095e-05  XOR2_X1
comp_dp_comp_mul_b1_mult_31_U229  2.825e-06   2.447e-06   3.734e-05   3.207e-05  OAI22_X1
comp_dp_comp_mul_a1_mult_31_U226  2.816e-06   2.359e-06   3.724e-05   3.207e-05  OAI22_X1
comp_dp_comp_mul_a1_mult_31_U233  2.413e-06   2.093e-06   3.675e-05   3.224e-05  OAI21_X1
comp_dp_comp_mul_b1_mult_31_U234  2.411e-06   2.022e-06   3.668e-05   3.224e-05  OAI21_X1
comp_dp_comp_mul_b1_mult_31_U156  7.447e-06   1.756e-05   3.665e-05   1.165e-05  INV_X1
comp_dp_comp_mul_a1_mult_31_U172  4.322e-06    1.24e-06   3.652e-05   3.095e-05  XOR2_X1
comp_dp_comp_mul_b1_mult_31_U173  4.321e-06   1.089e-06   3.636e-05   3.095e-05  XOR2_X1
comp_cu_U9                     4.018e-08   1.107e-07   3.612e-05   3.597e-05  OAI21_X1
comp_dp_comp_mul_a1_mult_31_U159  7.876e-06   1.633e-05   3.585e-05   1.165e-05  INV_X1
comp_dp_comp_mul_b1_mult_31_U226  2.071e-06   2.343e-06   3.566e-05   3.125e-05  XOR2_X1
comp_dp_comp_mul_b1_mult_31_U228  2.073e-06   2.296e-06   3.562e-05   3.125e-05  XOR2_X1
comp_dp_comp_mul_a1_mult_31_U225  2.077e-06   2.191e-06   3.551e-05   3.125e-05  XOR2_X1
comp_dp_comp_mul_a1_mult_31_U194  1.791e-05   9.616e-06   3.522e-05   7.698e-06  NAND2_X1
comp_dp_comp_mul_b0_mult_31_U195  8.377e-09   5.245e-09   3.509e-05   3.507e-05  MUX2_X1
comp_dp_comp_mul_b1_mult_31_U195   1.79e-05   7.968e-06   3.357e-05   7.698e-06  NAND2_X1
comp_dp_U24                    2.411e-06   1.306e-06   3.285e-05   2.913e-05  AND2_X1
comp_dp_comp_mul_a1_mult_31_U160   7.35e-06   1.262e-05   3.162e-05   1.165e-05  INV_X1
comp_dp_comp_mul_b1_mult_31_U161  6.794e-06   1.254e-05   3.098e-05   1.165e-05  INV_X1
comp_dp_comp_mul_b1_mult_31_U235  2.909e-06   1.229e-06   2.833e-05   2.419e-05  OR3_X1
comp_dp_comp_mul_a1_mult_31_U234  2.895e-06   1.148e-06   2.823e-05   2.419e-05  OR3_X1
comp_cu_U10                    4.318e-08    2.25e-08   2.609e-05   2.602e-05  AOI21_X1
comp_dp_comp_mul_a1_mult_31_U206  4.066e-09   6.429e-09   2.602e-05   2.601e-05  NOR2_X1
comp_dp_comp_mul_b0_mult_31_U208  4.061e-09   6.056e-09   2.602e-05   2.601e-05  NOR2_X1
comp_dp_comp_mul_b1_mult_31_U207  4.066e-09   5.989e-09   2.602e-05   2.601e-05  NOR2_X1
comp_cu_U4                      9.61e-09   3.113e-08   2.476e-05   2.472e-05  NOR3_X1
comp_dp_comp_mul_a1_mult_31_U220  4.066e-09   5.859e-09   2.434e-05   2.433e-05  NOR2_X1
comp_dp_comp_mul_b0_mult_31_U222  4.061e-09   5.722e-09   2.434e-05   2.433e-05  NOR2_X1
comp_dp_comp_mul_b1_mult_31_U221  4.066e-09   5.526e-09   2.434e-05   2.433e-05  NOR2_X1
comp_dp_U7                     4.562e-08   1.028e-07   2.364e-05   2.349e-05  OR2_X1
comp_cu_U8                     1.883e-08   7.761e-09   2.308e-05   2.305e-05  NOR3_X1
comp_cu_U12                    2.783e-08   1.374e-08   2.006e-05   2.002e-05  OAI211_X1
comp_dp_U5                     2.992e-08   2.114e-07   1.976e-05   1.952e-05  NOR2_X1
comp_cu_U5                     1.639e-08   5.273e-08   1.959e-05   1.952e-05  NOR2_X1
comp_cu_U11                    1.727e-08   1.397e-08   1.914e-05   1.911e-05  NAND2_X1
comp_cu_U13                    4.851e-09   1.833e-08   1.863e-05    1.86e-05  INV_X1
comp_dp_comp_mul_b0_mult_31_U170  2.352e-09   1.532e-08   1.862e-05    1.86e-05  INV_X1
comp_dp_comp_mul_b1_mult_31_U168  2.351e-09   1.514e-08   1.862e-05    1.86e-05  INV_X1
comp_dp_comp_mul_a1_mult_31_U168  2.351e-09   1.488e-08   1.862e-05    1.86e-05  INV_X1
comp_dp_U4                     2.742e-08   1.767e-07   1.828e-05   1.807e-05  NOR2_X1
comp_cu_U14                    1.194e-08   2.864e-08   1.482e-05   1.478e-05  INV_X1
comp_cu_U3                     1.195e-08   2.725e-08   1.482e-05   1.478e-05  INV_X1
comp_dp_comp_mul_a1_mult_31_U153  1.082e-06   1.133e-06     1.4e-05   1.179e-05  INV_X1
comp_dp_comp_mul_b1_mult_31_U196  4.484e-09   1.773e-09     1.4e-05   1.399e-05  NAND3_X1
comp_dp_comp_mul_a1_mult_31_U195  4.482e-09   1.718e-09     1.4e-05   1.399e-05  NAND3_X1
comp_dp_comp_mul_b1_mult_31_U152  1.092e-06   1.059e-06   1.394e-05   1.179e-05  INV_X1
comp_dp_comp_mul_b0_mult_31_U197  4.486e-09   1.835e-09   1.394e-05   1.393e-05  NAND3_X1
comp_cu_U7                     2.092e-08    1.94e-08   1.312e-05   1.308e-05  NAND2_X1
comp_dp_U6                     7.848e-09   3.872e-08   1.015e-05    1.01e-05  INV_X1
comp_dp_comp_mul_b1_mult_31_U167  2.365e-09   1.706e-08   1.012e-05    1.01e-05  INV_X1
comp_dp_comp_mul_a1_mult_31_U167  2.365e-09   1.704e-08   1.012e-05    1.01e-05  INV_X1
comp_dp_comp_mul_b0_mult_31_U169  2.364e-09   1.661e-08   1.012e-05    1.01e-05  INV_X1
comp_dp_comp_mul_a1_mult_31_U241  3.851e-09   2.254e-08   9.349e-06   9.322e-06  NAND2_X1
comp_dp_comp_mul_b1_mult_31_U242  3.867e-09   2.202e-08   9.348e-06   9.322e-06  NAND2_X1
comp_cu_U15                            0   1.377e-08   3.735e-06   3.722e-06  NAND3_X1

---------------------------------------------------------------------------------------

Total (    495 of    495  )       0.1311     0.07997     0.2317     0.02057
Total Capacitance                2.895e-12 F
Power Density                   *** No Die Area ***
