*----------------------------------------------------------------------------------------
*	Innovus 17.11-s080_1 (64bit) 08/04/2017 11:13 (Linux 2.6.18-194.el5)
*	
*
* 	Date & Time:	2020-Nov-16 08:31:12 (2020-Nov-16 07:31:12 GMT)
*
*----------------------------------------------------------------------------------------
*
*	Design: IIRFilter
*
*	Liberty Libraries used: 
*	        MyAnView: /home/isa12/Desktop/ISA/lab1/project/innovus/IIRFilter.enc.dat/libs/mmmc/NangateOpenCellLibrary_typical_ecsm_nowlm.lib
*
*	Power Domain used: 
*		Rail:        VDD 	Voltage:        1.1 
*
*       Power View : MyAnView
*
*       User-Defined Activity : N.A.
*
*	Switching Activity File used: 
*	        ../vcd/design.vcd
*			Vcd Window used(Start Time, Stop Time):(1.48411e+21, 1.48411e+21) 
*                     Vcd Scale Factor: 1 
**                    Design annotation coverage: 618/618 = 100% 
*
*       Hierarchical Global Activity: N.A.
*
*       Global Activity: N.A.
*
*       Sequential Element Activity: N.A.
*
*       Primary Input Activity: 0.200000
*
*       Default icg ratio: N.A.
*
*       Global Comb ClockGate Ratio: N.A.
*
*	Power Units = 1mW
*
*	Time Units = 1e-09 secs 
*
*       report_power -outfile IIRFilter.power.rpt -sort total -hierarchy all -instances  /testbench/comp_IIRFilter  -cell_type all -pg_net all -clock_network  CLK  -power_domain all -count_seq_elements_in_clock_network -net
*
-----------------------------------------------------------------------------------------

Group Power For Rail : VDD

Group                           Internal   Switching     Leakage       Total  Percentage 
                                Power      Power         Power         Power  (%)        
-----------------------------------------------------------------------------------------
Sequential                       0.03623    0.001813    0.004147     0.04219       18.21 
Macro                                  0           0           0           0           0 
IO                                     0           0           0           0           0 
Combinational                    0.09489     0.07816     0.01643      0.1895       81.79 
Clock (Combinational)                  0           0           0           0           0 
Clock (Sequential)                     0           0           0           0           0 
-----------------------------------------------------------------------------------------
Total                             0.1311     0.07997     0.02057      0.2317         100 
-----------------------------------------------------------------------------------------


Rail                  Voltage   Internal   Switching     Leakage       Total  Percentage 
                                Power      Power         Power         Power  (%)        
-----------------------------------------------------------------------------------------
VDD                       1.1     0.1311     0.07997     0.02057      0.2317         100 


Clock                           Internal   Switching     Leakage       Total  Percentage 
                                Power      Power         Power         Power  (%)        
-----------------------------------------------------------------------------------------
CLK                              0.03587    0.001562    0.003817     0.04125       17.81 
-----------------------------------------------------------------------------------------
Total (excluding duplicates)     0.03587    0.001562    0.003817     0.04125       17.81 
-----------------------------------------------------------------------------------------
Clock: CLK
Clock Period: 0.010000 usec 
Clock Toggle Rate:   181.8182 Mhz 
Clock Static Probability:  0.5000


 
 
Instance Power Report for CLK clock network

Instance                      Max Toggles   Total Toggles   Internal   Switching     Leakage       Total  Percentage    Cell
                              Input Pins    Output Pins     Power      Power         Power         Power  (%)           Name
----------------------------------------------------------------------------------------------------------------------------
comp_dp_w1_reg_3_               1.818e+08         1.9e+07  0.0009647    0.000484    7.87e-05    0.001527      0.6593    DFF_X1
comp_dp_DOUT_reg_3_              3.02e+08       3.099e+07   0.001282    0.000154   7.875e-05    0.001515      0.6539    DFF_X1
comp_dp_DOUT_reg_1_               2.9e+08         2.3e+07    0.00124   0.0001045   7.872e-05    0.001423      0.6143    DFF_X1
comp_dp_DOUT_reg_2_              2.83e+08       2.201e+07   0.001205   0.0001073   7.865e-05    0.001391      0.6005    DFF_X1
comp_dp_w1_reg_2_               1.818e+08       3.299e+07   0.001033   0.0002641   7.899e-05    0.001376      0.5939    DFF_X1
comp_dp_DOUT_reg_4_              2.94e+08         1.5e+07   0.001152    7.77e-05    7.87e-05    0.001309      0.5649    DFF_X1
comp_dp_DOUT_reg_5_              3.09e+08       6.998e+06   0.001134   3.707e-05    7.87e-05     0.00125      0.5395    DFF_X1
comp_dp_DOUT_reg_6_              2.96e+08       2.998e+06   0.001108   1.655e-05   7.869e-05    0.001203      0.5194    DFF_X1
comp_dp_w1_reg_0_               1.818e+08       2.799e+07    0.00102   7.294e-05   7.889e-05    0.001172      0.5058    DFF_X1
comp_dp_DOUT_reg_7_              2.73e+08       9.975e+05    0.00108   5.329e-06   7.868e-05    0.001164      0.5022    DFF_X1
comp_dp_w1_reg_1_               1.818e+08       1.901e+07  0.0009483   1.825e-05    7.87e-05    0.001045      0.4512    DFF_X1
comp_dp_w1_reg_4_               1.818e+08       8.998e+06   0.000909   5.125e-05   7.869e-05    0.001039      0.4485    DFF_X1
comp_dp_w1_reg_5_               1.818e+08       4.998e+06   0.000821   6.896e-05   7.868e-05   0.0009686      0.4181    DFF_X1
comp_dp_w1_reg_7_               1.818e+08       9.975e+05  0.0008364   1.514e-05   7.869e-05   0.0009302      0.4015    DFF_X1
comp_dp_w1_reg_6_               1.818e+08       2.998e+06  0.0007469   1.782e-05    7.87e-05   0.0008434      0.3641    DFF_X1
comp_dp_sync_DIN_reg_3_         1.818e+08         3.1e+07  0.0006803    1.99e-05    7.87e-05   0.0007789      0.3362    DFF_X1
comp_cu_present_state_reg_2_
                                1.818e+08         2.5e+04  0.0006322   7.694e-08   7.607e-05   0.0007084      0.3058    DFF_X1
comp_dp_b0_int_reg_2_           1.818e+08            2500  0.0006322   1.659e-08   7.607e-05   0.0007083      0.3057    DFF_X1
comp_dp_a1_int_reg_2_           1.818e+08            2500  0.0006322   1.647e-08   7.607e-05   0.0007083      0.3057    DFF_X1
comp_dp_b1_int_reg_2_           1.818e+08            2500  0.0006322   1.627e-08   7.607e-05   0.0007083      0.3057    DFF_X1
comp_dp_a1_int_reg_4_           1.818e+08            2500  0.0006322   1.595e-08   7.607e-05   0.0007083      0.3057    DFF_X1
comp_dp_b1_int_reg_7_           1.818e+08            2500  0.0006322   1.592e-08   7.607e-05   0.0007083      0.3057    DFF_X1
comp_dp_a1_int_reg_5_           1.818e+08            2500  0.0006322   1.571e-08   7.607e-05   0.0007083      0.3057    DFF_X1
comp_dp_b0_int_reg_7_           1.818e+08            2500  0.0006322   1.571e-08   7.607e-05   0.0007083      0.3057    DFF_X1
comp_dp_b0_int_reg_5_           1.818e+08            2500  0.0006322   1.564e-08   7.607e-05   0.0007083      0.3057    DFF_X1
comp_dp_b0_int_reg_6_           1.818e+08            2500  0.0006322   1.565e-08   7.607e-05   0.0007083      0.3057    DFF_X1
comp_dp_a1_int_reg_7_           1.818e+08            2500  0.0006322    1.56e-08   7.607e-05   0.0007083      0.3057    DFF_X1
comp_dp_b1_int_reg_5_           1.818e+08            2500  0.0006322   1.543e-08   7.607e-05   0.0007083      0.3057    DFF_X1
comp_dp_a1_int_reg_6_           1.818e+08            2500  0.0006322   1.532e-08   7.607e-05   0.0007083      0.3057    DFF_X1
comp_dp_b1_int_reg_6_           1.818e+08            2500  0.0006322   1.504e-08   7.607e-05   0.0007083      0.3057    DFF_X1
comp_dp_b1_int_reg_0_           1.818e+08            2500  0.0006322   1.393e-08   7.607e-05   0.0007083      0.3057    DFF_X1
comp_dp_a1_int_reg_0_           1.818e+08            2500  0.0006322   1.351e-08   7.607e-05   0.0007083      0.3057    DFF_X1
comp_dp_b0_int_reg_0_           1.818e+08            2500  0.0006322   1.344e-08   7.607e-05   0.0007083      0.3057    DFF_X1
comp_cu_present_state_reg_0_
                                1.818e+08         5.5e+04  0.0006279   1.554e-07   7.916e-05   0.0007072      0.3053    DFF_X1
comp_dp_b1_int_reg_3_           1.818e+08            2500  0.0006279   1.622e-08   7.916e-05    0.000707      0.3052    DFF_X1
comp_dp_a1_int_reg_3_           1.818e+08            2500  0.0006279   1.614e-08   7.916e-05    0.000707      0.3052    DFF_X1
comp_dp_b0_int_reg_4_           1.818e+08            2500  0.0006279   1.587e-08   7.916e-05    0.000707      0.3052    DFF_X1
comp_dp_b0_int_reg_3_           1.818e+08            2500  0.0006279   1.579e-08   7.916e-05    0.000707      0.3052    DFF_X1
comp_dp_b1_int_reg_4_           1.818e+08            2500  0.0006279   1.499e-08   7.916e-05    0.000707      0.3052    DFF_X1
comp_dp_b0_int_reg_1_           1.818e+08            2500  0.0006279   6.373e-09   7.916e-05    0.000707      0.3052    DFF_X1
comp_dp_b1_int_reg_1_           1.818e+08            2500  0.0006279   5.727e-09   7.916e-05    0.000707      0.3052    DFF_X1
comp_dp_a1_int_reg_1_           1.818e+08            2500  0.0006279   5.736e-09   7.916e-05    0.000707      0.3052    DFF_X1
comp_dp_sync_DIN_reg_1_         1.818e+08         2.3e+07   0.000594   1.629e-05   7.903e-05   0.0006894      0.2976    DFF_X1
comp_dp_sync_DIN_reg_2_         1.818e+08         2.1e+07  0.0005869   1.348e-05   7.895e-05   0.0006794      0.2932    DFF_X1
comp_dp_sync_DIN_reg_4_         1.818e+08         1.5e+07   0.000535   9.487e-06   7.868e-05   0.0006231       0.269    DFF_X1
comp_dp_sync_DIN_reg_5_         1.818e+08       6.998e+06   0.000453   4.388e-06    7.87e-05   0.0005361      0.2314    DFF_X1
comp_dp_sync_DIN_reg_6_         1.818e+08       2.998e+06  0.0004152   1.933e-06    7.87e-05   0.0004958       0.214    DFF_X1
comp_dp_sync_DIN_reg_7_         1.818e+08       9.975e+05  0.0003962   6.255e-07    7.87e-05   0.0004756      0.2053    DFF_X1
comp_cu_present_state_reg_1_
                                1.818e+08         2.5e+04  0.0003326   7.319e-08   7.903e-05   0.0004117      0.1777    DFF_X1
----------------------------------------------------------------------------------------------------------------------------
Total                                                        0.03587    0.001562    0.003817     0.04125       17.81    

 
 
Master Clock Power including generated clocks
--------------------------------------------------------------------------------
CLK has total 49 instances
generated clocks: 
                        0.03587    0.001562    0.003817    0.04125      17.81%
--------------------------------------------------------------------------------
Clock network has total 49 instances
                        0.03587    0.001562    0.003817    0.04125      17.81%


Total Power 
-----------------------------------------------------------------------------------------
Total Internal Power:        0.13111736 	   56.5976%
Total Switching Power:       0.07997349 	   34.5211%
Total Leakage Power:         0.02057499 	    8.8813%
Total Power:                 0.23166583 
-----------------------------------------------------------------------------------------


Hierarchy                       Internal   Switching     Leakage       Total  Percentage 
                                Power      Power         Power         Power  (%)        
-----------------------------------------------------------------------------------------


Net                               Toggle Capacitance     Voltage       Power  Percentage 
-----------------------------------------------------------------------------------------
comp_dp_w0[1]                    9.4e+07   2.695e-14         1.1    0.001532      0.6615 
comp_dp_w0[3]                   1.06e+08   2.354e-14         1.1    0.001509      0.6514 
comp_dp_comp_mul_b0_mult_31_n242   1.18e+08   2.057e-14         1.1    0.001468      0.6337 
comp_dp_comp_mul_b0_mult_31_n227   1.29e+08   1.515e-14         1.1    0.001182      0.5103 
comp_dp_comp_mul_b0_mult_31_n208   1.11e+08   1.525e-14         1.1    0.001024       0.442 
comp_dp_comp_mul_b0_mult_31_n214  8.699e+07   1.849e-14         1.1   0.0009731        0.42 
comp_dp_comp_mul_b0_mult_31_n199    7.7e+07   1.943e-14         1.1   0.0009049      0.3906 
comp_dp_w0[7]                  8.395e+07   1.668e-14         1.1    0.000847      0.3656 
comp_dp_comp_mul_b0_mult_31_n244  8.298e+07   1.679e-14         1.1    0.000843      0.3639 
comp_dp_comp_mul_b0_mult_31_n195  8.395e+07   1.586e-14         1.1   0.0008054      0.3477 
comp_dp_comp_mul_b0_mult_31_n203   1.06e+08   1.206e-14         1.1   0.0007734      0.3338 
comp_dp_comp_mul_b0_mult_31_n226   1.13e+08   1.102e-14         1.1   0.0007532      0.3251 
comp_dp_w0[5]                    7.7e+07   1.526e-14         1.1   0.0007108      0.3068 
comp_dp_comp_mul_b0_mult_31_n215  7.397e+07   1.499e-14         1.1   0.0006706      0.2895 
comp_dp_t_tmp[5]                 2.6e+08    3.89e-15         1.1   0.0006118      0.2641 
comp_dp_t_tmp[4]                2.55e+08   3.912e-15         1.1   0.0006036      0.2605 
comp_dp_t_tmp[2]                2.46e+08   4.026e-15         1.1   0.0005991      0.2586 
comp_dp_comp_mul_b0_mult_31_n218    7.7e+07   1.276e-14         1.1   0.0005947      0.2567 
FE_OFN0_comp_dp_w1_1           1.901e+07   5.167e-14         1.1   0.0005942      0.2565 
comp_dp_comp_mul_b0_mult_31_n32   2.47e+08   3.965e-15         1.1   0.0005925      0.2557 
comp_dp_t_tmp[3]                2.48e+08   3.868e-15         1.1   0.0005802      0.2505 
comp_dp_comp_mul_b0_mult_31_n206   1.29e+08   7.399e-15         1.1   0.0005774      0.2492 
comp_dp_t_tmp[6]                2.23e+08   4.108e-15         1.1   0.0005541      0.2392 
comp_dp_w0[2]                   1.18e+08   7.732e-15         1.1   0.0005519      0.2382 
FE_DBTN0_comp_dp_w1_0          2.799e+07   3.193e-14         1.1   0.0005407      0.2334 
comp_dp_t_tmp[0]                2.23e+08   4.006e-15         1.1   0.0005405      0.2333 
comp_dp_t_tmp[1]                2.19e+08   4.019e-15         1.1   0.0005325      0.2298 
comp_dp_comp_mul_b0_mult_31_n205   1.13e+08   7.571e-15         1.1   0.0005176      0.2234 
comp_dp_comp_mul_b0_mult_31_n31   2.22e+08   3.672e-15         1.1   0.0004931      0.2129 
comp_dp_comp_mul_b0_mult_31_n26   2.04e+08   3.962e-15         1.1    0.000489      0.2111 
comp_dp_comp_mul_a1_mult_31_n227    5.2e+07   1.549e-14         1.1   0.0004872      0.2103 
comp_dp_w1[3]                    1.9e+07   4.211e-14         1.1    0.000484      0.2089 
comp_dp_comp_mul_b1_mult_31_n228    5.2e+07   1.517e-14         1.1   0.0004774      0.2061 
comp_dp_comp_mul_b0_mult_31_n22  1.969e+08   3.897e-15         1.1   0.0004643      0.2004 
comp_dp_comp_mul_b0_mult_31_n4   2.45e+08   3.114e-15         1.1   0.0004615      0.1992 
comp_dp_w0[4]                  9.199e+07   8.177e-15         1.1   0.0004551      0.1964 
comp_dp_comp_mul_b0_mult_31_n36    1.9e+08   3.904e-15         1.1   0.0004487      0.1937 
comp_dp_comp_mul_b0_mult_31_n38    1.9e+08   3.872e-15         1.1   0.0004451      0.1921 
comp_dp_comp_mul_b0_mult_31_n212    2.5e+08   2.906e-15         1.1   0.0004395      0.1897 
comp_dp_comp_mul_b0_mult_31_n44   1.73e+08   4.051e-15         1.1   0.0004239       0.183 
comp_dp_comp_mul_b0_mult_31_n18   1.75e+08   3.981e-15         1.1   0.0004215      0.1819 
comp_dp_comp_mul_b0_mult_31_n196   1.98e+08   3.485e-15         1.1   0.0004174      0.1802 
comp_dp_comp_mul_b0_mult_31_n5   2.23e+08   3.067e-15         1.1   0.0004139      0.1786 
comp_dp_comp_mul_b0_mult_31_n27  1.519e+08   4.348e-15         1.1   0.0003997      0.1725 
comp_dp_comp_sum2_add_1_root_add_27_2_carry[3]   2.08e+08    3.13e-15         1.1   0.0003939        0.17 
comp_dp_comp_mul_b0_mult_31_n34   2.14e+08   2.997e-15         1.1   0.0003879      0.1674 
comp_dp_comp_mul_b0_mult_31_n30   1.21e+08   5.278e-15         1.1   0.0003863      0.1668 
comp_dp_comp_mul_b0_mult_31_n17   1.53e+08   4.127e-15         1.1    0.000382      0.1649 
comp_dp_comp_mul_b0_mult_31_n24   1.66e+08   3.774e-15         1.1   0.0003789      0.1636 
comp_dp_comp_mul_b0_mult_31_n201   1.69e+08     3.7e-15         1.1   0.0003783      0.1633 
comp_dp_comp_mul_b0_mult_31_n25   1.63e+08   3.826e-15         1.1   0.0003773      0.1629 
comp_dp_comp_sum2_add_1_root_add_27_2_carry[6]   1.97e+08   3.114e-15         1.1   0.0003712      0.1602 
comp_dp_comp_mul_b0_mult_31_n3   1.99e+08   3.051e-15         1.1   0.0003672      0.1585 
comp_dp_comp_mul_b0_mult_31_n23   1.66e+08   3.633e-15         1.1   0.0003648      0.1575 
comp_dp_comp_mul_b0_mult_31_n2   2.41e+08   2.439e-15         1.1   0.0003555      0.1535 
comp_dp_comp_mul_b0_mult_31_n262   1.15e+08   5.086e-15         1.1   0.0003539      0.1528 
comp_dp_comp_mul_b0_mult_31_n35   1.51e+08   3.871e-15         1.1   0.0003536      0.1526 
comp_dp_comp_mul_b0_mult_31_n6   1.88e+08   3.069e-15         1.1    0.000349      0.1506 
comp_dp_comp_sum2_add_1_root_add_27_2_carry[5]   1.93e+08   2.988e-15         1.1   0.0003489      0.1506 
comp_dp_comp_mul_b0_mult_31_n89   1.42e+08   4.011e-15         1.1   0.0003446      0.1488 
comp_dp_comp_mul_b0_mult_31_n16   1.45e+08   3.884e-15         1.1   0.0003406       0.147 
comp_dp_comp_mul_b0_mult_31_n98   1.31e+08   4.282e-15         1.1   0.0003394      0.1465 
comp_dp_comp_mul_b0_mult_31_n28   1.89e+08   2.948e-15         1.1    0.000337      0.1455 
comp_dp_comp_sum2_add_1_root_add_27_2_carry[4]    1.8e+08   3.039e-15         1.1   0.0003309      0.1428 
comp_dp_comp_mul_b0_mult_31_n47   1.27e+08   4.305e-15         1.1   0.0003307      0.1428 
comp_dp_comp_mul_b0_mult_31_n52   1.51e+08   3.617e-15         1.1   0.0003304      0.1426 
comp_dp_comp_mul_b0_mult_31_n261   1.23e+08   4.428e-15         1.1   0.0003294      0.1422 
comp_dp_comp_mul_b0_mult_31_n37   1.41e+08   3.804e-15         1.1   0.0003246      0.1401 
comp_dp_w0[6]                    6.6e+07   8.078e-15         1.1   0.0003225      0.1392 
comp_dp_comp_mul_b0_mult_31_n40   1.62e+08   3.285e-15         1.1    0.000322       0.139 
comp_dp_comp_mul_b0_mult_31_n39  1.139e+08   4.637e-15         1.1   0.0003196       0.138 
comp_dp_comp_sum2_add_1_root_add_27_2_carry[2]   1.74e+08   3.011e-15         1.1    0.000317      0.1368 
comp_dp_comp_mul_b0_mult_31_n73   1.22e+08   4.107e-15         1.1   0.0003031      0.1308 
comp_dp_comp_mul_b0_mult_31_n233  1.399e+08   3.557e-15         1.1   0.0003012        0.13 
comp_dp_comp_mul_b0_mult_31_n19  8.499e+07   5.845e-15         1.1   0.0003006      0.1297 
comp_dp_comp_mul_b0_mult_31_n91   1.39e+08    3.56e-15         1.1   0.0002993      0.1292 
comp_dp_comp_mul_b0_mult_31_n81   1.23e+08   3.966e-15         1.1   0.0002951      0.1274 
FE_DBTN1_comp_dp_w1_3            1.9e+07   2.566e-14         1.1    0.000295      0.1273 
comp_dp_comp_mul_b0_mult_31_n21   1.24e+08   3.824e-15         1.1   0.0002868      0.1238 
comp_dp_comp_mul_b0_mult_31_n83   1.25e+08   3.728e-15         1.1   0.0002819      0.1217 
comp_dp_comp_mul_b0_mult_31_n204   1.21e+08    3.79e-15         1.1   0.0002774      0.1197 
comp_dp_comp_sum2_add_1_root_add_27_2_carry[1]  1.541e+08   2.959e-15         1.1   0.0002758       0.119 
comp_dp_comp_mul_b0_mult_31_n71   1.18e+08   3.862e-15         1.1   0.0002757       0.119 
comp_dp_comp_mul_b0_mult_31_n42   1.16e+08   3.923e-15         1.1   0.0002753      0.1188 
comp_dp_y[4]                    3.09e+08   1.472e-15         1.1   0.0002751      0.1187 
comp_dp_comp_mul_b0_mult_31_n95   1.06e+08   4.253e-15         1.1   0.0002728      0.1177 
comp_dp_comp_mul_b0_mult_31_n88   1.22e+08   3.661e-15         1.1   0.0002702      0.1166 
comp_dp_w0[0]                   1.11e+08   3.984e-15         1.1   0.0002676      0.1155 
comp_dp_comp_mul_b0_mult_31_n46   1.51e+08   2.915e-15         1.1   0.0002663      0.1149 
comp_dp_comp_mul_b0_mult_31_n87   1.46e+08   3.014e-15         1.1   0.0002662      0.1149 
comp_dp_comp_mul_b0_mult_31_n33   1.03e+08   4.271e-15         1.1   0.0002661      0.1149 
comp_dp_w1[2]                  3.299e+07   1.323e-14         1.1   0.0002641       0.114 
comp_dp_comp_mul_b0_mult_31_n70   1.04e+08   4.133e-15         1.1     0.00026      0.1122 
comp_dp_comp_mul_b0_mult_31_n207   1.06e+08   4.022e-15         1.1   0.0002579      0.1113 
comp_dp_comp_mul_b0_mult_31_n90   1.45e+08   2.911e-15         1.1   0.0002554      0.1102 
comp_dp_comp_mul_b0_mult_31_n75   1.18e+08   3.574e-15         1.1   0.0002552      0.1101 
comp_dp_y[2]                    3.02e+08   1.391e-15         1.1   0.0002541      0.1097 
comp_dp_y[1]                    2.83e+08   1.476e-15         1.1   0.0002528      0.1091 
comp_dp_comp_mul_b0_mult_31_n94   1.06e+08   3.883e-15         1.1    0.000249      0.1075 
comp_dp_comp_mul_a1_mult_31_n207    5.2e+07   7.914e-15         1.1    0.000249      0.1075 
comp_dp_comp_mul_b0_mult_31_n240   1.06e+08   3.866e-15         1.1   0.0002479       0.107 
comp_dp_y[5]                    2.96e+08   1.353e-15         1.1   0.0002423      0.1046 
comp_dp_comp_mul_b0_mult_31_n79  9.998e+07   3.972e-15         1.1   0.0002403      0.1037 
comp_dp_comp_mul_b0_mult_31_n238   1.06e+08   3.738e-15         1.1   0.0002397      0.1035 
comp_dp_comp_mul_b1_mult_31_n208    5.2e+07   7.551e-15         1.1   0.0002376      0.1025 
comp_dp_comp_mul_b0_mult_31_n72   1.03e+08   3.803e-15         1.1    0.000237      0.1023 
comp_dp_comp_mul_b0_mult_31_n239   1.06e+08   3.692e-15         1.1   0.0002367      0.1022 
comp_dp_comp_mul_b0_mult_31_n82  9.999e+07   3.894e-15         1.1   0.0002356      0.1017 
comp_dp_comp_mul_b0_mult_31_n228   1.06e+08   3.643e-15         1.1   0.0002336      0.1008 
comp_dp_comp_mul_b0_mult_31_n241   1.06e+08    3.64e-15         1.1   0.0002334      0.1007 
comp_dp_comp_mul_b0_mult_31_n263   1.06e+08   3.639e-15         1.1   0.0002333      0.1007 
comp_dp_y[0]                     2.9e+08   1.323e-15         1.1   0.0002321      0.1002 
comp_dp_comp_mul_b0_mult_31_n220    9.4e+07   4.061e-15         1.1    0.000231      0.0997 
comp_dp_comp_mul_b0_mult_31_n15   1.44e+08   2.649e-15         1.1   0.0002307     0.09958 
comp_dp_comp_mul_b0_mult_31_n7   1.28e+08   2.969e-15         1.1   0.0002299     0.09923 
comp_dp_comp_mul_b0_mult_31_n229   1.06e+08   3.571e-15         1.1    0.000229     0.09883 
comp_dp_comp_mul_b0_mult_31_n80  9.698e+07   3.883e-15         1.1   0.0002278     0.09834 
comp_dp_fb[0]                    8.8e+07   4.247e-15         1.1   0.0002261      0.0976 
comp_dp_comp_mul_b0_mult_31_n85   1.21e+08   3.083e-15         1.1   0.0002257     0.09742 
comp_dp_y[3]                    2.94e+08   1.265e-15         1.1    0.000225     0.09714 
comp_dp_comp_mul_b0_mult_31_n231   1.02e+08   3.597e-15         1.1   0.0002219      0.0958 
comp_dp_comp_mul_b0_mult_31_n230  9.699e+07   3.778e-15         1.1   0.0002217      0.0957 
comp_dp_comp_mul_b0_mult_31_n221    9.4e+07    3.86e-15         1.1   0.0002195     0.09475 
comp_dp_comp_mul_b0_mult_31_n48   1.98e+08   1.825e-15         1.1   0.0002186     0.09437 
comp_dp_comp_mul_b0_mult_31_n43  8.799e+07   4.103e-15         1.1   0.0002184     0.09428 
comp_dp_comp_mul_b0_mult_31_n50   1.22e+08   2.933e-15         1.1   0.0002165     0.09343 
comp_dp_comp_mul_b0_mult_31_n97    8.4e+07   4.242e-15         1.1   0.0002156     0.09306 
comp_dp_comp_mul_b0_mult_31_n78  8.499e+07   4.142e-15         1.1    0.000213     0.09194 
comp_dp_comp_mul_b0_mult_31_n222    9.4e+07   3.743e-15         1.1   0.0002129     0.09188 
comp_dp_comp_mul_b0_mult_31_n8   1.19e+08   2.932e-15         1.1   0.0002111     0.09111 
comp_dp_y[6]                    2.73e+08   1.277e-15         1.1   0.0002109     0.09105 
comp_dp_comp_mul_b0_mult_31_n217    9.4e+07   3.695e-15         1.1   0.0002101      0.0907 
comp_dp_comp_mul_b0_mult_31_n197  8.499e+07   4.035e-15         1.1   0.0002075     0.08956 
comp_dp_comp_mul_b0_mult_31_n219    9.4e+07   3.632e-15         1.1   0.0002065     0.08915 
comp_dp_comp_mul_b0_mult_31_n254  8.395e+07    4.04e-15         1.1   0.0002052     0.08856 
comp_dp_comp_mul_b0_mult_31_n223    9.4e+07   3.596e-15         1.1   0.0002045     0.08827 
comp_dp_comp_mul_b0_mult_31_n53  9.297e+07    3.57e-15         1.1   0.0002008     0.08669 
comp_dp_comp_mul_a1_mult_31_n226      3e+07   1.105e-14         1.1   0.0002005     0.08655 
comp_dp_comp_mul_b0_mult_31_n65  9.698e+07   3.393e-15         1.1   0.0001991     0.08593 
comp_dp_comp_mul_b0_mult_31_n256  8.395e+07   3.906e-15         1.1   0.0001984     0.08563 
comp_dp_comp_mul_b0_mult_31_n258  8.395e+07   3.832e-15         1.1   0.0001946       0.084 
comp_dp_comp_mul_b0_mult_31_n9    8.8e+07   3.649e-15         1.1   0.0001943     0.08387 
comp_dp_comp_mul_b0_mult_31_n45  7.899e+07   4.047e-15         1.1   0.0001934      0.0835 
comp_dp_comp_mul_b1_mult_31_n227      3e+07   1.063e-14         1.1    0.000193     0.08332 
comp_dp_comp_mul_b0_mult_31_n216  8.395e+07   3.739e-15         1.1   0.0001899     0.08198 
comp_dp_comp_mul_b0_mult_31_n257  8.395e+07   3.715e-15         1.1   0.0001887     0.08145 
comp_dp_comp_mul_b0_mult_31_n96    8.4e+07   3.629e-15         1.1   0.0001844     0.07961 
comp_dp_comp_mul_b0_mult_31_n237    8.4e+07   3.619e-15         1.1   0.0001839      0.0794 
comp_dp_comp_mul_b0_mult_31_n49  6.698e+07    4.39e-15         1.1   0.0001779      0.0768 
comp_dp_comp_mul_b0_mult_31_n255  8.395e+07   3.502e-15         1.1   0.0001779     0.07678 
comp_dp_ff_tmp[0]              8.101e+07   3.628e-15         1.1   0.0001778     0.07674 
comp_dp_comp_mul_b0_mult_31_n247    7.7e+07   3.799e-15         1.1    0.000177     0.07639 
comp_dp_comp_mul_b0_mult_31_n54   1.69e+08   1.715e-15         1.1   0.0001753     0.07569 
comp_dp_fb[2]                  7.599e+07   3.799e-15         1.1   0.0001746     0.07538 
comp_dp_comp_mul_b0_mult_31_n250    7.7e+07   3.716e-15         1.1   0.0001731     0.07472 
comp_dp_fb[1]                    7.1e+07   4.015e-15         1.1   0.0001725     0.07444 
comp_dp_comp_mul_b0_mult_31_n252    7.7e+07   3.692e-15         1.1    0.000172     0.07425 
comp_dp_comp_mul_b0_mult_31_n249    7.7e+07   3.687e-15         1.1   0.0001717     0.07413 
comp_dp_comp_mul_b0_mult_31_n246    7.7e+07    3.68e-15         1.1   0.0001714     0.07399 
comp_dp_comp_mul_b0_mult_31_n245    7.7e+07   3.663e-15         1.1   0.0001707     0.07366 
comp_dp_comp_mul_b0_mult_31_n248    7.7e+07   3.657e-15         1.1   0.0001703     0.07353 
comp_dp_ff_tmp[2]                7.7e+07   3.613e-15         1.1   0.0001683     0.07266 
comp_dp_ff_tmp[4]              7.199e+07   3.859e-15         1.1   0.0001681     0.07255 
comp_dp_ff_tmp[5]              7.399e+07   3.697e-15         1.1   0.0001655     0.07143 
comp_dp_comp_mul_b0_mult_31_n66  7.998e+07   3.407e-15         1.1   0.0001649     0.07117 
comp_dp_ff_tmp[3]                7.2e+07   3.752e-15         1.1   0.0001634     0.07054 
comp_dp_fb[6]                  7.198e+07   3.727e-15         1.1   0.0001623     0.07005 
comp_dp_fb[7]                  7.298e+07   3.671e-15         1.1   0.0001621     0.06996 
comp_dp_fb[3]                  6.999e+07   3.715e-15         1.1   0.0001573     0.06791 
comp_dp_comp_mul_b0_mult_31_n211   1.06e+08   2.451e-15         1.1   0.0001572     0.06784 
DOUT[3]                        3.099e+07   8.211e-15         1.1    0.000154     0.06646 
comp_dp_comp_mul_b0_mult_31_n224   1.06e+08   2.391e-15         1.1   0.0001534      0.0662 
comp_dp_comp_mul_b0_mult_31_n198  8.499e+07   2.959e-15         1.1   0.0001522     0.06569 
comp_dp_comp_mul_a1_mult_31_n218  1.899e+07    1.32e-14         1.1   0.0001516     0.06546 
comp_dp_comp_mul_a1_mult_31_n206      3e+07   8.152e-15         1.1    0.000148     0.06387 
comp_dp_comp_mul_b1_mult_31_n219  1.899e+07   1.282e-14         1.1   0.0001473     0.06359 
comp_dp_fb[5]                  6.598e+07   3.688e-15         1.1   0.0001472     0.06355 
comp_dp_ff_tmp[1]              6.599e+07   3.645e-15         1.1   0.0001455     0.06282 
comp_dp_comp_mul_b1_mult_31_n32  5.799e+07   4.129e-15         1.1   0.0001449     0.06253 
comp_dp_comp_mul_b1_mult_31_n207      3e+07   7.738e-15         1.1   0.0001405     0.06063 
comp_dp_comp_mul_b0_mult_31_n265   1.26e+08   1.825e-15         1.1   0.0001391     0.06006 
comp_dp_comp_mul_b0_mult_31_n41  7.899e+07   2.908e-15         1.1    0.000139     0.05999 
comp_dp_n17                     1.18e+08   1.891e-15         1.1    0.000135     0.05825 
comp_dp_comp_mul_b0_mult_31_n264    1.2e+08   1.835e-15         1.1   0.0001332     0.05749 
comp_dp_fb[4]                  5.798e+07   3.789e-15         1.1   0.0001329     0.05737 
comp_dp_comp_mul_a1_mult_31_n262      4e+07   5.467e-15         1.1   0.0001323     0.05711 
comp_dp_comp_mul_a1_mult_31_n30      4e+07   5.462e-15         1.1   0.0001322     0.05705 
comp_dp_n19                     1.11e+08   1.934e-15         1.1   0.0001298     0.05604 
comp_dp_comp_mul_b0_mult_31_n194   1.23e+08   1.738e-15         1.1   0.0001293     0.05582 
comp_dp_comp_sum1_add_1_root_add_27_2_carry[3]  6.898e+07   3.092e-15         1.1    0.000129      0.0557 
comp_dp_comp_mul_a1_mult_31_n32  5.499e+07   3.874e-15         1.1   0.0001289     0.05563 
comp_dp_comp_mul_a1_mult_31_n22  5.199e+07   4.085e-15         1.1   0.0001285     0.05547 
comp_dp_comp_mul_b1_mult_31_n30      4e+07   5.305e-15         1.1   0.0001284     0.05541 
FE_OFN1_comp_dp_comp_mul_b1_mult_31_n243      1e+07   2.073e-14         1.1   0.0001255     0.05416 
comp_dp_comp_mul_a1_mult_31_n242      1e+07   2.058e-14         1.1   0.0001246     0.05377 
comp_dp_comp_mul_b1_mult_31_n263      4e+07   5.123e-15         1.1    0.000124     0.05352 
comp_dp_ff_tmp[6]              5.599e+07   3.656e-15         1.1   0.0001238     0.05346 
comp_dp_comp_mul_b0_mult_31_n225   1.06e+08   1.895e-15         1.1   0.0001215     0.05244 
comp_dp_comp_mul_b0_mult_31_n202   1.06e+08   1.893e-15         1.1   0.0001214     0.05238 
comp_dp_comp_mul_b1_mult_31_n52    5.3e+07   3.702e-15         1.1   0.0001187     0.05124 
comp_dp_n16                     1.06e+08    1.85e-15         1.1   0.0001186     0.05119 
comp_dp_comp_mul_a1_mult_31_n212  7.198e+07   2.722e-15         1.1   0.0001186     0.05117 
comp_dp_comp_mul_b1_mult_31_n44    4.9e+07   3.982e-15         1.1    0.000118     0.05096 
FE_DBTN2_comp_dp_w1_5          4.998e+06   3.887e-14         1.1   0.0001175     0.05073 
comp_dp_comp_mul_b1_mult_31_n24  5.199e+07   3.701e-15         1.1   0.0001164     0.05025 
comp_dp_comp_mul_b1_mult_31_n22  4.899e+07   3.922e-15         1.1   0.0001163     0.05018 
comp_dp_comp_mul_b1_mult_31_n199  5.499e+07   3.411e-15         1.1   0.0001135     0.04899 
comp_dp_comp_mul_a1_mult_31_n52    5.1e+07   3.661e-15         1.1    0.000113     0.04876 
comp_dp_comp_sum1_add_1_root_add_27_2_carry[6]  6.298e+07   2.906e-15         1.1   0.0001107      0.0478 
comp_dp_comp_mul_a1_mult_31_n44    4.7e+07   3.853e-15         1.1   0.0001096      0.0473 
comp_dp_comp_mul_b0_mult_31_n253  8.395e+07   2.146e-15         1.1    0.000109     0.04705 
comp_dp_comp_mul_a1_mult_31_n198    5.1e+07   3.529e-15         1.1   0.0001089       0.047 
comp_dp_comp_mul_b1_mult_31_n4    5.9e+07   3.047e-15         1.1   0.0001087     0.04694 
comp_dp_comp_mul_b1_mult_31_n5    5.7e+07   3.141e-15         1.1   0.0001083     0.04675 
DOUT[2]                        2.201e+07    8.06e-15         1.1   0.0001073     0.04633 
comp_dp_comp_mul_b0_mult_31_n266  9.799e+07   1.788e-15         1.1    0.000106     0.04577 
comp_dp_n18                    9.399e+07   1.856e-15         1.1   0.0001055     0.04556 
comp_dp_comp_mul_a1_mult_31_n89    4.3e+07   4.038e-15         1.1   0.0001051     0.04535 
comp_dp_comp_mul_b1_mult_31_n202  4.999e+07   3.459e-15         1.1   0.0001046     0.04516 
comp_dp_n15                    9.198e+07   1.879e-15         1.1   0.0001046     0.04514 
comp_dp_comp_sum1_add_1_root_add_27_2_carry[2]  5.699e+07   3.033e-15         1.1   0.0001046     0.04514 
comp_dp_comp_mul_a1_mult_31_n88  4.699e+07   3.678e-15         1.1   0.0001046     0.04513 
DOUT[1]                          2.3e+07   7.507e-15         1.1   0.0001045      0.0451 
comp_dp_comp_mul_a1_mult_31_n201  4.999e+07   3.452e-15         1.1   0.0001044     0.04507 
comp_dp_comp_mul_b1_mult_31_n89    4.3e+07   3.949e-15         1.1   0.0001027     0.04434 
comp_dp_comp_mul_a1_mult_31_n4  5.699e+07   2.974e-15         1.1   0.0001025     0.04426 
comp_dp_comp_sum1_add_1_root_add_27_2_carry[5]  5.497e+07   3.067e-15         1.1    0.000102     0.04402 
comp_dp_comp_mul_b1_mult_31_n18  4.199e+07   3.997e-15         1.1   0.0001015     0.04383 
comp_dp_comp_mul_a1_mult_31_n3  5.799e+07   2.889e-15         1.1   0.0001013     0.04374 
comp_dp_comp_mul_b1_mult_31_n213  6.099e+07   2.728e-15         1.1   0.0001007     0.04345 
comp_dp_comp_mul_a1_mult_31_n2  6.898e+07   2.372e-15         1.1   9.897e-05     0.04272 
comp_dp_comp_mul_b0_mult_31_n234  9.097e+07   1.796e-15         1.1   9.884e-05     0.04267 
comp_dp_n10                    8.394e+07   1.936e-15         1.1   9.832e-05     0.04244 
comp_dp_comp_sum1_add_1_root_add_27_2_carry[7]  5.397e+07   3.009e-15         1.1   9.826e-05     0.04241 
comp_dp_comp_sum1_add_1_root_add_27_2_carry[1]  5.499e+07   2.948e-15         1.1    9.81e-05     0.04234 
comp_dp_comp_mul_b1_mult_31_n231    3.9e+07   4.142e-15         1.1   9.773e-05     0.04219 
comp_dp_comp_mul_a1_mult_31_n24  4.799e+07   3.363e-15         1.1   9.764e-05     0.04215 
comp_dp_comp_mul_b1_mult_31_n31    4.3e+07   3.739e-15         1.1   9.726e-05     0.04198 
comp_dp_comp_sum1_add_1_root_add_27_2_carry[4]  5.397e+07   2.978e-15         1.1   9.724e-05     0.04198 
comp_dp_comp_mul_b0_mult_31_n260  8.198e+07   1.958e-15         1.1   9.711e-05     0.04192 
comp_dp_comp_mul_b0_mult_31_n251  8.499e+07   1.879e-15         1.1   9.662e-05     0.04171 
comp_dp_comp_mul_b1_mult_31_n23  4.399e+07   3.623e-15         1.1   9.643e-05     0.04163 
comp_dp_comp_mul_a1_mult_31_n47    3.4e+07   4.685e-15         1.1   9.637e-05      0.0416 
comp_dp_comp_mul_a1_mult_31_n31    4.2e+07   3.777e-15         1.1   9.596e-05     0.04142 
comp_dp_comp_mul_a1_mult_31_n36    4.1e+07   3.866e-15         1.1   9.589e-05     0.04139 
comp_dp_comp_mul_b1_mult_31_n87  4.699e+07   3.367e-15         1.1   9.573e-05     0.04132 
comp_dp_comp_mul_a1_mult_31_n18  3.999e+07   3.955e-15         1.1   9.569e-05      0.0413 
comp_dp_comp_mul_a1_mult_31_n38  4.101e+07   3.854e-15         1.1   9.561e-05     0.04127 
comp_dp_comp_mul_b1_mult_31_n3    5.2e+07   3.007e-15         1.1    9.46e-05     0.04083 
comp_dp_comp_mul_a1_mult_31_n230      4e+07   3.883e-15         1.1   9.397e-05     0.04056 
comp_dp_comp_mul_a1_mult_31_n23  4.199e+07    3.67e-15         1.1   9.323e-05     0.04024 
comp_dp_comp_mul_b1_mult_31_n46    4.6e+07   3.347e-15         1.1   9.315e-05     0.04021 
comp_dp_comp_mul_b0_mult_31_n213  8.395e+07   1.831e-15         1.1   9.298e-05     0.04013 
comp_dp_n6                      1.18e+08     1.3e-15         1.1    9.28e-05     0.04006 
comp_dp_comp_mul_a1_mult_31_n6  5.199e+07   2.947e-15         1.1   9.269e-05     0.04001 
comp_dp_n5                      1.06e+08   1.432e-15         1.1   9.181e-05     0.03963 
comp_dp_comp_mul_b1_mult_31_n90  5.099e+07   2.972e-15         1.1   9.168e-05     0.03957 
comp_dp_comp_mul_b1_mult_31_n91    4.2e+07   3.594e-15         1.1   9.132e-05     0.03942 
comp_dp_comp_mul_b0_mult_31_n200  4.399e+07   3.427e-15         1.1   9.121e-05     0.03937 
comp_dp_comp_mul_a1_mult_31_n90  5.099e+07   2.945e-15         1.1   9.086e-05     0.03922 
comp_dp_n8                      1.11e+08   1.353e-15         1.1   9.081e-05      0.0392 
comp_dp_comp_mul_b1_mult_31_n36    4.1e+07   3.658e-15         1.1   9.073e-05     0.03916 
comp_dp_comp_mul_b1_mult_31_n38  3.799e+07   3.911e-15         1.1    8.99e-05      0.0388 
comp_dp_comp_mul_b1_mult_31_n196      4e+07   3.713e-15         1.1   8.986e-05     0.03879 
comp_dp_comp_mul_b0_mult_31_n243    7.7e+07   1.928e-15         1.1    8.98e-05     0.03876 
comp_dp_n14                    7.699e+07   1.893e-15         1.1   8.818e-05     0.03806 
comp_dp_comp_mul_b1_mult_31_n6    4.6e+07   3.167e-15         1.1   8.814e-05     0.03805 
comp_dp_comp_mul_a1_mult_31_n195      4e+07    3.64e-15         1.1   8.809e-05     0.03802 
comp_dp_comp_mul_a1_mult_31_n91    4.2e+07    3.45e-15         1.1   8.768e-05     0.03785 
comp_dp_comp_mul_a1_mult_31_n5  4.599e+07   3.141e-15         1.1    8.74e-05     0.03773 
comp_dp_comp_mul_b1_mult_31_n47  3.301e+07   4.336e-15         1.1    8.66e-05     0.03738 
comp_dp_comp_mul_b1_mult_31_n98    3.5e+07   4.061e-15         1.1   8.599e-05     0.03712 
comp_dp_comp_mul_a1_mult_31_n98    3.5e+07   3.914e-15         1.1   8.287e-05     0.03577 
comp_dp_comp_mul_a1_mult_31_n8  4.499e+07   3.008e-15         1.1   8.188e-05     0.03534 
comp_dp_comp_mul_b1_mult_31_n40    4.1e+07   3.275e-15         1.1   8.124e-05     0.03507 
comp_dp_comp_mul_b1_mult_31_n28    4.5e+07   2.981e-15         1.1   8.114e-05     0.03503 
comp_dp_comp_mul_b1_mult_31_n26    3.4e+07   3.907e-15         1.1   8.037e-05     0.03469 
comp_dp_comp_mul_b1_mult_31_n2  5.499e+07   2.408e-15         1.1   8.011e-05     0.03458 
comp_dp_n13                    6.598e+07   2.005e-15         1.1   8.002e-05     0.03454 
comp_dp_comp_mul_a1_mult_31_n21    3.3e+07   3.994e-15         1.1   7.975e-05     0.03442 
comp_dp_comp_mul_a1_mult_31_n85      4e+07   3.285e-15         1.1    7.95e-05     0.03432 
comp_dp_comp_mul_b0_mult_31_n259  7.298e+07   1.788e-15         1.1   7.894e-05     0.03408 
comp_dp_comp_mul_a1_mult_31_n9    3.4e+07   3.825e-15         1.1   7.868e-05     0.03396 
DOUT[4]                          1.5e+07   8.563e-15         1.1    7.77e-05     0.03354 
comp_dp_n7                     9.399e+07   1.346e-15         1.1   7.653e-05     0.03304 
comp_dp_comp_mul_a1_mult_31_n26    3.2e+07   3.943e-15         1.1   7.634e-05     0.03295 
comp_dp_comp_mul_a1_mult_31_n53  3.499e+07   3.576e-15         1.1   7.571e-05     0.03268 
comp_dp_x[2]                     3.1e+07   3.994e-15         1.1   7.491e-05     0.03233 
comp_dp_comp_mul_b1_mult_31_n25    3.2e+07   3.827e-15         1.1   7.409e-05     0.03198 
comp_dp_comp_mul_b1_mult_31_n195    2.8e+07   4.347e-15         1.1   7.364e-05     0.03179 
comp_dp_comp_mul_a1_mult_31_n25    3.2e+07   3.802e-15         1.1   7.361e-05     0.03178 
comp_dp_comp_mul_b1_mult_31_n53  3.499e+07   3.447e-15         1.1   7.297e-05      0.0315 
comp_dp_comp_mul_b1_mult_31_n85      4e+07   3.015e-15         1.1   7.297e-05      0.0315 
comp_dp_w1[0]                  2.799e+07   4.307e-15         1.1   7.294e-05     0.03149 
comp_dp_comp_mul_a1_mult_31_n95    2.8e+07   4.267e-15         1.1   7.228e-05      0.0312 
comp_dp_comp_mul_a1_mult_31_n194    2.8e+07   4.262e-15         1.1   7.219e-05     0.03116 
comp_dp_comp_mul_a1_mult_31_n40    3.8e+07   3.138e-15         1.1   7.214e-05     0.03114 
comp_dp_comp_mul_a1_mult_31_n87  3.599e+07   3.311e-15         1.1   7.209e-05     0.03112 
comp_dp_comp_mul_a1_mult_31_n28    3.8e+07   3.105e-15         1.1   7.139e-05     0.03082 
comp_dp_comp_mul_a1_mult_31_n233    3.3e+07   3.564e-15         1.1   7.115e-05     0.03071 
comp_dp_n4                     9.198e+07   1.277e-15         1.1   7.105e-05     0.03067 
comp_dp_comp_mul_a1_mult_31_n231    3.2e+07   3.646e-15         1.1   7.059e-05     0.03047 
comp_dp_comp_mul_a1_mult_31_n37    2.9e+07   4.003e-15         1.1   7.023e-05     0.03032 
comp_dp_comp_mul_b1_mult_31_n7    3.8e+07   3.046e-15         1.1   7.004e-05     0.03024 
comp_dp_comp_mul_b1_mult_31_n234    3.3e+07   3.507e-15         1.1   7.001e-05     0.03022 
comp_dp_w1[5]                  4.998e+06   2.281e-14         1.1   6.896e-05     0.02977 
comp_dp_comp_mul_b1_mult_31_n232    3.2e+07   3.533e-15         1.1    6.84e-05     0.02953 
comp_dp_n3                     7.699e+07   1.461e-15         1.1   6.806e-05     0.02938 
comp_dp_comp_mul_a1_mult_31_n94    2.8e+07   4.002e-15         1.1   6.779e-05     0.02926 
comp_dp_comp_mul_a1_mult_31_n46    3.8e+07   2.919e-15         1.1   6.712e-05     0.02897 
comp_dp_comp_mul_b1_mult_31_n37    2.9e+07   3.792e-15         1.1   6.653e-05     0.02872 
comp_dp_comp_mul_b1_mult_31_n39    2.6e+07   4.212e-15         1.1   6.625e-05      0.0286 
comp_dp_n1                     8.394e+07   1.299e-15         1.1   6.599e-05     0.02848 
comp_dp_comp_mul_b1_mult_31_n95    2.8e+07   3.854e-15         1.1   6.528e-05     0.02818 
comp_dp_comp_mul_a1_mult_31_n34    3.6e+07   2.979e-15         1.1   6.489e-05     0.02801 
comp_dp_comp_mul_b1_mult_31_n94    2.8e+07    3.81e-15         1.1   6.454e-05     0.02786 
comp_dp_comp_mul_a1_mult_31_n39    2.2e+07   4.791e-15         1.1   6.376e-05     0.02752 
comp_dp_comp_mul_b1_mult_31_n35    2.7e+07    3.89e-15         1.1   6.354e-05     0.02743 
comp_dp_comp_mul_a1_mult_31_n35    2.7e+07   3.863e-15         1.1   6.309e-05     0.02723 
comp_dp_comp_mul_a1_mult_31_n96    2.8e+07   3.693e-15         1.1   6.256e-05       0.027 
comp_dp_comp_mul_a1_mult_31_n45    2.4e+07   4.251e-15         1.1   6.172e-05     0.02664 
comp_dp_comp_mul_b1_mult_31_n48  5.499e+07    1.85e-15         1.1   6.155e-05     0.02657 
comp_dp_comp_mul_b1_mult_31_n8    3.5e+07   2.902e-15         1.1   6.145e-05     0.02652 
comp_dp_comp_mul_a1_mult_31_n97  2.499e+07   4.059e-15         1.1   6.138e-05     0.02649 
comp_dp_comp_mul_b1_mult_31_n97  2.301e+07   4.408e-15         1.1   6.137e-05     0.02649 
comp_dp_comp_mul_a1_mult_31_n7  3.299e+07   3.063e-15         1.1   6.114e-05     0.02639 
comp_dp_comp_mul_b1_mult_31_n88    3.4e+07   2.954e-15         1.1   6.078e-05     0.02624 
comp_dp_comp_mul_b1_mult_31_n45    2.2e+07   4.538e-15         1.1   6.041e-05     0.02608 
comp_dp_comp_mul_b1_mult_31_n224  1.901e+07   5.212e-15         1.1   5.994e-05     0.02587 
comp_dp_comp_mul_b1_mult_31_n9    2.7e+07   3.575e-15         1.1    5.84e-05     0.02521 
comp_dp_comp_mul_b1_mult_31_n96  2.499e+07   3.856e-15         1.1   5.831e-05     0.02517 
comp_dp_comp_mul_a1_mult_31_n48    5.1e+07   1.853e-15         1.1   5.718e-05     0.02468 
comp_dp_comp_mul_b1_mult_31_n34    3.2e+07   2.952e-15         1.1   5.715e-05     0.02467 
comp_dp_comp_mul_a1_mult_31_n54  4.999e+07   1.881e-15         1.1   5.687e-05     0.02455 
comp_dp_comp_mul_b1_mult_31_n54  4.999e+07   1.873e-15         1.1   5.665e-05     0.02445 
comp_dp_x[0]                     2.3e+07   3.991e-15         1.1   5.554e-05     0.02397 
comp_dp_comp_mul_a1_mult_31_n237  2.499e+07   3.606e-15         1.1   5.453e-05     0.02354 
comp_dp_comp_mul_b1_mult_31_n238  2.499e+07   3.579e-15         1.1   5.412e-05     0.02336 
comp_dp_x[1]                     2.1e+07   4.156e-15         1.1   5.281e-05      0.0228 
comp_dp_comp_mul_b1_mult_31_n43    2.1e+07   4.118e-15         1.1   5.232e-05     0.02258 
comp_dp_comp_mul_b0_mult_31_n51  4.399e+07   1.957e-15         1.1    5.21e-05     0.02249 
comp_dp_w1[4]                  8.998e+06   9.415e-15         1.1   5.125e-05     0.02212 
comp_dp_comp_mul_b1_mult_31_n17  1.999e+07   4.202e-15         1.1   5.083e-05     0.02194 
comp_dp_n2                     6.598e+07    1.26e-15         1.1   5.029e-05     0.02171 
comp_dp_comp_mul_a1_mult_31_n17  1.899e+07     4.3e-15         1.1   4.941e-05     0.02133 
comp_dp_comp_mul_a1_mult_31_n220  1.901e+07   4.254e-15         1.1   4.892e-05     0.02112 
comp_dp_comp_mul_a1_mult_31_n43      2e+07   3.964e-15         1.1   4.797e-05     0.02071 
comp_dp_comp_mul_b1_mult_31_n27    1.9e+07    4.16e-15         1.1   4.782e-05     0.02064 
comp_dp_comp_mul_b1_mult_31_n221  1.901e+07   3.951e-15         1.1   4.543e-05     0.01961 
comp_dp_comp_mul_b1_mult_31_n240    1.9e+07   3.849e-15         1.1   4.424e-05      0.0191 
comp_dp_comp_mul_b1_mult_31_n223  1.901e+07   3.836e-15         1.1   4.411e-05     0.01904 
comp_dp_comp_mul_a1_mult_31_n222  1.901e+07   3.834e-15         1.1   4.409e-05     0.01903 
comp_dp_comp_mul_a1_mult_31_n221  1.901e+07   3.812e-15         1.1   4.384e-05     0.01892 
comp_dp_comp_mul_a1_mult_31_n217  1.901e+07   3.775e-15         1.1   4.341e-05     0.01874 
comp_dp_comp_mul_b1_mult_31_n230    1.9e+07   3.739e-15         1.1   4.298e-05     0.01855 
comp_dp_comp_mul_a1_mult_31_n239    1.9e+07   3.725e-15         1.1   4.281e-05     0.01848 
comp_dp_comp_mul_b1_mult_31_n220  1.901e+07   3.723e-15         1.1   4.281e-05     0.01848 
comp_dp_comp_mul_b1_mult_31_n229    1.9e+07   3.721e-15         1.1   4.276e-05     0.01846 
comp_dp_comp_mul_b1_mult_31_n222  1.901e+07   3.706e-15         1.1   4.261e-05     0.01839 
comp_dp_comp_mul_a1_mult_31_n263    1.9e+07   3.706e-15         1.1   4.259e-05     0.01838 
comp_dp_comp_mul_b1_mult_31_n239    1.9e+07   3.704e-15         1.1   4.258e-05     0.01838 
comp_dp_comp_mul_b1_mult_31_n241    1.9e+07   3.688e-15         1.1   4.238e-05      0.0183 
comp_dp_comp_mul_a1_mult_31_n228    1.9e+07   3.673e-15         1.1   4.221e-05     0.01822 
comp_dp_comp_mul_b1_mult_31_n218  1.901e+07   3.669e-15         1.1   4.219e-05     0.01821 
comp_dp_comp_mul_a1_mult_31_n229    1.9e+07   3.661e-15         1.1   4.208e-05     0.01816 
comp_dp_comp_mul_b1_mult_31_n242    1.9e+07   3.659e-15         1.1   4.206e-05     0.01815 
comp_dp_comp_mul_b1_mult_31_n245  4.003e+06   1.725e-14         1.1   4.177e-05     0.01803 
comp_dp_comp_mul_a1_mult_31_n223  1.901e+07   3.609e-15         1.1    4.15e-05     0.01791 
comp_dp_comp_mul_a1_mult_31_n219  1.901e+07   3.595e-15         1.1   4.134e-05     0.01784 
comp_dp_comp_mul_a1_mult_31_n238    1.9e+07   3.565e-15         1.1   4.097e-05     0.01769 
comp_dp_comp_mul_a1_mult_31_n240    1.9e+07   3.564e-15         1.1   4.097e-05     0.01768 
comp_dp_comp_mul_a1_mult_31_n244  4.003e+06    1.69e-14         1.1   4.093e-05     0.01767 
comp_dp_comp_mul_a1_mult_31_n241    1.9e+07   3.558e-15         1.1    4.09e-05     0.01765 
comp_dp_comp_mul_a1_mult_31_n27    1.6e+07   4.175e-15         1.1   4.042e-05     0.01745 
comp_dp_comp_mul_b1_mult_31_n264    1.9e+07   3.508e-15         1.1   4.033e-05     0.01741 
comp_dp_comp_mul_a1_mult_31_n200    1.8e+07   3.675e-15         1.1   4.003e-05     0.01728 
comp_dp_x[3]                     1.5e+07   4.248e-15         1.1   3.855e-05     0.01664 
comp_dp_comp_mul_a1_mult_31_n224    2.8e+07   2.238e-15         1.1    3.79e-05     0.01636 
DOUT[5]                        6.998e+06   8.756e-15         1.1   3.707e-05       0.016 
comp_dp_comp_mul_a1_mult_31_n33    1.3e+07    4.57e-15         1.1   3.595e-05     0.01552 
comp_dp_comp_mul_b0_mult_31_n236  5.301e+07    1.09e-15         1.1   3.496e-05     0.01509 
comp_dp_comp_mul_b1_mult_31_n225    2.8e+07   2.056e-15         1.1   3.483e-05     0.01504 
comp_dp_comp_mul_b1_mult_31_n21    1.5e+07   3.777e-15         1.1   3.428e-05      0.0148 
comp_dp_comp_mul_b1_mult_31_n235    2.6e+07   2.045e-15         1.1   3.217e-05     0.01389 
comp_dp_comp_mul_a1_mult_31_n16    1.3e+07   3.923e-15         1.1   3.086e-05     0.01332 
comp_dp_comp_mul_b1_mult_31_n16    1.3e+07   3.916e-15         1.1    3.08e-05      0.0133 
comp_dp_comp_mul_b1_mult_31_n201    1.3e+07   3.589e-15         1.1   2.824e-05     0.01219 
comp_dp_comp_mul_a1_mult_31_n234    2.6e+07   1.749e-15         1.1   2.751e-05     0.01187 
comp_dp_comp_mul_a1_mult_31_n19  7.003e+06   5.971e-15         1.1    2.53e-05     0.01092 
comp_dp_comp_mul_a1_mult_31_n225    1.9e+07   2.167e-15         1.1   2.491e-05     0.01075 
comp_dp_comp_mul_b1_mult_31_n19  7.003e+06   5.628e-15         1.1   2.384e-05     0.01029 
comp_dp_comp_mul_b1_mult_31_n226    1.9e+07   2.057e-15         1.1   2.364e-05     0.01021 
comp_dp_comp_mul_a1_mult_31_n51    1.8e+07    2.14e-15         1.1   2.331e-05     0.01006 
comp_dp_comp_mul_b1_mult_31_n33  9.003e+06   4.168e-15         1.1    2.27e-05    0.009799 
comp_dp_comp_mul_a1_mult_31_n214  2.003e+06   1.864e-14         1.1   2.258e-05    0.009747 
comp_dp_comp_mul_a1_mult_31_n82  9.003e+06   4.132e-15         1.1   2.251e-05    0.009715 
comp_dp_comp_mul_b1_mult_31_n215  2.003e+06   1.833e-14         1.1   2.221e-05    0.009587 
comp_dp_comp_mul_b1_mult_31_n81  9.003e+06   4.042e-15         1.1   2.201e-05    0.009503 
comp_dp_comp_mul_b1_mult_31_n200    1.9e+07   1.909e-15         1.1   2.194e-05    0.009471 
comp_dp_comp_mul_a1_mult_31_n81  9.003e+06   4.021e-15         1.1    2.19e-05    0.009454 
comp_dp_comp_mul_a1_mult_31_n80  9.003e+06   3.944e-15         1.1   2.148e-05    0.009272 
comp_dp_comp_mul_b1_mult_31_n79  9.003e+06    3.92e-15         1.1   2.135e-05    0.009217 
comp_dp_comp_mul_a1_mult_31_n199    1.9e+07   1.841e-15         1.1   2.116e-05    0.009132 
comp_dp_comp_mul_b1_mult_31_n82  9.003e+06   3.787e-15         1.1   2.063e-05    0.008903 
FE_DBTN3_comp_dp_w1_7          9.975e+05   3.369e-14         1.1   2.033e-05    0.008776 
comp_dp_comp_mul_b1_mult_31_n83  9.003e+06   3.712e-15         1.1   2.022e-05    0.008728 
comp_dp_N6                       3.1e+07   1.074e-15         1.1   2.015e-05    0.008697 
comp_dp_sync_DIN[3]              3.1e+07   1.061e-15         1.1    1.99e-05    0.008589 
comp_dp_comp_mul_a1_mult_31_n265    1.8e+07   1.805e-15         1.1   1.965e-05    0.008484 
comp_dp_comp_mul_b1_mult_31_n266    1.8e+07   1.781e-15         1.1   1.939e-05    0.008371 
comp_dp_comp_mul_a1_mult_31_n83  9.003e+06   3.544e-15         1.1    1.93e-05    0.008333 
comp_dp_w1[1]                  1.901e+07   1.587e-15         1.1   1.825e-05    0.007877 
comp_dp_comp_mul_b1_mult_31_n50      1e+07   2.977e-15         1.1   1.802e-05    0.007778 
comp_dp_w1[6]                  2.998e+06   9.824e-15         1.1   1.782e-05     0.00769 
comp_dp_comp_mul_a1_mult_31_n50      1e+07   2.904e-15         1.1   1.757e-05    0.007585 
comp_dp_comp_mul_b1_mult_31_n197  7.003e+06   4.145e-15         1.1   1.756e-05     0.00758 
comp_dp_comp_mul_b1_mult_31_n80  7.003e+06   4.116e-15         1.1   1.744e-05    0.007528 
comp_dp_comp_mul_b1_mult_31_n78  7.003e+06   4.095e-15         1.1   1.735e-05    0.007488 
comp_dp_x[4]                   6.998e+06   4.008e-15         1.1   1.697e-05    0.007324 
comp_dp_comp_mul_a1_mult_31_n78  7.003e+06   3.989e-15         1.1    1.69e-05    0.007294 
comp_dp_N4                       2.3e+07   1.205e-15         1.1   1.677e-05    0.007237 
comp_dp_comp_mul_a1_mult_31_n79  7.003e+06    3.91e-15         1.1   1.657e-05    0.007151 
DOUT[6]                        2.998e+06   9.124e-15         1.1   1.655e-05    0.007142 
comp_dp_comp_mul_a1_mult_31_n196  7.003e+06   3.854e-15         1.1   1.633e-05    0.007048 
comp_dp_sync_DIN[1]              2.3e+07   1.171e-15         1.1   1.629e-05    0.007033 
comp_dp_comp_mul_b1_mult_31_n253  4.998e+06   5.326e-15         1.1    1.61e-05    0.006951 
comp_dp_comp_mul_a1_mult_31_n252  4.998e+06   5.298e-15         1.1   1.602e-05    0.006914 
comp_dp_comp_mul_a1_mult_31_n15  9.003e+06   2.855e-15         1.1   1.555e-05    0.006713 
comp_dp_comp_mul_b1_mult_31_n51    1.3e+07   1.954e-15         1.1   1.537e-05    0.006636 
comp_dp_w1[7]                  9.975e+05   2.508e-14         1.1   1.514e-05    0.006534 
comp_dp_comp_mul_b1_mult_31_n15  9.003e+06   2.743e-15         1.1   1.494e-05    0.006448 
comp_dp_N5                       2.1e+07    1.12e-15         1.1   1.423e-05    0.006143 
comp_dp_sync_DIN[2]              2.1e+07   1.061e-15         1.1   1.348e-05     0.00582 
comp_dp_comp_mul_a1_mult_31_n197  7.003e+06   2.979e-15         1.1   1.262e-05    0.005448 
comp_dp_comp_mul_b1_mult_31_n198  7.003e+06    2.96e-15         1.1   1.254e-05    0.005413 
comp_dp_comp_mul_a1_mult_31_n249  4.998e+06   4.037e-15         1.1   1.221e-05    0.005269 
comp_dp_comp_mul_b1_mult_31_n247  4.998e+06   3.997e-15         1.1   1.208e-05    0.005216 
comp_dp_comp_mul_b1_mult_31_n246  4.998e+06   3.839e-15         1.1   1.161e-05    0.005011 
comp_dp_comp_mul_a1_mult_31_n247  4.998e+06   3.792e-15         1.1   1.146e-05    0.004949 
comp_dp_comp_mul_a1_mult_31_n246  4.998e+06   3.717e-15         1.1   1.124e-05    0.004851 
comp_dp_comp_mul_a1_mult_31_n245  4.998e+06   3.714e-15         1.1   1.123e-05    0.004848 
comp_dp_comp_mul_b1_mult_31_n249  4.998e+06   3.713e-15         1.1   1.123e-05    0.004846 
comp_dp_comp_mul_b1_mult_31_n248  4.998e+06   3.662e-15         1.1   1.107e-05    0.004779 
comp_dp_comp_mul_a1_mult_31_n66  5.003e+06   3.651e-15         1.1   1.105e-05     0.00477 
comp_dp_comp_mul_b1_mult_31_n250  4.998e+06   3.636e-15         1.1   1.099e-05    0.004746 
comp_dp_comp_mul_a1_mult_31_n250  4.998e+06   3.621e-15         1.1   1.095e-05    0.004726 
comp_dp_comp_mul_a1_mult_31_n248  4.998e+06    3.62e-15         1.1   1.095e-05    0.004725 
comp_dp_comp_mul_b1_mult_31_n251  4.998e+06   3.608e-15         1.1   1.091e-05    0.004709 
comp_dp_comp_mul_a1_mult_31_n49  4.003e+06    4.37e-15         1.1   1.058e-05    0.004568 
comp_dp_N7                       1.5e+07   1.158e-15         1.1   1.051e-05    0.004535 
comp_dp_comp_mul_b1_mult_31_n66  5.003e+06   3.418e-15         1.1   1.035e-05    0.004466 
comp_dp_comp_mul_b1_mult_31_n49  4.003e+06   4.147e-15         1.1   1.004e-05    0.004335 
comp_dp_comp_mul_a1_mult_31_n236  1.201e+07   1.323e-15         1.1   9.616e-06    0.004151 
comp_dp_comp_mul_b1_mult_31_n243      1e+07   1.573e-15         1.1   9.518e-06    0.004108 
comp_dp_sync_DIN[4]              1.5e+07   1.046e-15         1.1   9.487e-06    0.004095 
comp_dp_comp_mul_b1_mult_31_n267  4.003e+06   3.709e-15         1.1   8.981e-06    0.003877 
comp_dp_comp_mul_b1_mult_31_n252  7.003e+06   1.925e-15         1.1   8.157e-06    0.003521 
comp_dp_comp_mul_a1_mult_31_n251  7.003e+06   1.914e-15         1.1   8.108e-06      0.0035 
comp_dp_comp_mul_b1_mult_31_n237  1.201e+07   1.096e-15         1.1   7.968e-06     0.00344 
comp_dp_x[5]                   2.998e+06   4.179e-15         1.1   7.578e-06    0.003271 
comp_dp_comp_mul_a1_mult_31_n259  5.003e+06       2e-15         1.1   6.053e-06    0.002613 
comp_dp_comp_mul_b1_mult_31_n244  4.998e+06   1.839e-15         1.1   5.559e-06    0.002399 
comp_dp_comp_mul_b1_mult_31_n260  5.003e+06    1.78e-15         1.1   5.389e-06    0.002326 
comp_dp_comp_mul_a1_mult_31_n243  4.998e+06    1.78e-15         1.1   5.383e-06    0.002324 
DOUT[7]                        9.975e+05    8.83e-15         1.1   5.329e-06      0.0023 
comp_dp_comp_mul_b1_mult_31_n265  2.003e+06   4.055e-15         1.1   4.913e-06    0.002121 
comp_dp_comp_mul_a1_mult_31_n42  2.003e+06   3.929e-15         1.1    4.76e-06    0.002055 
comp_dp_N8                     6.998e+06    1.12e-15         1.1   4.741e-06    0.002046 
comp_dp_comp_mul_b1_mult_31_n42  2.003e+06   3.892e-15         1.1   4.715e-06    0.002035 
comp_dp_sync_DIN[5]            6.998e+06   1.037e-15         1.1   4.388e-06    0.001894 
comp_dp_comp_mul_b1_mult_31_n262  1.003e+06   4.236e-15         1.1   2.569e-06    0.001109 
comp_dp_comp_mul_a1_mult_31_n70  1.003e+06   4.221e-15         1.1    2.56e-06    0.001105 
comp_dp_comp_mul_a1_mult_31_n261  1.003e+06   4.202e-15         1.1   2.548e-06      0.0011 
comp_dp_x[7]                   9.975e+05    4.08e-15         1.1   2.462e-06    0.001063 
comp_dp_comp_mul_b1_mult_31_n70  1.003e+06   4.034e-15         1.1   2.447e-06    0.001056 
comp_dp_comp_mul_a1_mult_31_n254  9.975e+05   4.046e-15         1.1   2.442e-06    0.001054 
comp_dp_comp_mul_b1_mult_31_n73  1.003e+06   4.024e-15         1.1   2.441e-06    0.001054 
comp_dp_x[6]                   9.975e+05   4.041e-15         1.1   2.438e-06    0.001053 
comp_dp_comp_mul_a1_mult_31_n73  1.003e+06   4.009e-15         1.1   2.431e-06     0.00105 
comp_dp_comp_mul_a1_mult_31_n72  1.003e+06   3.905e-15         1.1   2.368e-06    0.001022 
comp_dp_comp_mul_a1_mult_31_n71  1.003e+06    3.89e-15         1.1   2.359e-06    0.001018 
comp_dp_comp_mul_b1_mult_31_n257  9.975e+05   3.882e-15         1.1   2.343e-06    0.001011 
comp_dp_comp_mul_b1_mult_31_n72  1.003e+06   3.833e-15         1.1   2.325e-06    0.001004 
comp_dp_comp_mul_b1_mult_31_n258  9.975e+05   3.805e-15         1.1   2.296e-06   0.0009913 
comp_dp_comp_mul_a1_mult_31_n258  9.975e+05   3.788e-15         1.1   2.286e-06   0.0009869 
comp_dp_comp_mul_b1_mult_31_n71  1.003e+06    3.74e-15         1.1   2.268e-06   0.0009791 
comp_dp_comp_mul_a1_mult_31_n257  9.975e+05    3.73e-15         1.1   2.251e-06   0.0009717 
comp_dp_comp_mul_b1_mult_31_n255  9.975e+05   3.726e-15         1.1   2.248e-06   0.0009706 
comp_dp_comp_mul_b1_mult_31_n259  9.975e+05   3.714e-15         1.1   2.242e-06   0.0009676 
comp_dp_comp_mul_b1_mult_31_n217  9.975e+05   3.693e-15         1.1   2.229e-06    0.000962 
comp_dp_comp_mul_a1_mult_31_n75  1.003e+06   3.669e-15         1.1   2.225e-06   0.0009605 
comp_dp_comp_mul_b1_mult_31_n75  1.003e+06   3.653e-15         1.1   2.216e-06   0.0009564 
comp_dp_comp_mul_a1_mult_31_n216  9.975e+05   3.653e-15         1.1   2.205e-06   0.0009517 
comp_dp_comp_mul_a1_mult_31_n256  9.975e+05   3.631e-15         1.1   2.191e-06   0.0009458 
comp_dp_comp_mul_a1_mult_31_n255  9.975e+05   3.549e-15         1.1   2.142e-06   0.0009245 
comp_dp_comp_mul_b1_mult_31_n256  9.975e+05    3.48e-15         1.1     2.1e-06   0.0009066 
comp_dp_comp_mul_a1_mult_31_n65  1.003e+06   3.451e-15         1.1   2.093e-06   0.0009035 
comp_dp_N9                     2.998e+06    1.12e-15         1.1   2.031e-06   0.0008766 
comp_dp_comp_mul_b1_mult_31_n65  1.003e+06   3.333e-15         1.1   2.022e-06   0.0008726 
comp_dp_sync_DIN[6]            2.998e+06   1.066e-15         1.1   1.933e-06   0.0008345 
comp_dp_comp_mul_a1_mult_31_n211  1.003e+06   2.698e-15         1.1   1.636e-06   0.0007063 
comp_dp_comp_mul_b1_mult_31_n212  1.003e+06   2.372e-15         1.1   1.439e-06    0.000621 
comp_dp_N11                    9.975e+05   2.164e-15         1.1   1.306e-06   0.0005637 
comp_dp_comp_mul_a1_mult_31_n213  9.975e+05   2.055e-15         1.1    1.24e-06   0.0005353 
comp_dp_comp_mul_b1_mult_31_n261  1.003e+06   2.026e-15         1.1   1.229e-06   0.0005303 
comp_dp_comp_mul_a1_mult_31_n260  1.003e+06   1.892e-15         1.1   1.148e-06   0.0004954 
comp_dp_comp_mul_a1_mult_31_n202  1.003e+06   1.868e-15         1.1   1.133e-06   0.0004891 
comp_dp_comp_mul_b1_mult_31_n254  9.975e+05   1.877e-15         1.1   1.133e-06   0.0004891 
comp_dp_comp_mul_a1_mult_31_n253  9.975e+05   1.814e-15         1.1   1.095e-06   0.0004725 
comp_dp_comp_mul_b1_mult_31_n214  9.975e+05   1.804e-15         1.1   1.089e-06   0.0004699 
comp_dp_comp_mul_b1_mult_31_n203  1.003e+06   1.747e-15         1.1   1.059e-06   0.0004573 
comp_dp_sync_DIN[7]            9.975e+05   1.037e-15         1.1   6.255e-07     0.00027 
comp_dp_n11                     2.25e+04   1.553e-14         1.1   2.114e-07   9.126e-05 
comp_dp_n12                     1.75e+04   1.669e-14         1.1   1.767e-07   7.628e-05 
comp_cu_n4                      2.75e+04   7.358e-15         1.1   1.224e-07   5.284e-05 
VOUT                            2.25e+04   8.129e-15         1.1   1.107e-07   4.777e-05 
comp_dp_N3                      1.75e+04   9.712e-15         1.1   1.028e-07   4.438e-05 
comp_cu_present_state[2]        1.25e+04   8.179e-15         1.1   6.185e-08    2.67e-05 
comp_cu_n3                      1.25e+04     7.8e-15         1.1   5.899e-08   2.546e-05 
en_latch                        1.25e+04   6.973e-15         1.1   5.273e-08   2.276e-05 
comp_dp_n9                          7500   8.534e-15         1.1   3.872e-08   1.671e-05 
comp_cu_present_state[0]        2.75e+04   1.982e-15         1.1   3.298e-08   1.424e-05 
clr_w_reg                           7500   6.861e-15         1.1   3.113e-08   1.344e-05 
comp_cu_n6                      1.25e+04   3.788e-15         1.1   2.864e-08   1.236e-05 
comp_cu_n2                      1.25e+04   3.603e-15         1.1   2.725e-08   1.176e-05 
comp_dp_comp_mul_a1_mult_31_n215       2500    1.49e-14         1.1   2.254e-08   9.728e-06 
comp_cu_N53                      2.5e+04   1.488e-15         1.1    2.25e-08   9.712e-06 
comp_dp_comp_mul_b1_mult_31_n216       2500   1.456e-14         1.1   2.202e-08   9.507e-06 
comp_cu_n8                      1.75e+04   1.833e-15         1.1    1.94e-08   8.376e-06 
comp_cu_n5                          5000   6.058e-15         1.1   1.833e-08   7.911e-06 
comp_dp_comp_mul_b1_mult_31_n205       2500   1.128e-14         1.1   1.706e-08   7.363e-06 
comp_dp_comp_mul_a1_mult_31_n204       2500   1.126e-14         1.1   1.704e-08   7.355e-06 
comp_dp_comp_mul_b0_mult_31_n210       2500   1.098e-14         1.1   1.661e-08    7.17e-06 
comp_dp_b0_int[2]                   2500   1.097e-14         1.1   1.659e-08   7.163e-06 
comp_dp_a1_int[2]                   2500   1.089e-14         1.1   1.647e-08    7.11e-06 
comp_dp_b1_int[2]                   2500   1.076e-14         1.1   1.627e-08   7.024e-06 
comp_dp_b1_int[3]                   2500   1.072e-14         1.1   1.622e-08   7.001e-06 
comp_dp_a1_int[3]                   2500   1.067e-14         1.1   1.614e-08   6.968e-06 
comp_dp_a1_int[4]                   2500   1.054e-14         1.1   1.595e-08   6.884e-06 
comp_dp_b1_int[7]                   2500   1.053e-14         1.1   1.592e-08   6.872e-06 
comp_dp_b0_int[4]                   2500   1.049e-14         1.1   1.587e-08   6.849e-06 
comp_dp_b0_int[3]                   2500   1.044e-14         1.1   1.579e-08   6.816e-06 
comp_dp_a1_int[5]                   2500   1.039e-14         1.1   1.571e-08   6.783e-06 
comp_dp_b0_int[7]                   2500   1.039e-14         1.1   1.571e-08    6.78e-06 
comp_dp_b0_int[6]                   2500   1.035e-14         1.1   1.565e-08   6.756e-06 
comp_dp_b0_int[5]                   2500   1.034e-14         1.1   1.564e-08   6.751e-06 
comp_dp_a1_int[7]                   2500   1.031e-14         1.1    1.56e-08   6.733e-06 
comp_dp_b1_int[5]                   2500    1.02e-14         1.1   1.543e-08    6.66e-06 
comp_dp_a1_int[6]                   2500   1.013e-14         1.1   1.532e-08   6.614e-06 
comp_dp_comp_mul_b0_mult_31_n209       2500   1.013e-14         1.1   1.532e-08   6.613e-06 
comp_dp_comp_mul_b1_mult_31_n204       2500   1.001e-14         1.1   1.514e-08   6.537e-06 
comp_cu_n1                      1.25e+04   1.995e-15         1.1   1.508e-08   6.511e-06 
comp_dp_b1_int[6]                   2500   9.945e-15         1.1   1.504e-08   6.493e-06 
comp_dp_b1_int[4]                   2500   9.913e-15         1.1   1.499e-08   6.472e-06 
comp_dp_comp_mul_a1_mult_31_n203       2500    9.84e-15         1.1   1.488e-08   6.424e-06 
comp_cu_present_state[1]        1.25e+04   1.878e-15         1.1   1.421e-08   6.132e-06 
comp_cu_n9                      1.25e+04   1.848e-15         1.1   1.397e-08   6.032e-06 
comp_dp_b1_int[0]                   2500    9.21e-15         1.1   1.393e-08   6.013e-06 
comp_cu_n7                      1.25e+04   1.821e-15         1.1   1.377e-08   5.946e-06 
comp_cu_n10                     1.25e+04   1.817e-15         1.1   1.374e-08   5.933e-06 
comp_dp_a1_int[0]                   2500   8.935e-15         1.1   1.351e-08   5.833e-06 
comp_dp_b0_int[0]                   2500   8.884e-15         1.1   1.344e-08     5.8e-06 
comp_cu_N54                        1e+04   1.427e-15         1.1   8.635e-09   3.727e-06 
comp_cu_N55                        1e+04   1.283e-15         1.1   7.761e-09    3.35e-06 
comp_dp_comp_mul_a1_mult_31_n84       2500    4.25e-15         1.1   6.429e-09   2.775e-06 
comp_dp_b0_int[1]                   2500   4.213e-15         1.1   6.373e-09   2.751e-06 
comp_dp_comp_mul_b0_mult_31_n84       2500   4.004e-15         1.1   6.056e-09   2.614e-06 
comp_dp_comp_mul_b1_mult_31_n84       2500    3.96e-15         1.1   5.989e-09   2.585e-06 
comp_dp_comp_mul_a1_mult_31_n76       2500   3.873e-15         1.1   5.859e-09   2.529e-06 
comp_dp_a1_int[1]                   2500   3.792e-15         1.1   5.736e-09   2.476e-06 
comp_dp_b1_int[1]                   2500   3.786e-15         1.1   5.727e-09   2.472e-06 
comp_dp_comp_mul_b0_mult_31_n76       2500   3.783e-15         1.1   5.722e-09    2.47e-06 
comp_dp_comp_mul_a1_mult_31_n232       2500   3.706e-15         1.1   5.606e-09    2.42e-06 
comp_dp_comp_mul_b1_mult_31_n76       2500   3.653e-15         1.1   5.526e-09   2.385e-06 
comp_dp_comp_mul_b0_mult_31_n232       2500   3.467e-15         1.1   5.245e-09   2.264e-06 
comp_dp_comp_mul_b1_mult_31_n233       2500   3.444e-15         1.1   5.209e-09   2.248e-06 
comp_dp_comp_mul_a1_mult_31_n41       2500   3.387e-15         1.1   5.123e-09   2.211e-06 
comp_dp_comp_mul_b1_mult_31_n41       2500   3.075e-15         1.1    4.65e-09   2.007e-06 
comp_dp_comp_mul_b0_mult_31_n235       2500   1.213e-15         1.1   1.835e-09   7.923e-07 
comp_dp_comp_mul_b1_mult_31_n236       2500   1.172e-15         1.1   1.773e-09   7.653e-07 
comp_dp_comp_mul_a1_mult_31_n235       2500   1.136e-15         1.1   1.718e-09   7.416e-07 
a[7]                                   0   2.492e-15           0           0           0 
b[0]                                   0           0           0           0           0 
b[1]                                   0   6.883e-15           0           0           0 
b[2]                                   0   6.665e-15           0           0           0 
b[3]                                   0   7.822e-15           0           0           0 
b[4]                                   0   8.039e-15           0           0           0 
b[5]                                   0   8.267e-15           0           0           0 
b[6]                                   0   8.073e-15           0           0           0 
b[7]                                   0   2.502e-15           0           0           0 
b[9]                                   0   3.719e-15           0           0           0 
b[10]                                  0   4.632e-15           0           0           0 
b[11]                                  0   4.875e-15           0           0           0 
b[12]                                  0   5.166e-15           0           0           0 
b[13]                                  0   4.888e-15           0           0           0 
b[14]                                  0   5.132e-15           0           0           0 
b[15]                                  0   2.544e-15           0           0           0 
RST_n                               5000   6.697e-15           0           0           0 
b[8]                                   0           0           0           0           0 
CLK                            1.818e+08   6.295e-14           0           0           0 
comp_dp_comp_mul_b1_y_7_       6.199e+07           0         1.1           0           0 
comp_dp_comp_mul_b0_y_7_        2.39e+08           0         1.1           0           0 
DIN[0]                           2.6e+07           0           0           0           0 
DIN[1]                           2.3e+07   5.293e-15           0           0           0 
DIN[2]                           2.1e+07   5.532e-15           0           0           0 
DIN[3]                           3.1e+07   5.065e-15           0           0           0 
DIN[4]                           1.5e+07    5.35e-15           0           0           0 
a[6]                                   0   2.409e-15           0           0           0 
DIN[6]                         2.998e+06   5.315e-15           0           0           0 
DIN[7]                         9.975e+05   5.157e-15           0           0           0 
VIN                             1.25e+04   5.403e-15           0           0           0 
a[0]                                   0           0           0           0           0 
a[1]                                   0   3.577e-15           0           0           0 
a[2]                                   0   2.937e-15           0           0           0 
a[3]                                   0   2.664e-15           0           0           0 
a[4]                                   0   2.489e-15           0           0           0 
a[5]                                   0   2.514e-15           0           0           0 
DIN[5]                         6.998e+06    5.37e-15           0           0           0 


Domain                 Voltage     Internal   Switching     Leakage       Total  Percentage 
                                   Power      Power         Power         Power  (%)        
-----------------------------------------------------------------------------------------


-----------------------------------------------------------------------------------------
*	Power Distribution Summary: 
* 		Highest Average Power: comp_dp_comp_mul_b0_mult_31_U5 (FA_X1): 	  0.002937 
* 		Highest Leakage Power: comp_dp_comp_sum2_add_1_root_add_27_2_U1_6 (FA_X1): 	 8.799e-05 
* 		Total Cap: 	2.89492e-12 F
* 		Total instances in design:   495
* 		Total instances in design with no power:     0
*          Total instances in design with no activity:     0
* 		Total Fillers and Decap:     0
-----------------------------------------------------------------------------------------

