*----------------------------------------------------------------------------------------
*	Innovus 17.11-s080_1 (64bit) 08/04/2017 11:13 (Linux 2.6.18-194.el5)
*	
*
* 	Date & Time:	2020-Nov-16 08:46:13 (2020-Nov-16 07:46:13 GMT)
*
*----------------------------------------------------------------------------------------
*
*	Design: IIRFilter
*
*	Liberty Libraries used: 
*	        MyAnView: /home/isa12/Desktop/ISA/lab1/project/innovus_fast/IIRFilter.enc.dat/libs/mmmc/NangateOpenCellLibrary_typical_ecsm_nowlm.lib
*
*	Power Domain used: 
*		Rail:        VDD 	Voltage:        1.1 
*
*       Power View : MyAnView
*
*       User-Defined Activity : N.A.
*
*	Switching Activity File used: 
*	        ../vcd/design.vcd
*			Vcd Window used(Start Time, Stop Time):(0.282975, 0.282975) 
*                     Vcd Scale Factor: 1 
**                    Design annotation coverage: 879/879 = 100% 
*
*       Hierarchical Global Activity: N.A.
*
*       Global Activity: N.A.
*
*       Sequential Element Activity: N.A.
*
*       Primary Input Activity: 0.200000
*
*       Default icg ratio: N.A.
*
*       Global Comb ClockGate Ratio: N.A.
*
*	Power Units = 1mW
*
*	Time Units = 1e-09 secs 
*
*       report_power -outfile IIRFilter.power.rpt -sort total -hierarchy all -instances  /testbench/comp_IIRFilter  -cell_type all -pg_net all -clock_network  CLK  -power_domain all -count_seq_elements_in_clock_network -net
*
-----------------------------------------------------------------------------------------

Group Power For Rail : VDD

Group                           Internal   Switching     Leakage       Total  Percentage 
                                Power      Power         Power         Power  (%)        
-----------------------------------------------------------------------------------------
Sequential                        0.1723    0.003196    0.008441      0.1839       64.39 
Macro                                  0           0           0           0           0 
IO                                     0           0           0           0           0 
Combinational                    0.04565     0.03347     0.02262      0.1017       35.61 
Clock (Combinational)                  0           0           0           0           0 
Clock (Sequential)                     0           0           0           0           0 
-----------------------------------------------------------------------------------------
Total                              0.218     0.03667     0.03106      0.2857         100 
-----------------------------------------------------------------------------------------


Rail                  Voltage   Internal   Switching     Leakage       Total  Percentage 
                                Power      Power         Power         Power  (%)        
-----------------------------------------------------------------------------------------
VDD                       1.1      0.218     0.03667     0.03106      0.2857         100 


Clock                           Internal   Switching     Leakage       Total  Percentage 
                                Power      Power         Power         Power  (%)        
-----------------------------------------------------------------------------------------
CLK                               0.1719    0.002668    0.008118      0.1827       63.96 
-----------------------------------------------------------------------------------------
Total (excluding duplicates)      0.1719    0.002668    0.008118      0.1827       63.96 
-----------------------------------------------------------------------------------------
Clock: CLK
Clock Period: 0.004080 usec 
Clock Toggle Rate:   490.1961 Mhz 
Clock Static Probability:  0.5000


 
 
Instance Power Report for CLK clock network

Instance                      Max Toggles   Total Toggles   Internal   Switching     Leakage       Total  Percentage    Cell
                              Input Pins    Output Pins     Power      Power         Power         Power  (%)           Name
----------------------------------------------------------------------------------------------------------------------------
comp_dp_w1_reg_2_               4.902e+08       3.199e+07   0.001813   0.0003988   7.767e-05    0.002289      0.8013    DFF_X1
comp_dp_w1_reg_1_               4.902e+08           2e+07   0.001697   0.0004216    7.75e-05    0.002196      0.7688    DFF_X1
comp_dp_a3a_reg_1_              4.902e+08       2.899e+07   0.002025   7.169e-05   7.734e-05    0.002174      0.7608    DFF_X1
comp_dp_a3a_reg_0_              4.902e+08       2.401e+07   0.001998   5.957e-05   7.873e-05    0.002136      0.7479    DFF_X1
comp_dp_m2out_del_reg_7_        4.902e+08       9.975e+05   0.002048   3.366e-06   7.873e-05     0.00213      0.7456    DFF_X1
comp_dp_m4out_del_reg_1_        4.902e+08       2.899e+07   0.002018   3.321e-05   7.734e-05    0.002128       0.745    DFF_X1
comp_dp_m2out_del_reg_6_        4.902e+08       9.975e+05   0.002042   3.386e-06   7.873e-05    0.002124      0.7436    DFF_X1
comp_dp_m4out_del_reg_0_        4.902e+08       2.401e+07   0.001992   2.796e-05   7.873e-05    0.002099      0.7346    DFF_X1
comp_dp_m2out_del_reg_5_        4.902e+08       9.975e+05   0.001974   3.357e-06   7.873e-05    0.002056      0.7198    DFF_X1
comp_dp_m2out_del_reg_4_        4.902e+08       9.975e+05   0.001935   3.239e-06   7.873e-05    0.002016      0.7058    DFF_X1
comp_dp_DOUT_reg_3_             4.902e+08       2.999e+07   0.001846   9.107e-05   7.737e-05    0.002014       0.705    DFF_X1
comp_dp_a3a_reg_2_              4.902e+08         1.5e+07   0.001886   3.647e-05   7.873e-05    0.002001      0.7006    DFF_X1
comp_dp_m4out_del_reg_2_        4.902e+08         1.5e+07   0.001886   1.779e-05   7.873e-05    0.001982      0.6939    DFF_X1
comp_dp_a1out_del_reg_2_        4.902e+08       3.399e+07   0.001817   7.997e-05   7.774e-05    0.001975      0.6914    DFF_X1
comp_dp_w1_reg_3_               4.902e+08         1.9e+07   0.001658   0.0002297   7.871e-05    0.001966      0.6882    DFF_X1
comp_dp_a1out_del_reg_1_        4.902e+08       1.901e+07    0.00179   4.699e-05   7.874e-05    0.001915      0.6705    DFF_X1
comp_dp_m2out_del_reg_0_        4.902e+08       2.998e+06   0.001824   1.099e-05   7.872e-05    0.001914      0.6699    DFF_X1
comp_dp_m2out_del_reg_3_        4.902e+08       9.975e+05   0.001827   3.231e-06   7.873e-05    0.001909      0.6682    DFF_X1
comp_dp_a3a_reg_3_              4.902e+08       6.998e+06   0.001807   1.765e-05   7.873e-05    0.001903      0.6663    DFF_X1
comp_dp_a3b_reg_1_              4.902e+08       2.899e+07   0.001749   7.362e-05   7.734e-05      0.0019      0.6651    DFF_X1
comp_dp_m4out_del_reg_3_        4.902e+08       6.998e+06   0.001807   8.869e-06   7.873e-05    0.001895      0.6631    DFF_X1
comp_dp_m2out_del_reg_2_        4.902e+08       9.975e+05   0.001804   3.414e-06   7.873e-05    0.001886      0.6603    DFF_X1
comp_dp_a1out_del_reg_3_        4.902e+08         1.9e+07   0.001756   4.688e-05   7.872e-05    0.001882      0.6588    DFF_X1
comp_dp_a1out_del_reg_0_        4.902e+08       2.301e+07   0.001744   5.867e-05   7.874e-05    0.001882      0.6587    DFF_X1
comp_dp_DOUT_reg_2_             4.902e+08       2.301e+07   0.001738   6.415e-05   7.879e-05    0.001881      0.6584    DFF_X1
comp_dp_a3a_reg_5_              4.902e+08       9.975e+05   0.001798   2.296e-06   7.873e-05    0.001879      0.6579    DFF_X1
comp_dp_m4out_del_reg_5_        4.902e+08       9.975e+05   0.001799   1.326e-06   7.873e-05    0.001879      0.6576    DFF_X1
comp_dp_a3a_reg_4_              4.902e+08       2.998e+06    0.00179     6.9e-06   7.872e-05    0.001876      0.6565    DFF_X1
comp_dp_m4out_del_reg_4_        4.902e+08       2.998e+06    0.00179   3.721e-06   7.872e-05    0.001872      0.6554    DFF_X1
comp_dp_a1a_reg_0_              4.902e+08         1.9e+07   0.001739   4.453e-05   7.872e-05    0.001863       0.652    DFF_X1
comp_dp_a3a_reg_6_              4.902e+08       9.975e+05    0.00173   2.334e-06   7.873e-05    0.001811      0.6341    DFF_X1
comp_dp_m4out_del_reg_6_        4.902e+08       9.975e+05   0.001731   1.237e-06   7.873e-05     0.00181      0.6337    DFF_X1
comp_dp_sync_DIN_reg_3_         4.902e+08         3.1e+07   0.001699    1.75e-05   7.872e-05    0.001795      0.6282    DFF_X1
comp_cu_clr_delay_regs_reg
                                4.902e+08            7500   0.001705   1.118e-07   7.607e-05    0.001781      0.6233    DFF_X1
comp_dp_a1_int_b_reg_6_         4.902e+08            2500   0.001704   2.142e-08   7.607e-05    0.001781      0.6233    DFF_X1
comp_dp_a1sq_int_reg_5_         4.902e+08            2500   0.001704   1.742e-08   7.607e-05    0.001781      0.6233    DFF_X1
comp_dp_a1sq_int_reg_4_         4.902e+08            2500   0.001704    1.73e-08   7.607e-05    0.001781      0.6233    DFF_X1
comp_dp_a1sq_int_reg_3_         4.902e+08            2500   0.001704   1.697e-08   7.607e-05    0.001781      0.6233    DFF_X1
comp_dp_a1sq_int_reg_7_         4.902e+08            2500   0.001704   1.675e-08   7.607e-05    0.001781      0.6233    DFF_X1
comp_dp_b1_int_reg_2_           4.902e+08            2500   0.001704   1.672e-08   7.607e-05    0.001781      0.6233    DFF_X1
comp_dp_a1sq_int_reg_6_         4.902e+08            2500   0.001704   1.635e-08   7.607e-05    0.001781      0.6233    DFF_X1
comp_dp_b0_int_reg_2_           4.902e+08            2500   0.001704   1.636e-08   7.607e-05    0.001781      0.6233    DFF_X1
comp_dp_a1sq_int_reg_2_         4.902e+08            2500   0.001704   1.627e-08   7.607e-05    0.001781      0.6233    DFF_X1
comp_dp_b1_int_reg_5_           4.902e+08            2500   0.001704   1.602e-08   7.607e-05    0.001781      0.6233    DFF_X1
comp_dp_b0_int_reg_5_           4.902e+08            2500   0.001704    1.57e-08   7.607e-05    0.001781      0.6233    DFF_X1
comp_dp_b1_int_reg_7_           4.902e+08            2500   0.001704   1.541e-08   7.607e-05    0.001781      0.6233    DFF_X1
comp_dp_b1_int_reg_6_           4.902e+08            2500   0.001704    1.53e-08   7.607e-05    0.001781      0.6233    DFF_X1
comp_dp_b0_int_reg_7_           4.902e+08            2500   0.001704   1.484e-08   7.607e-05    0.001781      0.6233    DFF_X1
comp_dp_b0_int_reg_6_           4.902e+08            2500   0.001704   1.489e-08   7.607e-05    0.001781      0.6233    DFF_X1
comp_dp_b1_int_reg_0_           4.902e+08            2500   0.001704   1.469e-08   7.607e-05    0.001781      0.6233    DFF_X1
comp_dp_b0_int_reg_0_           4.902e+08            2500   0.001704   1.365e-08   7.607e-05    0.001781      0.6233    DFF_X1
comp_dp_a1_int_b_reg_2_         4.902e+08            2500   0.001704   9.137e-09   7.607e-05    0.001781      0.6233    DFF_X1
comp_dp_a1_int_b_reg_4_         4.902e+08            2500   0.001704   8.498e-09   7.607e-05    0.001781      0.6233    DFF_X1
comp_dp_a1sq_int_reg_1_         4.902e+08            2500   0.001704   5.721e-09   7.607e-05    0.001781      0.6233    DFF_X1
comp_dp_a1_int_b_reg_0_         4.902e+08            2500   0.001704   5.601e-09   7.607e-05    0.001781      0.6233    DFF_X1
comp_dp_a1_int_b_reg_5_         4.902e+08            2500   0.001704   5.442e-09   7.607e-05    0.001781      0.6233    DFF_X1
comp_dp_w1_reg_0_               4.902e+08       2.301e+07   0.001626   7.371e-05   7.873e-05    0.001779      0.6226    DFF_X1
comp_dp_a3b_reg_0_              4.902e+08       2.401e+07    0.00164   5.685e-05   7.873e-05    0.001776      0.6217    DFF_X1
comp_dp_DOUT_reg_1_             4.902e+08         2.2e+07   0.001635   6.182e-05   7.755e-05    0.001774      0.6211    DFF_X1
comp_dp_b0_int_reg_3_           4.902e+08            2500   0.001693   1.615e-08   7.916e-05    0.001772      0.6202    DFF_X1
comp_dp_b1_int_reg_3_           4.902e+08            2500   0.001693   1.614e-08   7.916e-05    0.001772      0.6202    DFF_X1
comp_dp_b1_int_reg_4_           4.902e+08            2500   0.001693   1.605e-08   7.916e-05    0.001772      0.6202    DFF_X1
comp_dp_b0_int_reg_4_           4.902e+08            2500   0.001693   1.507e-08   7.916e-05    0.001772      0.6202    DFF_X1
comp_dp_a1sq_int_reg_0_         4.902e+08            2500   0.001693   1.416e-08   7.916e-05    0.001772      0.6202    DFF_X1
comp_dp_b1_int_reg_1_           4.902e+08            2500   0.001693   5.972e-09   7.916e-05    0.001772      0.6202    DFF_X1
comp_dp_b0_int_reg_1_           4.902e+08            2500   0.001693   5.884e-09   7.916e-05    0.001772      0.6202    DFF_X1
comp_dp_a1_int_b_reg_1_         4.902e+08            2500   0.001693   5.303e-09   7.916e-05    0.001772      0.6202    DFF_X1
comp_dp_a1_int_b_reg_3_         4.902e+08            2500   0.001693     5.3e-09   7.916e-05    0.001772      0.6202    DFF_X1
comp_dp_DOUT_reg_4_             4.902e+08         1.5e+07   0.001643   4.799e-05   7.872e-05     0.00177      0.6194    DFF_X1
comp_dp_m2out_del_reg_1_        4.902e+08       9.975e+05    0.00168    3.55e-06   7.873e-05    0.001762      0.6167    DFF_X1
comp_dp_w1_reg_4_               4.902e+08       8.998e+06   0.001549   0.0001019   7.874e-05     0.00173      0.6056    DFF_X1
comp_dp_a1out_del_reg_4_        4.902e+08       8.998e+06   0.001617   2.265e-05   7.874e-05    0.001718      0.6014    DFF_X1
comp_dp_sync_DIN_reg_2_         4.902e+08         2.1e+07   0.001608   1.588e-05   7.762e-05    0.001702      0.5956    DFF_X1
comp_dp_sync_DIN_reg_1_         4.902e+08         2.3e+07   0.001606   1.514e-05   7.772e-05    0.001699      0.5947    DFF_X1
comp_dp_w1_reg_5_               4.902e+08       4.998e+06   0.001481   0.0001237   7.873e-05    0.001684      0.5894    DFF_X1
comp_dp_a1a_reg_1_              4.902e+08       8.998e+06   0.001584   2.119e-05   7.872e-05    0.001683      0.5893    DFF_X1
comp_dp_a3b_reg_2_              4.902e+08         1.5e+07   0.001546   3.535e-05   7.873e-05     0.00166       0.581    DFF_X1
comp_dp_sync_DIN_reg_4_         4.902e+08         1.5e+07   0.001551   8.465e-06   7.873e-05    0.001639      0.5735    DFF_X1
comp_dp_a1out_del_reg_5_        4.902e+08       4.998e+06   0.001543   1.259e-05   7.874e-05    0.001634      0.5721    DFF_X1
comp_dp_DOUT_reg_5_             4.902e+08       6.998e+06   0.001507   2.342e-05   7.872e-05    0.001609      0.5633    DFF_X1
comp_dp_a1a_reg_2_              4.902e+08       4.998e+06   0.001499   1.186e-05   7.872e-05    0.001589      0.5563    DFF_X1
comp_dp_a3b_reg_3_              4.902e+08       6.998e+06   0.001467   1.772e-05   7.873e-05    0.001563      0.5472    DFF_X1
comp_dp_a1a_reg_3_              4.902e+08       2.998e+06   0.001473   6.993e-06   7.872e-05    0.001559      0.5457    DFF_X1
comp_dp_a1out_del_reg_6_        4.902e+08       2.998e+06   0.001468   7.415e-06   7.872e-05    0.001554      0.5439    DFF_X1
comp_dp_w1_reg_6_               4.902e+08       2.998e+06    0.00144   3.296e-05   7.872e-05    0.001552      0.5431    DFF_X1
comp_dp_sync_DIN_reg_5_         4.902e+08       6.998e+06   0.001462   4.938e-06   7.872e-05    0.001545      0.5409    DFF_X1
comp_dp_DOUT_reg_6_             4.902e+08       2.998e+06   0.001445   1.079e-05   7.872e-05    0.001534       0.537    DFF_X1
comp_dp_w1_reg_7_               4.902e+08       9.975e+05   0.001419   2.437e-05   7.873e-05    0.001522      0.5328    DFF_X1
comp_dp_DOUT_reg_7_             4.902e+08       9.975e+05   0.001424   3.743e-06   7.873e-05    0.001506      0.5273    DFF_X1
comp_dp_a1a_reg_4_              4.902e+08       9.975e+05   0.001425   2.383e-06   7.872e-05    0.001506      0.5272    DFF_X1
comp_dp_a3b_reg_4_              4.902e+08       2.998e+06   0.001417   7.397e-06   7.872e-05    0.001503      0.5261    DFF_X1
comp_dp_sync_DIN_reg_6_         4.902e+08       2.998e+06   0.001422   1.918e-06   7.872e-05    0.001503       0.526    DFF_X1
comp_dp_a1a_reg_5_              4.902e+08       9.975e+05   0.001419   2.473e-06   7.872e-05    0.001501      0.5253    DFF_X1
comp_dp_a1a_reg_7_              4.902e+08       9.975e+05   0.001419   2.485e-06   7.872e-05    0.001501      0.5253    DFF_X1
comp_dp_a1a_reg_6_              4.902e+08       9.975e+05   0.001419   2.401e-06   7.872e-05      0.0015      0.5252    DFF_X1
comp_dp_a1out_del_reg_7_        4.902e+08       9.975e+05   0.001419   2.461e-06   7.873e-05      0.0015      0.5251    DFF_X1
comp_dp_a3b_reg_5_              4.902e+08       9.975e+05   0.001407   2.426e-06   7.873e-05    0.001488       0.521    DFF_X1
comp_dp_a3b_reg_6_              4.902e+08       9.975e+05   0.001407   2.331e-06   7.873e-05    0.001488       0.521    DFF_X1
comp_dp_sync_DIN_reg_7_         4.902e+08       9.975e+05   0.001402   6.583e-07   7.872e-05    0.001482      0.5187    DFF_X1
comp_cu_token_dline_reg_0_
                                4.902e+08        1.25e+04   0.001175   5.616e-08   7.855e-05    0.001254      0.4388    DFF_X1
comp_cu_token_dline_reg_3_
                                4.902e+08        1.25e+04   0.001175   3.592e-08   7.855e-05    0.001254      0.4388    DFF_X1
comp_cu_token_dline_reg_4_
                                4.902e+08        1.25e+04   0.001175   1.839e-08   7.855e-05    0.001254      0.4388    DFF_X1
comp_cu_token_dline_reg_2_
                                4.902e+08        1.25e+04   0.001175   8.238e-09   7.855e-05    0.001254      0.4388    DFF_X1
comp_cu_token_dline_reg_1_
                                4.902e+08        1.25e+04   0.001175   7.687e-09   7.855e-05    0.001254      0.4388    DFF_X1
----------------------------------------------------------------------------------------------------------------------------
Total                                                         0.1719    0.002668    0.008118      0.1827       63.96    

 
 
Master Clock Power including generated clocks
--------------------------------------------------------------------------------
CLK has total 104 instances
generated clocks: 
                         0.1719    0.002668    0.008118     0.1827      63.96%
--------------------------------------------------------------------------------
Clock network has total 104 instances
                         0.1719    0.002668    0.008118     0.1827      63.96%


Total Power 
-----------------------------------------------------------------------------------------
Total Internal Power:        0.21795634 	   76.2927%
Total Switching Power:       0.03666829 	   12.8352%
Total Leakage Power:         0.03105993 	   10.8721%
Total Power:                 0.28568456 
-----------------------------------------------------------------------------------------


Hierarchy                       Internal   Switching     Leakage       Total  Percentage 
                                Power      Power         Power         Power  (%)        
-----------------------------------------------------------------------------------------


Net                               Toggle Capacitance     Voltage       Power  Percentage 
-----------------------------------------------------------------------------------------
FE_DBTN1_comp_dp_w1_0          2.301e+07   5.113e-14         1.1   0.0007117      0.2491 
FE_OFN0_comp_dp_w1_1               2e+07   4.523e-14         1.1   0.0005474      0.1916 
FE_OFN1_comp_dp_w1_3             1.9e+07   4.407e-14         1.1   0.0005065      0.1773 
comp_dp_comp_m4_mult_31_n228   5.199e+07   1.534e-14         1.1   0.0004824      0.1688 
comp_dp_comp_m3_mult_31_n229   5.199e+07   1.526e-14         1.1     0.00048       0.168 
FE_DBTN0_comp_dp_w1_3            1.9e+07   4.115e-14         1.1    0.000473      0.1656 
comp_dp_w1[1]                      2e+07   3.484e-14         1.1   0.0004216      0.1476 
comp_dp_w1[2]                  3.199e+07    2.06e-14         1.1   0.0003988      0.1396 
FE_OFN2_comp_dp_comp_m4_mult_31_n243  2.799e+07   2.142e-14         1.1   0.0003628       0.127 
FE_OFN3_comp_dp_comp_m3_mult_31_n244  2.799e+07   2.105e-14         1.1   0.0003565      0.1248 
comp_dp_comp_m2_mult_31_n228     3.3e+07   1.527e-14         1.1   0.0003048      0.1067 
comp_dp_comp_m3_mult_31_n210   5.199e+07   8.207e-15         1.1   0.0002581     0.09036 
comp_dp_comp_m4_mult_31_n209   5.199e+07   7.537e-15         1.1   0.0002371     0.08298 
comp_dp_w1[3]                    1.9e+07   1.998e-14         1.1   0.0002297      0.0804 
comp_dp_comp_m1_mult_31_n173     3.1e+07   1.153e-14         1.1   0.0002162     0.07567 
comp_dp_comp_m4_mult_31_n227     3.1e+07   1.113e-14         1.1   0.0002087     0.07305 
comp_dp_comp_m2_mult_31_n3      1.01e+08   3.373e-15         1.1   0.0002061     0.07214 
comp_dp_comp_m3_mult_31_n228     3.1e+07   1.089e-14         1.1   0.0002041     0.07146 
comp_dp_comp_m2_mult_31_n213    1.13e+08   2.815e-15         1.1   0.0001925     0.06737 
FE_DBTN2_comp_dp_w1_5          4.998e+06   6.101e-14         1.1   0.0001845     0.06457 
comp_dp_comp_m2_mult_31_n219     2.2e+07   1.362e-14         1.1   0.0001813     0.06345 
comp_dp_x[2]                     3.1e+07   8.595e-15         1.1   0.0001612     0.05642 
comp_dp_comp_m3_mult_31_n201     7.3e+07   3.634e-15         1.1   0.0001605     0.05618 
comp_dp_comp_m2_mult_31_n2       1.1e+08   2.391e-15         1.1   0.0001591     0.05568 
comp_dp_comp_m2_mult_31_n209     3.3e+07   7.825e-15         1.1   0.0001562     0.05469 
comp_dp_comp_m3_mult_31_n209     3.1e+07   8.268e-15         1.1   0.0001551     0.05428 
comp_dp_comp_m2_mult_31_n4       8.5e+07    3.01e-15         1.1   0.0001548     0.05417 
comp_dp_comp_m4_mult_31_n200     7.3e+07   3.371e-15         1.1   0.0001489     0.05211 
comp_dp_comp_m1_mult_31_n174     2.1e+07   1.169e-14         1.1   0.0001485     0.05199 
comp_dp_comp_m4_mult_31_n208     3.1e+07   7.735e-15         1.1   0.0001451     0.05078 
comp_dp_comp_m1_mult_31_n175     2.3e+07    1.04e-14         1.1   0.0001447     0.05064 
comp_dp_comp_m3_mult_31_n44    5.499e+07   4.211e-15         1.1   0.0001401     0.04904 
comp_dp_comp_m4_mult_31_n32    5.501e+07   4.205e-15         1.1   0.0001399     0.04899 
comp_dp_comp_m3_mult_31_n89        5e+07    4.57e-15         1.1   0.0001382     0.04839 
comp_dp_m2out[7]                1.14e+08   1.959e-15         1.1   0.0001351     0.04728 
comp_dp_n41                     1.14e+08   1.922e-15         1.1   0.0001326      0.0464 
comp_dp_comp_m3_mult_31_n32    5.501e+07   3.976e-15         1.1   0.0001323     0.04632 
comp_dp_comp_m2_mult_31_n32      5.3e+07   4.119e-15         1.1   0.0001321     0.04623 
comp_dp_comp_m2_mult_31_n5       6.9e+07   3.148e-15         1.1   0.0001314     0.04599 
comp_dp_comp_m4_mult_31_n44    5.499e+07   3.909e-15         1.1   0.0001301     0.04553 
comp_dp_m2out[0]               7.499e+07   2.866e-15         1.1     0.00013     0.04551 
comp_dp_m2out[6]                1.13e+08   1.885e-15         1.1   0.0001289     0.04511 
comp_dp_comp_m4_mult_31_n245     1.2e+07   1.767e-14         1.1   0.0001283      0.0449 
comp_dp_comp_m3_mult_31_n246     1.2e+07   1.765e-14         1.1   0.0001282     0.04486 
comp_dp_comp_m2_mult_31_n44      5.1e+07   4.137e-15         1.1   0.0001276     0.04468 
comp_dp_n42                     1.13e+08   1.866e-15         1.1   0.0001275     0.04463 
comp_dp_comp_m2_mult_31_n243       1e+07   2.051e-14         1.1   0.0001241     0.04344 
comp_dp_comp_m2_mult_31_n227     1.9e+07   1.078e-14         1.1   0.0001239     0.04337 
comp_dp_w1[5]                  4.998e+06    4.09e-14         1.1   0.0001237     0.04329 
comp_dp_comp_m3_mult_31_n52      5.7e+07    3.56e-15         1.1   0.0001228     0.04297 
comp_dp_comp_m4_mult_31_n22    4.699e+07   4.289e-15         1.1   0.0001219     0.04268 
comp_dp_comp_m4_mult_31_n89        5e+07   3.964e-15         1.1   0.0001199     0.04197 
comp_dp_comp_m4_mult_31_n219   1.499e+07   1.308e-14         1.1   0.0001186     0.04151 
comp_dp_comp_m2_mult_31_n6       5.7e+07   3.439e-15         1.1   0.0001186     0.04151 
comp_dp_comp_m3_mult_31_n220   1.499e+07   1.303e-14         1.1   0.0001182     0.04138 
comp_dp_comp_m4_mult_31_n52      5.4e+07   3.595e-15         1.1   0.0001174      0.0411 
comp_dp_comp_m3_mult_31_n22    4.699e+07     4.1e-15         1.1   0.0001166      0.0408 
comp_dp_m2out[5]                1.01e+08   1.898e-15         1.1    0.000116      0.0406 
comp_dp_n43                     1.01e+08    1.88e-15         1.1   0.0001149      0.0402 
comp_dp_comp_m4_mult_31_n30      3.4e+07   5.547e-15         1.1   0.0001141     0.03994 
comp_dp_comp_m3_mult_31_n264     3.5e+07    5.34e-15         1.1   0.0001131     0.03957 
comp_dp_comp_m4_mult_31_n38    4.598e+07   4.013e-15         1.1   0.0001116     0.03908 
comp_dp_comp_m3_mult_31_n30      3.4e+07   5.367e-15         1.1   0.0001104     0.03864 
comp_dp_comp_m3_mult_31_n38    4.598e+07   3.933e-15         1.1   0.0001094      0.0383 
comp_dp_m2out[4]               9.399e+07   1.911e-15         1.1   0.0001086     0.03803 
comp_dp_n44                    9.398e+07     1.9e-15         1.1    0.000108     0.03782 
comp_dp_comp_m3_mult_31_n40    5.099e+07    3.49e-15         1.1   0.0001077     0.03769 
comp_dp_comp_m4_mult_31_n213   6.199e+07    2.87e-15         1.1   0.0001076     0.03767 
comp_dp_x[0]                     2.3e+07   7.699e-15         1.1   0.0001071     0.03751 
comp_dp_comp_m3_mult_31_n214   6.199e+07   2.845e-15         1.1   0.0001067     0.03735 
comp_dp_comp_m4_mult_31_n263     3.5e+07   5.008e-15         1.1    0.000106     0.03711 
comp_dp_comp_m3_mult_31_n90    5.098e+07   3.329e-15         1.1   0.0001027     0.03594 
comp_dp_comp_m3_mult_31_n6       5.2e+07   3.259e-15         1.1   0.0001025     0.03589 
comp_dp_comp_m4_mult_31_n5       5.1e+07   3.304e-15         1.1    0.000102     0.03569 
comp_dp_w1[4]                  8.998e+06   1.873e-14         1.1   0.0001019     0.03568 
comp_dp_comp_m4_mult_31_n203     4.9e+07   3.434e-15         1.1   0.0001018     0.03564 
comp_dp_comp_m4_mult_31_n231   4.298e+07   3.873e-15         1.1   0.0001007     0.03525 
comp_dp_comp_m3_mult_31_n46    4.899e+07   3.384e-15         1.1   0.0001003     0.03511 
comp_dp_comp_m3_mult_31_n31    4.001e+07   4.141e-15         1.1   0.0001002     0.03508 
comp_dp_comp_m3_mult_31_n47      4.1e+07   4.018e-15         1.1   9.967e-05     0.03489 
comp_dp_comp_m4_mult_31_n47      4.1e+07   4.015e-15         1.1   9.959e-05     0.03486 
comp_dp_comp_m3_mult_31_n204     4.7e+07   3.434e-15         1.1   9.765e-05     0.03418 
comp_dp_x[1]                     2.1e+07   7.655e-15         1.1   9.726e-05     0.03405 
comp_dp_comp_m4_mult_31_n40    5.099e+07   3.134e-15         1.1   9.669e-05     0.03384 
comp_dp_comp_m4_mult_31_n31    4.001e+07   3.986e-15         1.1   9.649e-05     0.03377 
comp_dp_comp_m3_mult_31_n87    4.898e+07   3.236e-15         1.1    9.59e-05     0.03357 
comp_dp_comp_m2_mult_31_n263     3.3e+07   4.784e-15         1.1    9.55e-05     0.03343 
comp_dp_comp_m3_mult_31_n5       5.1e+07   3.085e-15         1.1   9.519e-05     0.03332 
comp_dp_comp_m4_mult_31_n46    4.899e+07   3.211e-15         1.1   9.517e-05     0.03331 
comp_dp_comp_m4_mult_31_n91      4.5e+07   3.493e-15         1.1   9.508e-05     0.03328 
comp_dp_comp_m4_mult_31_n234   4.199e+07   3.718e-15         1.1   9.445e-05     0.03306 
comp_dp_comp_m3_mult_31_n91      4.5e+07   3.467e-15         1.1    9.44e-05     0.03304 
comp_dp_n50                     1.14e+08   1.361e-15         1.1   9.384e-05     0.03285 
comp_dp_comp_m4_mult_31_n39    3.299e+07   4.692e-15         1.1   9.365e-05     0.03278 
comp_dp_x[3]                     1.5e+07   1.024e-14         1.1   9.294e-05     0.03253 
comp_dp_comp_m4_mult_31_n6       5.2e+07   2.953e-15         1.1   9.292e-05     0.03252 
comp_dp_comp_m4_mult_31_n87    4.898e+07   3.123e-15         1.1   9.255e-05      0.0324 
comp_dp_n51                     1.13e+08   1.353e-15         1.1   9.249e-05     0.03237 
comp_dp_comp_m4_mult_31_n24    4.999e+07   3.052e-15         1.1    9.23e-05     0.03231 
comp_dp_comp_m4_mult_31_n18    3.799e+07   4.001e-15         1.1   9.196e-05     0.03219 
comp_dp_comp_m3_mult_31_n39    3.299e+07   4.588e-15         1.1   9.158e-05     0.03206 
comp_dp_comp_m4_mult_31_n90    5.098e+07   2.958e-15         1.1   9.124e-05     0.03194 
comp_dp_comp_m1_mult_31_n172     1.5e+07   1.004e-14         1.1   9.109e-05     0.03189 
DOUT[3]                        2.999e+07   5.019e-15         1.1   9.107e-05     0.03188 
comp_dp_comp_m2_mult_31_n52      4.2e+07   3.567e-15         1.1   9.063e-05     0.03172 
comp_dp_comp_m2_mult_31_n208     1.9e+07   7.837e-15         1.1   9.008e-05     0.03153 
comp_dp_comp_m3_mult_31_n235   4.199e+07   3.538e-15         1.1   8.989e-05     0.03146 
comp_dp_comp_m4_mult_31_n26      3.6e+07   4.123e-15         1.1   8.981e-05     0.03144 
comp_dp_comp_m4_mult_31_n4       4.5e+07   3.294e-15         1.1   8.968e-05     0.03139 
comp_dp_comp_m3_mult_31_n18    3.799e+07   3.887e-15         1.1   8.934e-05     0.03127 
comp_dp_comp_m3_mult_31_n24    4.999e+07   2.949e-15         1.1   8.919e-05     0.03122 
comp_dp_comp_m3_mult_31_n232   3.999e+07   3.682e-15         1.1   8.907e-05     0.03118 
comp_dp_comp_m2_mult_31_n22    3.799e+07   3.869e-15         1.1   8.893e-05     0.03113 
comp_dp_comp_m3_mult_31_n48      7.3e+07   2.007e-15         1.1   8.862e-05     0.03102 
comp_dp_N59                    8.701e+07   1.678e-15         1.1   8.836e-05     0.03093 
comp_dp_m2out[3]                 7.5e+07   1.943e-15         1.1   8.815e-05     0.03086 
comp_dp_comp_m4_mult_31_n8     4.099e+07   3.544e-15         1.1    8.79e-05     0.03077 
comp_dp_comp_m3_mult_31_n233   3.899e+07   3.706e-15         1.1   8.743e-05      0.0306 
comp_dp_n45                    7.499e+07   1.924e-15         1.1    8.73e-05     0.03056 
comp_dp_comp_m4_mult_31_n48      7.3e+07   1.975e-15         1.1   8.724e-05     0.03054 
comp_dp_comp_m4_mult_31_n232   3.999e+07   3.592e-15         1.1   8.691e-05     0.03042 
comp_dp_comp_m4_mult_31_n3       4.9e+07   2.929e-15         1.1   8.681e-05     0.03039 
comp_dp_comp_m2_mult_31_n200     4.1e+07   3.496e-15         1.1   8.672e-05     0.03036 
comp_dp_comp_m2_mult_31_n40      4.6e+07   3.102e-15         1.1   8.631e-05     0.03021 
comp_dp_comp_m3_mult_31_n26      3.6e+07   3.951e-15         1.1   8.606e-05     0.03013 
comp_dp_comp_m3_mult_31_n3       4.9e+07   2.888e-15         1.1    8.56e-05     0.02996 
comp_dp_comp_m2_mult_31_n30      2.8e+07   5.048e-15         1.1   8.551e-05     0.02993 
comp_dp_comp_m3_mult_31_n8     4.299e+07   3.283e-15         1.1   8.539e-05     0.02989 
comp_dp_comp_m3_mult_31_n7       4.6e+07   3.063e-15         1.1   8.526e-05     0.02984 
comp_dp_comp_m3_mult_31_n4       4.5e+07   3.108e-15         1.1   8.461e-05     0.02962 
comp_dp_comp_m3_mult_31_n37      3.5e+07   3.979e-15         1.1   8.427e-05      0.0295 
comp_dp_n52                     1.01e+08   1.373e-15         1.1   8.389e-05     0.02936 
comp_dp_comp_m3_mult_31_n36      3.6e+07    3.84e-15         1.1   8.362e-05     0.02927 
comp_dp_comp_m2_mult_31_n8     4.199e+07   3.278e-15         1.1   8.327e-05     0.02915 
comp_dp_n48                    7.498e+07   1.835e-15         1.1   8.322e-05     0.02913 
comp_dp_m2out[2]                 7.1e+07   1.926e-15         1.1   8.273e-05     0.02896 
comp_dp_comp_m1_mult_31_n160   3.799e+07    3.57e-15         1.1   8.205e-05     0.02872 
comp_dp_comp_m3_mult_31_n45      2.8e+07   4.814e-15         1.1   8.156e-05     0.02855 
comp_dp_comp_m4_mult_31_n2     5.399e+07   2.488e-15         1.1   8.125e-05     0.02844 
comp_dp_comp_m1_mult_31_n58      3.1e+07   4.333e-15         1.1   8.125e-05     0.02844 
comp_dp_n46                    7.099e+07   1.886e-15         1.1   8.099e-05     0.02835 
comp_dp_comp_m4_mult_31_n28      4.1e+07   3.261e-15         1.1   8.087e-05     0.02831 
comp_dp_comp_m4_mult_31_n36      3.6e+07   3.702e-15         1.1   8.062e-05     0.02822 
comp_dp_comp_m2_mult_31_n89    3.199e+07   4.164e-15         1.1   8.059e-05     0.02821 
comp_dp_comp_m2_mult_31_n31      3.6e+07   3.674e-15         1.1   8.001e-05     0.02801 
comp_dp_a1out_del[2]           3.399e+07   3.888e-15         1.1   7.997e-05     0.02799 
comp_dp_comp_m4_mult_31_n37      3.5e+07   3.766e-15         1.1   7.974e-05     0.02791 
comp_dp_comp_m2_mult_31_n36      3.4e+07   3.831e-15         1.1    7.88e-05     0.02758 
comp_dp_comp_m3_mult_31_n2     5.399e+07   2.403e-15         1.1   7.848e-05     0.02747 
comp_dp_comp_m4_mult_31_n7       4.5e+07   2.882e-15         1.1   7.847e-05     0.02747 
comp_dp_comp_m4_mult_31_n45      2.8e+07   4.598e-15         1.1   7.789e-05     0.02726 
comp_dp_comp_m3_mult_31_n97        3e+07    4.25e-15         1.1   7.712e-05       0.027 
comp_dp_comp_m2_mult_31_n203     3.6e+07   3.528e-15         1.1   7.684e-05      0.0269 
comp_dp_comp_m3_mult_31_n23    3.999e+07   3.171e-15         1.1   7.671e-05     0.02685 
comp_dp_comp_m3_mult_31_n198     3.4e+07   3.719e-15         1.1   7.649e-05     0.02677 
comp_dp_n53                    9.398e+07   1.345e-15         1.1   7.648e-05     0.02677 
comp_dp_comp_m4_mult_31_n197     3.4e+07   3.703e-15         1.1   7.616e-05     0.02666 
comp_dp_comp_m3_mult_31_n85      3.4e+07   3.693e-15         1.1   7.596e-05     0.02659 
comp_dp_comp_m4_mult_31_n23    3.999e+07   3.102e-15         1.1   7.506e-05     0.02628 
comp_dp_comp_m2_mult_31_n46      4.3e+07   2.877e-15         1.1   7.483e-05     0.02619 
comp_dp_comp_m4_mult_31_n98      3.3e+07    3.72e-15         1.1   7.426e-05     0.02599 
comp_dp_w1[0]                  2.301e+07   5.296e-15         1.1   7.371e-05      0.0258 
comp_dp_a3b[1]                 2.899e+07   4.197e-15         1.1   7.362e-05     0.02577 
comp_dp_comp_m4_mult_31_n196     2.6e+07   4.611e-15         1.1   7.254e-05     0.02539 
comp_dp_comp_m2_mult_31_n24    3.999e+07   2.994e-15         1.1   7.245e-05     0.02536 
comp_dp_comp_m2_mult_31_n196     2.6e+07   4.597e-15         1.1   7.232e-05     0.02532 
comp_dp_comp_m4_mult_31_n95      2.6e+07   4.582e-15         1.1   7.209e-05     0.02523 
comp_dp_comp_m3_mult_31_n28      4.1e+07   2.903e-15         1.1     7.2e-05      0.0252 
comp_dp_a3a[1]                 2.899e+07   4.087e-15         1.1   7.169e-05     0.02509 
comp_dp_comp_m4_mult_31_n85      3.4e+07   3.444e-15         1.1   7.084e-05      0.0248 
comp_dp_comp_m1_mult_31_n178     3.1e+07   3.767e-15         1.1   7.066e-05     0.02473 
comp_dp_comp_m3_mult_31_n88      3.8e+07   3.073e-15         1.1   7.065e-05     0.02473 
comp_dp_comp_m2_mult_31_n26        3e+07   3.889e-15         1.1    7.06e-05     0.02471 
comp_dp_comp_m2_mult_31_n38    2.901e+07   4.014e-15         1.1   7.045e-05     0.02466 
comp_dp_N45                    8.601e+07   1.335e-15         1.1   6.949e-05     0.02432 
comp_dp_comp_m4_mult_31_n97    2.401e+07   4.774e-15         1.1   6.934e-05     0.02427 
comp_dp_comp_m4_mult_31_n94      2.6e+07   4.399e-15         1.1    6.92e-05     0.02422 
comp_dp_N60                    7.699e+07   1.481e-15         1.1   6.897e-05     0.02414 
comp_dp_comp_m1_mult_31_n106     3.1e+07   3.652e-15         1.1   6.849e-05     0.02398 
comp_dp_comp_m4_mult_31_n88      3.8e+07   2.898e-15         1.1   6.663e-05     0.02332 
comp_dp_comp_m3_mult_31_n25      2.8e+07   3.924e-15         1.1   6.649e-05     0.02327 
comp_dp_comp_m3_mult_31_n34      3.5e+07   3.109e-15         1.1   6.585e-05     0.02305 
comp_dp_comp_m2_mult_31_n18    2.799e+07   3.885e-15         1.1   6.579e-05     0.02303 
comp_dp_comp_m1_mult_31_n167     3.1e+07   3.484e-15         1.1   6.533e-05     0.02287 
comp_dp_m2out[1]                 4.9e+07   2.204e-15         1.1   6.532e-05     0.02286 
comp_dp_comp_a1_add_1_root_add_27_2_carry[3]    3.4e+07   3.166e-15         1.1   6.511e-05     0.02279 
comp_dp_comp_m3_mult_31_n43      2.7e+07   3.984e-15         1.1   6.509e-05     0.02278 
comp_dp_comp_m2_mult_31_n7     3.599e+07   2.977e-15         1.1   6.483e-05     0.02269 
comp_dp_comp_m2_mult_31_n39    2.499e+07   4.277e-15         1.1   6.466e-05     0.02263 
comp_dp_comp_m3_mult_31_n95      2.6e+07   4.106e-15         1.1   6.459e-05     0.02261 
comp_dp_comp_m2_mult_31_n202   2.999e+07   3.546e-15         1.1   6.434e-05     0.02252 
comp_dp_comp_m2_mult_31_n45    2.499e+07   4.247e-15         1.1   6.422e-05     0.02248 
DOUT[2]                        2.301e+07   4.609e-15         1.1   6.415e-05     0.02246 
comp_dp_N61                    7.501e+07   1.408e-15         1.1   6.391e-05     0.02237 
comp_dp_comp_m2_mult_31_n90    3.199e+07   3.288e-15         1.1   6.363e-05     0.02227 
comp_dp_comp_m4_mult_31_n43      2.7e+07   3.853e-15         1.1   6.294e-05     0.02203 
comp_dp_comp_m3_mult_31_n98    2.599e+07   3.985e-15         1.1   6.265e-05     0.02193 
comp_dp_comp_m2_mult_31_n97      2.6e+07   3.949e-15         1.1   6.212e-05     0.02174 
comp_dp_comp_m4_mult_31_n34      3.5e+07   2.923e-15         1.1   6.191e-05     0.02167 
comp_dp_comp_m4_mult_31_n25      2.8e+07   3.653e-15         1.1   6.189e-05     0.02166 
comp_dp_comp_m2_mult_31_n87    3.199e+07   3.197e-15         1.1   6.186e-05     0.02165 
comp_dp_n54                    7.499e+07   1.363e-15         1.1   6.186e-05     0.02165 
comp_dp_comp_m2_mult_31_n197     2.8e+07    3.65e-15         1.1   6.183e-05     0.02164 
DOUT[1]                          2.2e+07   4.644e-15         1.1   6.182e-05     0.02164 
comp_dp_comp_m2_mult_31_n95      2.6e+07   3.928e-15         1.1    6.18e-05     0.02163 
comp_dp_comp_m3_mult_31_n197     2.6e+07   3.906e-15         1.1   6.144e-05     0.02151 
comp_dp_m3out[0]               8.701e+07   1.157e-15         1.1   6.092e-05     0.02132 
comp_dp_comp_m3_mult_31_n94      2.6e+07   3.862e-15         1.1   6.075e-05     0.02127 
comp_dp_comp_m2_mult_31_n34      3.2e+07   3.132e-15         1.1   6.064e-05     0.02123 
comp_dp_comp_m2_mult_31_n23    2.999e+07   3.331e-15         1.1   6.045e-05     0.02116 
comp_dp_comp_m1_mult_31_n104     3.1e+07   3.214e-15         1.1   6.027e-05      0.0211 
comp_dp_N64                    6.999e+07   1.413e-15         1.1   5.983e-05     0.02094 
comp_dp_N47                    7.501e+07   1.318e-15         1.1   5.981e-05     0.02093 
comp_dp_a3a[0]                 2.401e+07   4.101e-15         1.1   5.957e-05     0.02085 
comp_dp_comp_m2_mult_31_n96      2.6e+07   3.757e-15         1.1    5.91e-05     0.02069 
comp_dp_N63                    6.898e+07   1.415e-15         1.1   5.906e-05     0.02067 
comp_dp_comp_m2_mult_31_n94      2.6e+07   3.734e-15         1.1   5.875e-05     0.02056 
comp_dp_N46                    7.599e+07   1.278e-15         1.1   5.875e-05     0.02056 
comp_dp_a1out_del[0]           2.301e+07   4.215e-15         1.1   5.867e-05     0.02054 
comp_dp_comp_m2_mult_31_n88    3.199e+07   2.992e-15         1.1    5.79e-05     0.02027 
comp_dp_comp_m2_mult_31_n238     2.6e+07   3.664e-15         1.1   5.763e-05     0.02017 
comp_dp_n47                    4.899e+07   1.944e-15         1.1   5.762e-05     0.02017 
comp_dp_n57                    7.498e+07   1.269e-15         1.1   5.755e-05     0.02014 
comp_dp_n39                    4.999e+07   1.897e-15         1.1   5.737e-05     0.02008 
comp_dp_N65                    5.799e+07   1.633e-15         1.1   5.728e-05     0.02005 
comp_dp_m4out[5]               6.999e+07   1.351e-15         1.1    5.72e-05     0.02002 
comp_dp_comp_m2_mult_31_n98      2.6e+07   3.633e-15         1.1   5.715e-05        0.02 
comp_dp_n55                    7.099e+07    1.33e-15         1.1   5.713e-05        0.02 
comp_dp_comp_m4_mult_31_n19      1.6e+07   5.891e-15         1.1   5.703e-05     0.01996 
comp_dp_comp_m4_mult_31_n53    2.699e+07   3.491e-15         1.1     5.7e-05     0.01995 
comp_dp_a3b[0]                 2.401e+07   3.914e-15         1.1   5.685e-05      0.0199 
comp_dp_comp_m4_mult_31_n266   5.099e+07   1.826e-15         1.1   5.633e-05     0.01972 
comp_dp_comp_m4_mult_31_n50    2.799e+07   3.324e-15         1.1    5.63e-05     0.01971 
comp_dp_N48                    6.701e+07   1.382e-15         1.1   5.601e-05     0.01961 
comp_dp_comp_m3_mult_31_n19      1.6e+07   5.785e-15         1.1   5.601e-05      0.0196 
comp_dp_N50                    6.999e+07   1.319e-15         1.1   5.586e-05     0.01955 
comp_dp_comp_m3_mult_31_n53    2.599e+07   3.544e-15         1.1   5.571e-05      0.0195 
comp_dp_comp_m4_mult_31_n9       2.4e+07    3.83e-15         1.1   5.561e-05     0.01946 
comp_dp_comp_m3_mult_31_n267   5.099e+07     1.8e-15         1.1   5.552e-05     0.01944 
comp_dp_comp_m2_mult_31_n37      2.5e+07    3.67e-15         1.1   5.552e-05     0.01943 
comp_dp_comp_m2_mult_31_n85      2.8e+07   3.275e-15         1.1   5.547e-05     0.01941 
comp_dp_w0[2]                  4.998e+07   1.818e-15         1.1   5.498e-05     0.01924 
comp_dp_comp_m2_mult_31_n47    2.299e+07   3.947e-15         1.1    5.49e-05     0.01922 
comp_dp_m4out[0]               8.601e+07   1.052e-15         1.1   5.474e-05     0.01916 
comp_dp_comp_m2_mult_31_n9       2.9e+07   3.089e-15         1.1    5.42e-05     0.01897 
comp_dp_comp_m2_mult_31_n35      2.4e+07    3.73e-15         1.1   5.416e-05     0.01896 
comp_dp_comp_m3_mult_31_n27      2.1e+07   4.244e-15         1.1   5.392e-05     0.01888 
comp_dp_comp_m3_mult_31_n9       2.6e+07   3.415e-15         1.1   5.371e-05      0.0188 
comp_dp_comp_m2_mult_31_n91      2.5e+07    3.54e-15         1.1   5.355e-05     0.01875 
comp_dp_m4out[2]               7.501e+07   1.173e-15         1.1   5.323e-05     0.01863 
comp_dp_comp_m2_mult_31_n218       2e+07   4.396e-15         1.1    5.32e-05     0.01862 
comp_dp_N62                    6.701e+07   1.309e-15         1.1   5.307e-05     0.01858 
comp_dp_N49                    6.898e+07   1.265e-15         1.1   5.281e-05     0.01848 
comp_dp_comp_m2_mult_31_n28      2.6e+07   3.317e-15         1.1   5.216e-05     0.01826 
comp_dp_comp_m1_mult_31_n118     2.3e+07   3.719e-15         1.1   5.176e-05     0.01812 
comp_dp_comp_m3_mult_31_n82      2.2e+07   3.841e-15         1.1   5.112e-05      0.0179 
comp_dp_comp_m3_mult_31_n225       2e+07   4.214e-15         1.1   5.099e-05     0.01785 
comp_dp_comp_m3_mult_31_n83    2.199e+07   3.828e-15         1.1   5.094e-05     0.01783 
comp_dp_comp_m4_mult_31_n54      4.9e+07   1.715e-15         1.1   5.084e-05      0.0178 
comp_dp_comp_m4_mult_31_n96    2.001e+07   4.195e-15         1.1   5.079e-05     0.01778 
comp_dp_comp_m1_mult_31_n171   6.998e+06   1.199e-14         1.1   5.076e-05     0.01777 
comp_dp_comp_m2_mult_31_n53      2.3e+07   3.632e-15         1.1   5.054e-05     0.01769 
comp_dp_comp_m3_mult_31_n96    2.001e+07   4.144e-15         1.1   5.018e-05     0.01756 
comp_dp_comp_m4_mult_31_n27      2.1e+07   3.936e-15         1.1   5.001e-05      0.0175 
comp_dp_comp_m3_mult_31_n50    2.799e+07   2.942e-15         1.1   4.983e-05     0.01744 
comp_dp_comp_m4_mult_31_n79        2e+07   4.116e-15         1.1   4.981e-05     0.01744 
comp_dp_comp_m1_mult_31_n8       2.5e+07   3.288e-15         1.1   4.974e-05     0.01741 
comp_dp_comp_m1_mult_31_n72      2.1e+07   3.889e-15         1.1   4.942e-05      0.0173 
comp_dp_comp_m3_mult_31_n54      4.7e+07    1.73e-15         1.1   4.919e-05     0.01722 
comp_dp_comp_m2_mult_31_n231     2.1e+07   3.865e-15         1.1   4.911e-05     0.01719 
comp_dp_comp_m2_mult_31_n27      1.9e+07   4.265e-15         1.1   4.903e-05     0.01716 
comp_dp_comp_m4_mult_31_n16        2e+07   4.042e-15         1.1   4.892e-05     0.01712 
comp_dp_comp_m3_mult_31_n35      2.2e+07   3.661e-15         1.1   4.873e-05     0.01706 
comp_dp_comp_m4_mult_31_n81    1.999e+07   4.028e-15         1.1   4.872e-05     0.01705 
comp_dp_comp_m4_mult_31_n82      2.2e+07   3.632e-15         1.1   4.835e-05     0.01692 
comp_dp_comp_m4_mult_31_n238   2.001e+07   3.982e-15         1.1   4.821e-05     0.01687 
comp_dp_m4out[1]               7.598e+07   1.048e-15         1.1   4.819e-05     0.01687 
comp_dp_comp_m1_mult_31_n164     2.3e+07   3.462e-15         1.1   4.817e-05     0.01686 
DOUT[4]                          1.5e+07   5.289e-15         1.1   4.799e-05      0.0168 
comp_dp_N23                    5.199e+07   1.524e-15         1.1   4.793e-05     0.01678 
comp_dp_comp_m4_mult_31_n35      2.2e+07   3.585e-15         1.1   4.771e-05      0.0167 
comp_dp_comp_m3_mult_31_n17    1.899e+07   4.136e-15         1.1   4.752e-05     0.01663 
comp_dp_m4out[4]               6.898e+07   1.138e-15         1.1    4.75e-05     0.01663 
comp_dp_comp_m2_mult_31_n222       2e+07    3.92e-15         1.1   4.744e-05     0.01661 
comp_dp_comp_m4_mult_31_n83    2.199e+07    3.56e-15         1.1   4.737e-05     0.01658 
comp_dp_comp_m3_mult_31_n81    1.999e+07   3.914e-15         1.1   4.734e-05     0.01657 
comp_dp_comp_m2_mult_31_n220       2e+07   3.908e-15         1.1    4.73e-05     0.01656 
comp_dp_comp_m4_mult_31_n220       2e+07   3.906e-15         1.1   4.727e-05     0.01654 
comp_dp_comp_m3_mult_31_n79        2e+07   3.885e-15         1.1   4.701e-05     0.01645 
comp_dp_a1out_del[1]           1.901e+07   4.087e-15         1.1   4.699e-05     0.01645 
comp_dp_comp_m2_mult_31_n224       2e+07   3.883e-15         1.1   4.699e-05     0.01645 
comp_dp_comp_m1_mult_31_n113     2.1e+07   3.698e-15         1.1   4.699e-05     0.01645 
comp_dp_comp_m2_mult_31_n241     1.9e+07   4.085e-15         1.1   4.695e-05     0.01643 
comp_dp_a1out_del[3]             1.9e+07   4.079e-15         1.1   4.688e-05     0.01641 
comp_dp_comp_m3_mult_31_n223       2e+07    3.87e-15         1.1   4.683e-05     0.01639 
comp_dp_comp_m4_mult_31_n17    1.899e+07   4.059e-15         1.1   4.664e-05     0.01632 
comp_dp_N51                    5.799e+07   1.327e-15         1.1   4.656e-05      0.0163 
comp_dp_comp_m3_mult_31_n224       2e+07   3.843e-15         1.1   4.651e-05     0.01628 
comp_dp_comp_m3_mult_31_n221       2e+07   3.816e-15         1.1   4.618e-05     0.01616 
comp_dp_comp_m4_mult_31_n223       2e+07   3.807e-15         1.1   4.607e-05     0.01613 
comp_dp_comp_m3_mult_31_n243     1.9e+07   3.988e-15         1.1   4.584e-05     0.01605 
comp_dp_comp_m4_mult_31_n221       2e+07   3.786e-15         1.1   4.581e-05     0.01604 
comp_dp_comp_m1_mult_31_n53      1.9e+07    3.98e-15         1.1   4.574e-05     0.01601 
comp_dp_comp_m1_mult_31_n179     2.1e+07   3.598e-15         1.1   4.572e-05       0.016 
comp_dp_comp_m2_mult_31_n230     1.9e+07   3.975e-15         1.1   4.569e-05     0.01599 
comp_dp_m3out[1]               7.698e+07   9.773e-16         1.1   4.552e-05     0.01593 
comp_dp_comp_m3_mult_31_n219       2e+07   3.749e-15         1.1   4.537e-05     0.01588 
comp_dp_comp_m4_mult_31_n222       2e+07   3.741e-15         1.1   4.527e-05     0.01585 
comp_dp_comp_m3_mult_31_n16        2e+07   3.725e-15         1.1   4.507e-05     0.01578 
comp_dp_comp_m4_mult_31_n218       2e+07   3.716e-15         1.1   4.497e-05     0.01574 
comp_dp_comp_m3_mult_31_n222       2e+07   3.716e-15         1.1   4.497e-05     0.01574 
comp_dp_comp_m3_mult_31_n239   2.001e+07   3.711e-15         1.1   4.493e-05     0.01573 
comp_dp_comp_m2_mult_31_n223       2e+07   3.692e-15         1.1   4.468e-05     0.01564 
comp_dp_comp_m3_mult_31_n230     1.9e+07   3.875e-15         1.1   4.454e-05     0.01559 
comp_dp_a1a[0]                   1.9e+07   3.874e-15         1.1   4.453e-05     0.01559 
comp_dp_comp_m1_mult_31_n64      2.1e+07   3.494e-15         1.1    4.44e-05     0.01554 
comp_dp_comp_m3_mult_31_n226     2.6e+07   2.822e-15         1.1   4.439e-05     0.01554 
comp_dp_comp_m4_mult_31_n239     1.9e+07   3.838e-15         1.1   4.411e-05     0.01544 
comp_dp_comp_m2_mult_31_n264     1.9e+07   3.825e-15         1.1   4.396e-05     0.01539 
comp_dp_comp_m2_mult_31_n221       2e+07   3.627e-15         1.1   4.389e-05     0.01536 
comp_dp_comp_m4_mult_31_n230     1.9e+07   3.818e-15         1.1   4.389e-05     0.01536 
comp_dp_m3out[2]               7.501e+07   9.625e-16         1.1   4.368e-05     0.01529 
comp_dp_comp_m3_mult_31_n241     1.9e+07     3.8e-15         1.1   4.368e-05     0.01529 
comp_dp_comp_m2_mult_31_n229     1.9e+07   3.744e-15         1.1   4.303e-05     0.01506 
comp_dp_comp_m4_mult_31_n224       2e+07   3.551e-15         1.1   4.297e-05     0.01504 
comp_dp_N21                      5.2e+07   1.366e-15         1.1   4.296e-05     0.01504 
comp_dp_comp_m3_mult_31_n242     1.9e+07   3.721e-15         1.1   4.277e-05     0.01497 
comp_dp_comp_m3_mult_31_n240     1.9e+07   3.717e-15         1.1   4.272e-05     0.01495 
comp_dp_comp_m2_mult_31_n48      4.1e+07   1.715e-15         1.1   4.254e-05     0.01489 
comp_dp_m4out[3]               6.701e+07   1.048e-15         1.1   4.249e-05     0.01487 
comp_dp_n29                    4.999e+07   1.397e-15         1.1   4.223e-05     0.01478 
comp_dp_comp_m3_mult_31_n231     1.9e+07   3.665e-15         1.1   4.213e-05     0.01475 
comp_dp_comp_m1_mult_31_n54    3.799e+07   1.831e-15         1.1   4.209e-05     0.01473 
comp_dp_a1out[2]               5.299e+07   1.312e-15         1.1   4.207e-05     0.01473 
comp_dp_comp_m2_mult_31_n239     1.9e+07   3.651e-15         1.1   4.196e-05     0.01469 
comp_dp_comp_m4_mult_31_n264     1.9e+07   3.645e-15         1.1   4.189e-05     0.01466 
comp_dp_comp_m2_mult_31_n54      3.6e+07   1.923e-15         1.1   4.188e-05     0.01466 
comp_dp_comp_m4_mult_31_n241     1.9e+07   3.642e-15         1.1   4.186e-05     0.01465 
comp_dp_comp_m3_mult_31_n203   1.999e+07   3.455e-15         1.1   4.178e-05     0.01463 
comp_dp_comp_m2_mult_31_n242     1.9e+07   3.616e-15         1.1   4.156e-05     0.01455 
comp_dp_comp_a1_add_1_root_add_27_2_carry[2]    2.3e+07   2.986e-15         1.1   4.156e-05     0.01455 
comp_dp_N12                      4.9e+07     1.4e-15         1.1   4.151e-05     0.01453 
comp_dp_comp_m4_mult_31_n240     1.9e+07   3.607e-15         1.1   4.146e-05     0.01451 
comp_dp_m3out[5]               6.999e+07   9.788e-16         1.1   4.144e-05     0.01451 
comp_dp_comp_m4_mult_31_n78      1.6e+07   4.278e-15         1.1   4.142e-05      0.0145 
comp_dp_comp_a1_add_1_root_add_27_2_carry[4]    2.2e+07   3.106e-15         1.1   4.133e-05     0.01447 
comp_dp_comp_m3_mult_31_n265     1.9e+07    3.58e-15         1.1   4.114e-05      0.0144 
comp_dp_n38                      3.5e+07   1.938e-15         1.1   4.103e-05     0.01436 
comp_dp_comp_m2_mult_31_n245   4.003e+06   1.691e-14         1.1   4.095e-05     0.01433 
comp_dp_comp_m4_mult_31_n242     1.9e+07   3.552e-15         1.1   4.083e-05     0.01429 
comp_dp_comp_m2_mult_31_n25      1.9e+07   3.551e-15         1.1   4.083e-05     0.01429 
comp_dp_comp_m4_mult_31_n229     1.9e+07   3.545e-15         1.1   4.074e-05     0.01426 
comp_dp_comp_m2_mult_31_n240     1.9e+07   3.538e-15         1.1   4.067e-05     0.01423 
comp_dp_comp_m3_mult_31_n78      1.6e+07   4.199e-15         1.1   4.065e-05     0.01423 
comp_dp_m3out[6]               5.799e+07   1.156e-15         1.1   4.054e-05     0.01419 
comp_dp_n56                    4.899e+07   1.366e-15         1.1    4.05e-05     0.01418 
comp_dp_N22                    5.299e+07   1.261e-15         1.1   4.044e-05     0.01415 
comp_dp_comp_m1_mult_31_n111     2.1e+07   3.168e-15         1.1   4.025e-05     0.01409 
comp_dp_w0[3]                    3.5e+07     1.9e-15         1.1   4.023e-05     0.01408 
comp_dp_comp_m1_mult_31_n7       2.2e+07   3.004e-15         1.1   3.998e-05       0.014 
comp_dp_comp_m2_mult_31_n233     1.9e+07   3.469e-15         1.1   3.988e-05     0.01396 
comp_dp_comp_m3_mult_31_n199     1.6e+07   4.107e-15         1.1   3.976e-05     0.01392 
comp_dp_m4out[6]               5.799e+07   1.133e-15         1.1   3.976e-05     0.01392 
comp_dp_comp_a1_add_1_root_add_27_2_carry[1]    2.2e+07   2.979e-15         1.1   3.965e-05     0.01388 
comp_dp_m3out[4]               6.898e+07   9.496e-16         1.1   3.963e-05     0.01387 
comp_dp_comp_m3_mult_31_n236   3.298e+07    1.95e-15         1.1   3.891e-05     0.01362 
comp_dp_m3out[3]               6.701e+07   9.477e-16         1.1   3.842e-05     0.01345 
comp_dp_n2                     2.401e+07   2.639e-15         1.1   3.833e-05     0.01342 
comp_dp_comp_m1_mult_31_n52      1.5e+07   4.167e-15         1.1   3.781e-05     0.01323 
comp_dp_comp_m2_mult_31_n43      1.6e+07   3.904e-15         1.1    3.78e-05     0.01323 
comp_dp_comp_m4_mult_31_n198     1.6e+07   3.899e-15         1.1   3.775e-05     0.01321 
comp_dp_n4                     2.899e+07   2.139e-15         1.1   3.752e-05     0.01313 
comp_dp_comp_m2_mult_31_n51    2.999e+07   2.051e-15         1.1   3.721e-05     0.01302 
comp_dp_x[4]                   6.998e+06   8.762e-15         1.1   3.709e-05     0.01298 
comp_dp_comp_m3_mult_31_n21      1.5e+07   4.084e-15         1.1   3.707e-05     0.01297 
comp_dp_y[2]                   4.599e+07   1.316e-15         1.1   3.661e-05     0.01282 
comp_dp_a3a[2]                   1.5e+07    4.02e-15         1.1   3.647e-05     0.01277 
comp_dp_comp_m4_mult_31_n235   3.298e+07   1.826e-15         1.1   3.644e-05     0.01275 
comp_dp_comp_m4_mult_31_n33      1.4e+07   4.286e-15         1.1   3.631e-05     0.01271 
comp_dp_n40                    3.201e+07   1.875e-15         1.1   3.631e-05     0.01271 
comp_dp_comp_m1_mult_31_n70      3.1e+07   1.917e-15         1.1   3.594e-05     0.01258 
comp_dp_a1out[3]               5.199e+07   1.139e-15         1.1   3.581e-05     0.01253 
comp_dp_comp_a3_add_1_root_add_27_2_carry[3]    1.9e+07   3.114e-15         1.1   3.579e-05     0.01253 
comp_dp_a1out[1]                 5.2e+07   1.134e-15         1.1   3.568e-05     0.01249 
comp_dp_comp_m4_mult_31_n80    1.599e+07   3.685e-15         1.1   3.565e-05     0.01248 
comp_dp_comp_m2_mult_31_n21      1.6e+07    3.66e-15         1.1   3.543e-05      0.0124 
comp_dp_a3b[2]                   1.5e+07   3.896e-15         1.1   3.535e-05     0.01237 
comp_dp_comp_m3_mult_31_n80    1.599e+07   3.653e-15         1.1   3.535e-05     0.01237 
comp_dp_w0[1]                  3.201e+07   1.822e-15         1.1   3.527e-05     0.01235 
comp_dp_comp_m1_mult_31_n66      1.5e+07   3.872e-15         1.1   3.513e-05      0.0123 
comp_dp_comp_m3_mult_31_n33      1.4e+07   4.079e-15         1.1   3.456e-05      0.0121 
comp_dp_m1out[0]                 4.9e+07   1.151e-15         1.1   3.413e-05     0.01195 
comp_dp_N20                      4.2e+07   1.342e-15         1.1    3.41e-05     0.01194 
comp_dp_comp_m4_mult_31_n21      1.5e+07   3.712e-15         1.1   3.369e-05     0.01179 
comp_dp_n9                     2.899e+07   1.893e-15         1.1   3.321e-05     0.01163 
comp_dp_comp_m1_mult_31_n62      1.5e+07    3.66e-15         1.1   3.321e-05     0.01162 
comp_dp_comp_m1_mult_31_n99      1.5e+07   3.648e-15         1.1    3.31e-05     0.01158 
comp_dp_w1[6]                  2.998e+06   1.818e-14         1.1   3.296e-05     0.01154 
comp_dp_comp_m2_mult_31_n17    1.399e+07   3.855e-15         1.1   3.264e-05     0.01142 
comp_dp_comp_m2_mult_31_n234     1.4e+07   3.825e-15         1.1    3.24e-05     0.01134 
comp_dp_comp_a2_add_1_root_add_27_2_carry[3]    1.6e+07   3.264e-15         1.1   3.159e-05     0.01106 
comp_dp_comp_a1_add_1_root_add_27_2_carry[5]    1.6e+07   3.257e-15         1.1   3.152e-05     0.01103 
comp_dp_comp_m2_mult_31_n225     2.6e+07   1.999e-15         1.1   3.144e-05     0.01101 
comp_dp_comp_m1_mult_31_n97      1.5e+07   3.457e-15         1.1   3.137e-05     0.01098 
comp_dp_comp_m4_mult_31_n202     1.5e+07   3.434e-15         1.1   3.117e-05     0.01091 
comp_dp_comp_a3_add_1_root_add_27_2_carry[2]    1.6e+07   3.178e-15         1.1   3.076e-05     0.01077 
FE_DBTN3_comp_dp_w1_7          9.975e+05   5.093e-14         1.1   3.074e-05     0.01076 
comp_dp_comp_a2_add_1_root_add_27_2_carry[2]    1.6e+07   3.135e-15         1.1   3.034e-05     0.01062 
comp_dp_comp_m4_mult_31_n225     2.6e+07    1.92e-15         1.1   3.021e-05     0.01057 
comp_dp_comp_m1_mult_31_n68      2.3e+07   2.138e-15         1.1   2.976e-05     0.01042 
comp_dp_comp_m2_mult_31_n226     1.9e+07   2.577e-15         1.1   2.961e-05     0.01037 
comp_dp_a1out[0]                 4.2e+07   1.161e-15         1.1   2.949e-05     0.01032 
comp_dp_comp_m4_mult_31_n15      1.8e+07   2.685e-15         1.1   2.925e-05     0.01024 
comp_dp_comp_m3_mult_31_n15      1.8e+07   2.682e-15         1.1   2.921e-05     0.01022 
comp_dp_comp_m2_mult_31_n16      1.3e+07   3.702e-15         1.1   2.912e-05     0.01019 
comp_dp_comp_m3_mult_31_n200     1.6e+07   2.993e-15         1.1   2.898e-05     0.01014 
comp_dp_comp_m1_mult_31_n44      1.2e+07   3.943e-15         1.1   2.863e-05     0.01002 
comp_dp_comp_m2_mult_31_n84        1e+07   4.663e-15         1.1   2.822e-05    0.009878 
comp_dp_n28                      3.5e+07   1.323e-15         1.1   2.801e-05    0.009804 
comp_dp_n8                     2.401e+07   1.925e-15         1.1   2.796e-05    0.009787 
comp_dp_comp_m4_mult_31_n199     1.6e+07   2.874e-15         1.1   2.782e-05    0.009739 
comp_dp_w0[0]                  2.301e+07   1.957e-15         1.1   2.725e-05    0.009538 
comp_dp_N24                    2.999e+07   1.493e-15         1.1   2.709e-05    0.009481 
comp_dp_y[3]                   3.299e+07   1.321e-15         1.1   2.637e-05     0.00923 
comp_dp_n49                    2.301e+07   1.816e-15         1.1   2.528e-05     0.00885 
comp_dp_comp_m2_mult_31_n232     1.1e+07   3.789e-15         1.1   2.522e-05    0.008828 
comp_dp_n30                    3.201e+07   1.294e-15         1.1   2.506e-05    0.008771 
comp_dp_y[1]                   3.201e+07    1.28e-15         1.1   2.479e-05    0.008676 
comp_dp_comp_m4_mult_31_n226     1.9e+07   2.125e-15         1.1   2.442e-05    0.008549 
comp_dp_w1[7]                  9.975e+05   4.038e-14         1.1   2.437e-05     0.00853 
comp_dp_comp_m2_mult_31_n19    7.003e+06    5.75e-15         1.1   2.436e-05    0.008527 
comp_dp_comp_m2_mult_31_n33    9.003e+06   4.366e-15         1.1   2.378e-05    0.008324 
DOUT[5]                        6.998e+06   5.533e-15         1.1   2.342e-05    0.008199 
comp_dp_comp_a2_add_1_root_add_27_2_carry[1]    1.3e+07    2.92e-15         1.1   2.296e-05    0.008038 
comp_dp_comp_m1_mult_31_n46      1.2e+07   3.159e-15         1.1   2.294e-05     0.00803 
comp_dp_comp_m3_mult_31_n216   2.003e+06   1.877e-14         1.1   2.274e-05    0.007959 
comp_dp_comp_m4_mult_31_n215   2.003e+06   1.871e-14         1.1   2.267e-05    0.007936 
comp_dp_a1out_del[4]           8.998e+06   4.161e-15         1.1   2.265e-05    0.007928 
comp_dp_comp_m1_mult_31_n34    8.998e+06   4.154e-15         1.1   2.261e-05    0.007915 
comp_dp_comp_m2_mult_31_n201     1.9e+07   1.962e-15         1.1   2.255e-05    0.007892 
comp_dp_comp_m4_mult_31_n201     1.9e+07   1.947e-15         1.1   2.237e-05    0.007832 
comp_dp_comp_m3_mult_31_n227     1.9e+07   1.936e-15         1.1   2.225e-05     0.00779 
comp_dp_N13                      2.7e+07   1.362e-15         1.1   2.224e-05    0.007786 
comp_dp_comp_m2_mult_31_n215   2.003e+06   1.811e-14         1.1   2.194e-05    0.007681 
comp_dp_comp_m2_mult_31_n83    9.003e+06   3.962e-15         1.1   2.158e-05    0.007554 
comp_dp_comp_m3_mult_31_n66        1e+07   3.533e-15         1.1   2.138e-05    0.007483 
comp_dp_a1a[1]                 8.998e+06   3.893e-15         1.1   2.119e-05    0.007417 
comp_dp_comp_m3_mult_31_n51    1.999e+07   1.745e-15         1.1    2.11e-05    0.007386 
comp_dp_comp_m3_mult_31_n202     1.9e+07   1.829e-15         1.1   2.102e-05    0.007358 
comp_dp_comp_m3_mult_31_n49    8.003e+06   4.324e-15         1.1   2.094e-05    0.007328 
comp_dp_a1out[4]               2.999e+07    1.14e-15         1.1   2.068e-05    0.007238 
comp_dp_w0[4]                  1.699e+07   2.008e-15         1.1   2.063e-05    0.007222 
comp_dp_comp_m1_mult_31_n6         1e+07    3.36e-15         1.1   2.034e-05    0.007118 
comp_dp_comp_m4_mult_31_n66        1e+07   3.345e-15         1.1   2.024e-05    0.007085 
comp_dp_comp_m2_mult_31_n82    7.003e+06   4.715e-15         1.1   1.997e-05    0.006991 
comp_dp_comp_m4_mult_31_n51      1.5e+07   2.198e-15         1.1   1.995e-05    0.006983 
comp_dp_n31                    2.301e+07   1.424e-15         1.1   1.982e-05    0.006937 
comp_dp_n37                    1.699e+07   1.924e-15         1.1   1.978e-05    0.006925 
comp_dp_N6                       3.1e+07   1.051e-15         1.1    1.97e-05    0.006897 
comp_dp_comp_m3_mult_31_n244   2.799e+07   1.155e-15         1.1   1.956e-05    0.006846 
comp_dp_comp_m2_mult_31_n50    9.003e+06   3.559e-15         1.1   1.938e-05    0.006785 
comp_dp_comp_m2_mult_31_n266     1.8e+07   1.768e-15         1.1   1.925e-05    0.006738 
comp_dp_comp_m2_mult_31_n81    7.003e+06   4.534e-15         1.1   1.921e-05    0.006723 
comp_dp_m1out[1]                 2.7e+07    1.17e-15         1.1   1.911e-05    0.006688 
comp_dp_comp_m4_mult_31_n252     1.6e+07   1.968e-15         1.1   1.905e-05    0.006668 
comp_dp_y[0]                     2.2e+07   1.427e-15         1.1   1.899e-05    0.006647 
comp_dp_comp_m4_mult_31_n49    8.003e+06   3.882e-15         1.1    1.88e-05     0.00658 
comp_dp_x[5]                   2.998e+06   1.026e-14         1.1    1.86e-05    0.006512 
comp_dp_comp_a3_add_1_root_add_27_2_carry[4]  9.998e+06    3.07e-15         1.1   1.857e-05      0.0065 
comp_dp_comp_m1_mult_31_n170   2.998e+06   1.019e-14         1.1   1.848e-05    0.006468 
comp_dp_comp_m3_mult_31_n253     1.6e+07   1.885e-15         1.1   1.825e-05    0.006387 
comp_dp_n5                       1.5e+07   1.991e-15         1.1   1.806e-05    0.006322 
comp_dp_comp_m2_mult_31_n236     2.6e+07   1.133e-15         1.1   1.782e-05    0.006238 
comp_dp_n10                      1.5e+07    1.96e-15         1.1   1.779e-05    0.006226 
comp_dp_a3b[3]                 6.998e+06   4.186e-15         1.1   1.772e-05    0.006203 
comp_dp_comp_m2_mult_31_n78    7.003e+06   4.176e-15         1.1   1.769e-05    0.006193 
comp_dp_a3a[3]                 6.998e+06    4.17e-15         1.1   1.765e-05    0.006179 
comp_dp_comp_a1_add_1_root_add_27_2_carry[6]  9.998e+06   2.907e-15         1.1   1.758e-05    0.006155 
comp_dp_sync_DIN[3]              3.1e+07   9.329e-16         1.1    1.75e-05    0.006124 
comp_dp_comp_m1_mult_31_n35    6.998e+06   4.056e-15         1.1   1.717e-05    0.006011 
comp_dp_comp_m1_mult_31_n45    6.998e+06   4.049e-15         1.1   1.714e-05       0.006 
comp_dp_comp_m3_mult_31_n261     1.4e+07   2.004e-15         1.1   1.698e-05    0.005943 
comp_dp_comp_a3_add_1_root_add_27_2_carry[1]  8.998e+06   3.097e-15         1.1   1.686e-05    0.005901 
comp_dp_comp_m2_mult_31_n198   7.003e+06   3.972e-15         1.1   1.683e-05    0.005891 
comp_dp_comp_m4_mult_31_n243   2.799e+07   9.895e-16         1.1   1.676e-05    0.005866 
comp_dp_comp_m1_mult_31_n90    6.998e+06   3.936e-15         1.1   1.666e-05    0.005833 
comp_dp_comp_m2_mult_31_n80    7.003e+06     3.9e-15         1.1   1.652e-05    0.005784 
comp_dp_N4                       2.3e+07   1.186e-15         1.1   1.651e-05    0.005778 
comp_dp_comp_m1_mult_31_n5     8.993e+06   3.018e-15         1.1   1.642e-05    0.005748 
comp_dp_comp_m1_mult_31_n39    6.998e+06   3.813e-15         1.1   1.614e-05    0.005651 
comp_dp_sync_DIN[2]              2.1e+07    1.25e-15         1.1   1.588e-05    0.005559 
comp_dp_comp_m2_mult_31_n79    7.003e+06   3.748e-15         1.1   1.588e-05    0.005558 
comp_dp_comp_m1_mult_31_n92    6.998e+06   3.733e-15         1.1   1.581e-05    0.005532 
comp_dp_N25                    1.999e+07   1.273e-15         1.1   1.539e-05    0.005388 
comp_dp_comp_m4_mult_31_n260     1.4e+07   1.814e-15         1.1   1.537e-05     0.00538 
comp_dp_sync_DIN[1]              2.3e+07   1.088e-15         1.1   1.514e-05    0.005299 
comp_dp_comp_m2_mult_31_n15    9.003e+06   2.548e-15         1.1   1.388e-05    0.004857 
comp_dp_a1out[5]               1.999e+07   1.099e-15         1.1   1.329e-05    0.004653 
comp_dp_N5                       2.1e+07   1.046e-15         1.1   1.328e-05     0.00465 
comp_dp_n27                    1.699e+07   1.286e-15         1.1   1.322e-05    0.004628 
comp_dp_comp_m2_mult_31_n237     1.9e+07   1.132e-15         1.1   1.301e-05    0.004554 
comp_dp_comp_m2_mult_31_n199   7.003e+06   3.023e-15         1.1   1.281e-05    0.004483 
comp_dp_comp_a2_add_1_root_add_27_2_carry[4]  6.998e+06   2.992e-15         1.1   1.267e-05    0.004434 
comp_dp_a1out_del[5]           4.998e+06   4.164e-15         1.1   1.259e-05    0.004407 
comp_dp_y[4]                   1.599e+07   1.298e-15         1.1   1.255e-05    0.004393 
comp_dp_comp_m1_mult_31_n40    6.998e+06   2.955e-15         1.1   1.251e-05    0.004379 
comp_dp_comp_m4_mult_31_n247   4.998e+06   4.112e-15         1.1   1.243e-05    0.004352 
comp_dp_comp_m3_mult_31_n249   4.998e+06   4.095e-15         1.1   1.238e-05    0.004334 
comp_dp_comp_m4_mult_31_n250   4.998e+06   4.089e-15         1.1   1.236e-05    0.004328 
comp_dp_comp_m1_mult_31_n56    6.998e+06   2.904e-15         1.1   1.229e-05    0.004303 
comp_dp_comp_m1_mult_31_n36    6.998e+06   2.903e-15         1.1   1.229e-05    0.004302 
comp_dp_comp_m1_mult_31_n60    6.998e+06   2.887e-15         1.1   1.222e-05    0.004278 
comp_dp_comp_m2_mult_31_n246   4.998e+06   3.977e-15         1.1   1.202e-05    0.004209 
comp_dp_comp_m3_mult_31_n250   4.998e+06   3.957e-15         1.1   1.196e-05    0.004188 
comp_dp_x[6]                   9.975e+05   1.966e-14         1.1   1.186e-05    0.004152 
comp_dp_a1a[2]                 4.998e+06   3.923e-15         1.1   1.186e-05    0.004152 
comp_dp_N14                      1.5e+07   1.296e-15         1.1   1.176e-05    0.004116 
comp_dp_w0[5]                  9.988e+06   1.899e-15         1.1   1.147e-05    0.004016 
comp_dp_comp_m4_mult_31_n251   4.998e+06   3.787e-15         1.1   1.145e-05    0.004007 
comp_dp_n36                    9.993e+06   1.892e-15         1.1   1.144e-05    0.004004 
comp_dp_comp_m3_mult_31_n254   4.998e+06    3.77e-15         1.1    1.14e-05    0.003989 
comp_dp_comp_m2_mult_31_n247   4.998e+06   3.754e-15         1.1   1.135e-05    0.003973 
comp_dp_comp_m2_mult_31_n251   4.998e+06   3.752e-15         1.1   1.134e-05    0.003971 
comp_dp_comp_m4_mult_31_n248   4.998e+06   3.743e-15         1.1   1.132e-05    0.003961 
comp_dp_comp_m3_mult_31_n248   4.998e+06   3.711e-15         1.1   1.122e-05    0.003927 
comp_dp_comp_m2_mult_31_n248   4.998e+06    3.69e-15         1.1   1.116e-05    0.003905 
comp_dp_comp_m4_mult_31_n249   4.998e+06   3.682e-15         1.1   1.113e-05    0.003897 
comp_dp_comp_m3_mult_31_n251   4.998e+06   3.673e-15         1.1    1.11e-05    0.003887 
comp_dp_comp_m2_mult_31_n249   4.998e+06   3.662e-15         1.1   1.107e-05    0.003876 
comp_dp_m2out_del[0]           2.998e+06   6.059e-15         1.1   1.099e-05    0.003846 
comp_dp_comp_m1_mult_31_n33    4.998e+06   3.625e-15         1.1   1.096e-05    0.003836 
comp_dp_comp_m2_mult_31_n253   4.998e+06   3.619e-15         1.1   1.094e-05     0.00383 
comp_dp_comp_m2_mult_31_n250   4.998e+06   3.609e-15         1.1   1.091e-05     0.00382 
comp_dp_comp_m4_mult_31_n246   4.998e+06   3.603e-15         1.1   1.089e-05    0.003813 
comp_dp_N26                    1.199e+07   1.498e-15         1.1   1.086e-05    0.003802 
comp_dp_comp_m3_mult_31_n247   4.998e+06    3.59e-15         1.1   1.086e-05      0.0038 
DOUT[6]                        2.998e+06   5.947e-15         1.1   1.079e-05    0.003775 
comp_dp_N15                    1.199e+07   1.486e-15         1.1   1.078e-05    0.003773 
comp_dp_comp_m4_mult_31_n253   4.998e+06   3.518e-15         1.1   1.064e-05    0.003723 
comp_dp_comp_m3_mult_31_n252   4.998e+06   3.501e-15         1.1   1.059e-05    0.003705 
comp_dp_comp_m1_mult_31_n26    3.993e+06   4.175e-15         1.1   1.008e-05     0.00353 
comp_dp_comp_m1_mult_31_n20    3.993e+06   4.146e-15         1.1   1.001e-05    0.003505 
comp_dp_m1out[2]                 1.5e+07   1.091e-15         1.1   9.896e-06    0.003464 
comp_dp_N7                       1.5e+07   1.087e-15         1.1   9.865e-06    0.003453 
comp_dp_comp_a3_add_1_root_add_27_2_carry[5]  4.998e+06   3.176e-15         1.1   9.602e-06    0.003361 
comp_dp_comp_m4_mult_31_n237   1.301e+07   1.159e-15         1.1   9.126e-06    0.003194 
comp_dp_n11                    6.998e+06   2.095e-15         1.1   8.869e-06    0.003104 
comp_dp_comp_m1_mult_31_n28    4.998e+06   2.906e-15         1.1   8.787e-06    0.003076 
comp_dp_comp_m1_mult_31_n25    3.998e+06   3.624e-15         1.1   8.766e-06    0.003068 
comp_dp_n35                    6.993e+06   2.068e-15         1.1   8.749e-06    0.003063 
comp_dp_comp_m3_mult_31_n238   1.301e+07   1.089e-15         1.1   8.573e-06    0.003001 
comp_dp_sync_DIN[4]              1.5e+07   9.329e-16         1.1   8.465e-06    0.002963 
comp_dp_comp_m2_mult_31_n66    4.003e+06   3.461e-15         1.1   8.382e-06    0.002934 
comp_dp_a1out[6]               1.199e+07   1.153e-15         1.1   8.361e-06    0.002927 
comp_dp_comp_m2_mult_31_n252   7.003e+06   1.967e-15         1.1   8.332e-06    0.002916 
comp_dp_comp_m1_mult_31_n32    2.998e+06    4.42e-15         1.1   8.015e-06    0.002806 
comp_dp_w0[6]                  6.988e+06   1.846e-15         1.1   7.803e-06    0.002731 
comp_dp_n26                    9.993e+06   1.286e-15         1.1   7.775e-06    0.002722 
comp_dp_m1out[3]               1.199e+07   1.062e-15         1.1   7.704e-06    0.002697 
comp_dp_a1out_del[6]           2.998e+06   4.089e-15         1.1   7.415e-06    0.002595 
comp_dp_a3b[4]                 2.998e+06   4.079e-15         1.1   7.397e-06    0.002589 
comp_dp_comp_m1_mult_31_n85    2.998e+06   4.072e-15         1.1   7.385e-06    0.002585 
comp_dp_comp_m1_mult_31_n3     3.988e+06   3.036e-15         1.1   7.324e-06    0.002564 
comp_dp_comp_m1_mult_31_n83    2.998e+06   3.997e-15         1.1   7.249e-06    0.002538 
comp_dp_comp_a2_add_1_root_add_27_2_carry[5]  3.998e+06   2.961e-15         1.1   7.162e-06    0.002507 
comp_dp_a1a[3]                 2.998e+06   3.856e-15         1.1   6.993e-06    0.002448 
comp_dp_a3a[4]                 2.998e+06   3.805e-15         1.1     6.9e-06    0.002415 
comp_dp_comp_m1_mult_31_n27    2.998e+06   3.805e-15         1.1     6.9e-06    0.002415 
comp_dp_N19                    3.988e+06   2.723e-15         1.1   6.568e-06    0.002299 
comp_dp_comp_m1_mult_31_n177   3.988e+06   2.566e-15         1.1    6.19e-06    0.002167 
comp_dp_comp_m1_mult_31_n2     3.988e+06   2.499e-15         1.1   6.029e-06     0.00211 
comp_dp_comp_m2_mult_31_n49    2.003e+06   4.841e-15         1.1   5.865e-06    0.002053 
comp_dp_comp_m2_mult_31_n244   4.998e+06   1.926e-15         1.1   5.824e-06    0.002039 
comp_dp_comp_a2_add_1_root_add_27_2_carry[6]  2.998e+06    3.14e-15         1.1   5.695e-06    0.001994 
comp_dp_comp_m1_mult_31_n4     2.998e+06   3.101e-15         1.1   5.624e-06    0.001969 
comp_dp_comp_m3_mult_31_n245   4.998e+06   1.842e-15         1.1   5.571e-06     0.00195 
comp_dp_comp_m1_mult_31_n50    2.998e+06   3.069e-15         1.1   5.566e-06    0.001948 
comp_dp_comp_m4_mult_31_n244   4.998e+06   1.817e-15         1.1   5.494e-06    0.001923 
comp_dp_comp_m2_mult_31_n76    2.003e+06   4.522e-15         1.1   5.478e-06    0.001918 
comp_dp_y[5]                   6.988e+06    1.29e-15         1.1   5.452e-06    0.001908 
comp_dp_n25                    6.993e+06   1.279e-15         1.1    5.41e-06    0.001894 
comp_dp_n6                     6.998e+06   1.255e-15         1.1   5.311e-06    0.001859 
comp_dp_sync_DIN[5]            6.998e+06   1.166e-15         1.1   4.938e-06    0.001729 
comp_dp_N8                     6.998e+06   1.142e-15         1.1   4.835e-06    0.001692 
comp_dp_comp_m3_mult_31_n42    2.003e+06   3.829e-15         1.1   4.638e-06    0.001624 
comp_dp_comp_m1_mult_31_n19    1.998e+06    3.82e-15         1.1   4.616e-06    0.001616 
comp_dp_comp_m4_mult_31_n42    2.003e+06   3.743e-15         1.1   4.534e-06    0.001587 
comp_dp_comp_m4_mult_31_n267   4.003e+06    1.84e-15         1.1   4.455e-06     0.00156 
comp_dp_comp_m3_mult_31_n268   4.003e+06   1.835e-15         1.1   4.444e-06    0.001555 
comp_dp_comp_m2_mult_31_n267   4.003e+06    1.76e-15         1.1   4.263e-06    0.001492 
comp_dp_N16                    4.988e+06   1.322e-15         1.1   3.988e-06    0.001396 
DOUT[7]                        9.975e+05   6.202e-15         1.1   3.743e-06     0.00131 
comp_dp_n12                    2.998e+06   2.052e-15         1.1   3.721e-06    0.001302 
comp_dp_m2out_del[1]           9.975e+05   5.883e-15         1.1    3.55e-06    0.001243 
comp_dp_n32                    2.993e+06   1.947e-15         1.1   3.524e-06    0.001234 
comp_dp_m2out_del[2]           9.975e+05   5.656e-15         1.1   3.414e-06    0.001195 
comp_dp_m2out_del[6]           9.975e+05    5.61e-15         1.1   3.386e-06    0.001185 
comp_dp_m2out_del[7]           9.975e+05   5.577e-15         1.1   3.366e-06    0.001178 
comp_dp_m2out_del[5]           9.975e+05   5.562e-15         1.1   3.357e-06    0.001175 
comp_dp_w0[7]                  2.988e+06   1.845e-15         1.1   3.335e-06    0.001167 
comp_dp_m1out[4]               4.988e+06   1.079e-15         1.1   3.255e-06    0.001139 
comp_dp_m2out_del[4]           9.975e+05   5.367e-15         1.1   3.239e-06    0.001134 
comp_dp_m2out_del[3]           9.975e+05   5.354e-15         1.1   3.231e-06    0.001131 
comp_dp_N17                    3.988e+06    1.29e-15         1.1   3.112e-06    0.001089 
comp_dp_comp_m2_mult_31_n262   1.003e+06   5.121e-15         1.1   3.106e-06    0.001087 
comp_dp_N27                    2.988e+06    1.65e-15         1.1   2.983e-06    0.001044 
comp_dp_m1out[6]               3.988e+06   1.208e-15         1.1   2.915e-06     0.00102 
comp_dp_n7                     2.998e+06   1.535e-15         1.1   2.784e-06   0.0009745 
comp_dp_comp_m2_mult_31_n73    1.003e+06   4.513e-15         1.1   2.737e-06   0.0009582 
comp_dp_comp_m1_mult_31_n38    9.975e+05   4.461e-15         1.1   2.692e-06   0.0009423 
comp_dp_comp_m4_mult_31_n73    1.003e+06   4.332e-15         1.1   2.627e-06   0.0009197 
comp_dp_comp_m2_mult_31_n75    1.003e+06   4.314e-15         1.1   2.617e-06   0.0009159 
comp_dp_comp_m2_mult_31_n72    1.003e+06    4.28e-15         1.1   2.596e-06   0.0009086 
comp_dp_comp_m4_mult_31_n70    1.003e+06   4.278e-15         1.1   2.595e-06   0.0009083 
comp_dp_comp_m4_mult_31_n262   1.003e+06   4.274e-15         1.1   2.592e-06   0.0009073 
comp_dp_comp_m2_mult_31_n71    1.003e+06   4.264e-15         1.1   2.586e-06   0.0009052 
comp_dp_comp_m3_mult_31_n263   1.003e+06   4.232e-15         1.1   2.567e-06   0.0008986 
comp_dp_m1out[5]               3.988e+06   1.055e-15         1.1   2.545e-06   0.0008909 
comp_dp_comp_m2_mult_31_n42    1.003e+06   4.187e-15         1.1    2.54e-06   0.0008889 
comp_dp_comp_m1_mult_31_n16    9.975e+05   4.175e-15         1.1    2.52e-06    0.000882 
comp_dp_comp_m3_mult_31_n71    1.003e+06   4.132e-15         1.1   2.506e-06   0.0008771 
comp_dp_comp_m2_mult_31_n70    1.003e+06   4.097e-15         1.1   2.485e-06   0.0008699 
comp_dp_a1a[7]                 9.975e+05   4.118e-15         1.1   2.485e-06   0.0008698 
comp_dp_a1a[5]                 9.975e+05   4.099e-15         1.1   2.473e-06   0.0008658 
comp_dp_comp_m4_mult_31_n71    1.003e+06    4.07e-15         1.1   2.469e-06   0.0008641 
comp_dp_comp_m3_mult_31_n73    1.003e+06   4.066e-15         1.1   2.466e-06   0.0008632 
comp_dp_comp_m3_mult_31_n70    1.003e+06   4.064e-15         1.1   2.465e-06   0.0008627 
comp_dp_a1out_del[7]           9.975e+05   4.078e-15         1.1   2.461e-06   0.0008615 
comp_dp_y[6]                   2.988e+06   1.349e-15         1.1   2.438e-06   0.0008533 
comp_dp_a3b[5]                 9.975e+05    4.02e-15         1.1   2.426e-06   0.0008491 
comp_dp_comp_m4_mult_31_n257   9.975e+05   3.997e-15         1.1   2.412e-06   0.0008444 
comp_dp_comp_m3_mult_31_n256   9.975e+05   3.987e-15         1.1   2.406e-06   0.0008422 
comp_dp_a1a[6]                 9.975e+05   3.979e-15         1.1   2.401e-06   0.0008405 
comp_dp_comp_m2_mult_31_n256   9.975e+05   3.958e-15         1.1   2.389e-06   0.0008361 
comp_dp_comp_m3_mult_31_n72    1.003e+06   3.938e-15         1.1   2.388e-06    0.000836 
comp_dp_comp_m2_mult_31_n257   9.975e+05    3.95e-15         1.1   2.384e-06   0.0008345 
comp_dp_a1a[4]                 9.975e+05   3.949e-15         1.1   2.383e-06   0.0008341 
comp_dp_comp_m3_mult_31_n260   9.975e+05    3.93e-15         1.1   2.371e-06   0.0008301 
comp_dp_comp_m4_mult_31_n255   9.975e+05   3.929e-15         1.1   2.371e-06   0.0008299 
comp_dp_comp_m4_mult_31_n258   9.975e+05   3.916e-15         1.1   2.363e-06   0.0008273 
comp_dp_comp_m1_mult_31_n76    9.975e+05   3.909e-15         1.1   2.359e-06   0.0008257 
comp_dp_comp_m3_mult_31_n75    1.003e+06   3.855e-15         1.1   2.338e-06   0.0008185 
comp_dp_a3a[6]                 9.975e+05   3.868e-15         1.1   2.334e-06    0.000817 
comp_dp_a3b[6]                 9.975e+05   3.862e-15         1.1   2.331e-06   0.0008159 
comp_dp_comp_m3_mult_31_n259   9.975e+05   3.862e-15         1.1    2.33e-06   0.0008157 
comp_dp_n24                    2.993e+06   1.283e-15         1.1   2.324e-06   0.0008133 
comp_dp_comp_m4_mult_31_n256   9.975e+05   3.812e-15         1.1   2.301e-06   0.0008053 
comp_dp_a3a[5]                 9.975e+05   3.805e-15         1.1   2.296e-06   0.0008038 
comp_dp_comp_m4_mult_31_n72    1.003e+06   3.726e-15         1.1    2.26e-06   0.0007911 
comp_dp_x[7]                   9.975e+05   3.742e-15         1.1   2.258e-06   0.0007905 
comp_dp_comp_m3_mult_31_n218   9.975e+05   3.729e-15         1.1    2.25e-06   0.0007877 
comp_dp_comp_m4_mult_31_n265   2.003e+06   1.838e-15         1.1   2.226e-06   0.0007793 
comp_dp_comp_m3_mult_31_n258   9.975e+05   3.689e-15         1.1   2.226e-06   0.0007792 
comp_dp_comp_m2_mult_31_n255   9.975e+05    3.68e-15         1.1   2.221e-06   0.0007773 
comp_dp_comp_m4_mult_31_n75    1.003e+06   3.637e-15         1.1   2.206e-06   0.0007721 
comp_dp_comp_m3_mult_31_n257   9.975e+05   3.647e-15         1.1   2.201e-06   0.0007704 
comp_dp_comp_m2_mult_31_n258   9.975e+05   3.622e-15         1.1   2.186e-06    0.000765 
comp_dp_comp_m1_mult_31_n78    9.975e+05   3.621e-15         1.1   2.185e-06    0.000765 
comp_dp_comp_m2_mult_31_n265   2.003e+06   1.804e-15         1.1   2.185e-06   0.0007648 
comp_dp_comp_m4_mult_31_n217   9.975e+05   3.597e-15         1.1   2.171e-06   0.0007599 
comp_dp_comp_m4_mult_31_n259   9.975e+05   3.592e-15         1.1   2.168e-06   0.0007587 
comp_dp_comp_m3_mult_31_n266   2.003e+06   1.789e-15         1.1   2.168e-06   0.0007587 
comp_dp_comp_m2_mult_31_n217   9.975e+05   3.585e-15         1.1   2.163e-06   0.0007573 
comp_dp_comp_m2_mult_31_n259   9.975e+05   3.578e-15         1.1    2.16e-06   0.0007559 
comp_dp_N9                     2.998e+06   1.173e-15         1.1   2.128e-06   0.0007447 
comp_dp_comp_m1_mult_31_n37    9.975e+05   3.512e-15         1.1    2.12e-06   0.0007419 
comp_dp_comp_m3_mult_31_n65    1.003e+06   3.493e-15         1.1   2.118e-06   0.0007415 
comp_dp_comp_m4_mult_31_n65    1.003e+06   3.388e-15         1.1   2.055e-06   0.0007192 
comp_dp_a1out[7]               2.988e+06   1.109e-15         1.1   2.004e-06   0.0007014 
comp_dp_comp_m1_mult_31_n21    9.975e+05   3.305e-15         1.1   1.995e-06   0.0006982 
comp_dp_comp_m1_mult_31_n22    9.975e+05   3.293e-15         1.1   1.987e-06   0.0006956 
comp_dp_comp_a3_add_1_root_add_27_2_carry[6]  9.975e+05   3.185e-15         1.1   1.922e-06   0.0006729 
comp_dp_sync_DIN[6]            2.998e+06   1.057e-15         1.1   1.918e-06   0.0006712 
comp_dp_comp_a2_add_1_root_add_27_2_carry[7]  9.975e+05   3.143e-15         1.1   1.897e-06   0.0006639 
comp_dp_comp_m2_mult_31_n212   1.003e+06   2.829e-15         1.1   1.716e-06   0.0006005 
comp_dp_comp_a1_add_1_root_add_27_2_carry[7]  9.975e+05   2.841e-15         1.1   1.715e-06   0.0006002 
comp_dp_comp_m4_mult_31_n212   1.003e+06   2.408e-15         1.1   1.461e-06   0.0005112 
comp_dp_comp_m3_mult_31_n213   1.003e+06   2.365e-15         1.1   1.434e-06    0.000502 
comp_dp_comp_m3_mult_31_n215   9.975e+05    2.29e-15         1.1   1.382e-06   0.0004838 
comp_dp_N11                    9.975e+05   2.234e-15         1.1   1.348e-06   0.0004719 
comp_dp_n13                    9.975e+05   2.197e-15         1.1   1.326e-06    0.000464 
comp_dp_comp_m3_mult_31_n205   1.003e+06   2.042e-15         1.1   1.238e-06   0.0004334 
comp_dp_n14                    9.975e+05    2.05e-15         1.1   1.237e-06   0.0004331 
comp_dp_comp_m4_mult_31_n214   9.975e+05   2.012e-15         1.1   1.214e-06   0.0004251 
comp_dp_comp_m2_mult_31_n214   9.975e+05   1.987e-15         1.1   1.199e-06   0.0004196 
comp_dp_comp_m4_mult_31_n254   9.975e+05    1.92e-15         1.1   1.159e-06   0.0004056 
comp_dp_comp_m4_mult_31_n204   1.003e+06   1.881e-15         1.1   1.141e-06   0.0003993 
comp_dp_comp_m3_mult_31_n255   9.975e+05    1.87e-15         1.1   1.128e-06    0.000395 
comp_dp_comp_m2_mult_31_n254   9.975e+05   1.811e-15         1.1   1.093e-06   0.0003825 
comp_dp_comp_m3_mult_31_n262   1.003e+06   1.798e-15         1.1   1.091e-06   0.0003818 
comp_dp_comp_m4_mult_31_n261   1.003e+06   1.774e-15         1.1   1.076e-06   0.0003767 
comp_dp_comp_m2_mult_31_n204   1.003e+06   1.754e-15         1.1   1.064e-06   0.0003724 
comp_dp_n16                    9.975e+05   1.368e-15         1.1   8.258e-07   0.0002891 
comp_dp_n15                    9.975e+05   1.276e-15         1.1   7.698e-07   0.0002695 
comp_dp_sync_DIN[7]            9.975e+05   1.091e-15         1.1   6.583e-07   0.0002304 
comp_dp_n33                     2.25e+04   3.321e-14         1.1    4.52e-07   0.0001582 
comp_dp_n34                     1.75e+04    3.49e-14         1.1   3.695e-07   0.0001293 
comp_dp_n58                         7500   4.685e-14         1.1   2.126e-07   7.441e-05 
comp_dp_N3                      1.75e+04   1.078e-14         1.1   1.141e-07   3.994e-05 
clr_w_reg                           7500   2.463e-14         1.1   1.118e-07   3.912e-05 
VOUT                            1.25e+04   7.426e-15         1.1   5.616e-08   1.966e-05 
en_regs                         1.25e+04    4.75e-15         1.1   3.592e-08   1.257e-05 
comp_dp_comp_m3_mult_31_n217        2500   1.491e-14         1.1   2.256e-08   7.896e-06 
comp_dp_comp_m4_mult_31_n216        2500   1.487e-14         1.1   2.249e-08   7.873e-06 
comp_dp_comp_m2_mult_31_n216        2500   1.471e-14         1.1   2.224e-08   7.786e-06 
comp_dp_a1_int_b[6]                 2500   1.416e-14         1.1   2.142e-08   7.497e-06 
en_latch                        1.25e+04   2.432e-15         1.1   1.839e-08   6.438e-06 
comp_dp_comp_m1_mult_31_n165        2500   1.213e-14         1.1   1.834e-08   6.421e-06 
comp_dp_comp_m1_mult_31_n161        2500   1.212e-14         1.1   1.833e-08   6.416e-06 
comp_dp_comp_m1_mult_31_n168        2500   1.184e-14         1.1    1.79e-08   6.267e-06 
comp_dp_a1sq_int[5]                 2500   1.152e-14         1.1   1.742e-08   6.098e-06 
comp_dp_a1sq_int[4]                 2500   1.144e-14         1.1    1.73e-08   6.055e-06 
comp_dp_comp_m4_mult_31_n206        2500   1.133e-14         1.1   1.714e-08       6e-06 
comp_dp_comp_m2_mult_31_n206        2500   1.129e-14         1.1   1.707e-08   5.976e-06 
comp_dp_a1sq_int[3]                 2500   1.122e-14         1.1   1.697e-08   5.942e-06 
comp_dp_comp_m3_mult_31_n207        2500   1.111e-14         1.1    1.68e-08   5.882e-06 
comp_dp_a1sq_int[7]                 2500   1.108e-14         1.1   1.675e-08   5.864e-06 
comp_dp_b1_int[2]                   2500   1.106e-14         1.1   1.672e-08   5.854e-06 
comp_dp_b0_int[2]                   2500   1.082e-14         1.1   1.636e-08   5.726e-06 
comp_dp_a1sq_int[6]                 2500   1.081e-14         1.1   1.635e-08   5.722e-06 
comp_dp_a1sq_int[2]                 2500   1.076e-14         1.1   1.627e-08   5.695e-06 
comp_dp_b0_int[3]                   2500   1.068e-14         1.1   1.615e-08   5.653e-06 
comp_dp_b1_int[3]                   2500   1.067e-14         1.1   1.614e-08   5.651e-06 
comp_dp_b1_int[4]                   2500   1.061e-14         1.1   1.605e-08    5.62e-06 
comp_dp_b1_int[5]                   2500   1.059e-14         1.1   1.602e-08   5.607e-06 
comp_dp_b0_int[5]                   2500   1.038e-14         1.1    1.57e-08   5.496e-06 
comp_dp_comp_m1_mult_31_n162        2500   1.026e-14         1.1   1.552e-08   5.431e-06 
comp_dp_b1_int[7]                   2500   1.019e-14         1.1   1.541e-08   5.393e-06 
comp_dp_b1_int[6]                   2500   1.012e-14         1.1    1.53e-08   5.356e-06 
comp_dp_comp_m4_mult_31_n205        2500   1.006e-14         1.1   1.522e-08   5.328e-06 
comp_dp_b0_int[4]                   2500   9.964e-15         1.1   1.507e-08   5.275e-06 
comp_dp_comp_m1_mult_31_n166        2500   9.856e-15         1.1   1.491e-08   5.218e-06 
comp_dp_b0_int[6]                   2500   9.847e-15         1.1   1.489e-08   5.213e-06 
comp_dp_comp_m3_mult_31_n206        2500    9.83e-15         1.1   1.487e-08   5.205e-06 
comp_dp_b0_int[7]                   2500   9.811e-15         1.1   1.484e-08   5.194e-06 
comp_dp_b1_int[0]                   2500   9.711e-15         1.1   1.469e-08   5.142e-06 
comp_dp_comp_m2_mult_31_n205        2500   9.541e-15         1.1   1.443e-08   5.051e-06 
comp_dp_comp_m1_mult_31_n169        2500   9.388e-15         1.1    1.42e-08    4.97e-06 
comp_dp_a1sq_int[0]                 2500    9.36e-15         1.1   1.416e-08   4.956e-06 
comp_dp_b0_int[0]                   2500   9.027e-15         1.1   1.365e-08   4.779e-06 
comp_dp_a1_int_b[2]                 2500   6.041e-15         1.1   9.137e-09   3.198e-06 
comp_cu_N2                         1e+04   1.426e-15         1.1   8.629e-09   3.021e-06 
comp_dp_a1_int_b[4]                 2500   5.619e-15         1.1   8.498e-09   2.975e-06 
comp_cu_token_dline[2]          1.25e+04   1.089e-15         1.1   8.238e-09   2.883e-06 
comp_cu_N5                         1e+04   1.361e-15         1.1   8.236e-09   2.883e-06 
comp_cu_N4                         1e+04   1.359e-15         1.1   8.222e-09   2.878e-06 
comp_cu_N6                         1e+04   1.329e-15         1.1   8.041e-09   2.815e-06 
comp_cu_token_dline[1]          1.25e+04   1.016e-15         1.1   7.687e-09   2.691e-06 
comp_cu_N3                         1e+04   1.262e-15         1.1   7.638e-09   2.673e-06 
comp_dp_comp_m1_mult_31_n184        2500   4.683e-15         1.1   7.083e-09   2.479e-06 
comp_dp_comp_m1_mult_31_n105        2500   4.438e-15         1.1   6.712e-09    2.35e-06 
comp_dp_comp_m1_mult_31_n30         2500   4.373e-15         1.1   6.615e-09   2.315e-06 
comp_dp_comp_m1_mult_31_n63         2500   4.373e-15         1.1   6.613e-09   2.315e-06 
comp_dp_comp_m1_mult_31_n31         2500   4.265e-15         1.1   6.452e-09   2.258e-06 
comp_dp_comp_m1_mult_31_n98         2500    4.24e-15         1.1   6.414e-09   2.245e-06 
comp_dp_comp_m2_mult_31_n65         2500   4.207e-15         1.1   6.364e-09   2.228e-06 
comp_dp_comp_m1_mult_31_n183        2500   4.206e-15         1.1   6.362e-09   2.227e-06 
comp_dp_comp_m1_mult_31_n74         2500   4.173e-15         1.1   6.311e-09   2.209e-06 
comp_dp_comp_m1_mult_31_n102        2500   4.153e-15         1.1   6.282e-09   2.199e-06 
comp_dp_comp_m1_mult_31_n18         2500   4.132e-15         1.1   6.249e-09   2.187e-06 
comp_dp_comp_m1_mult_31_n57         2500   4.109e-15         1.1   6.214e-09   2.175e-06 
comp_dp_comp_m1_mult_31_n82         2500   4.082e-15         1.1   6.174e-09   2.161e-06 
comp_dp_comp_m1_mult_31_n15         2500   4.076e-15         1.1   6.165e-09   2.158e-06 
comp_dp_comp_m1_mult_31_n79         2500    4.06e-15         1.1   6.141e-09   2.149e-06 
comp_dp_comp_m1_mult_31_n112        2500    4.06e-15         1.1    6.14e-09   2.149e-06 
comp_dp_comp_m1_mult_31_n65         2500   4.053e-15         1.1   6.131e-09   2.146e-06 
comp_dp_comp_m1_mult_31_n77         2500   4.019e-15         1.1   6.078e-09   2.128e-06 
comp_dp_comp_m1_mult_31_n47         2500   4.012e-15         1.1   6.068e-09   2.124e-06 
comp_dp_comp_m1_mult_31_n48         2500   4.005e-15         1.1   6.057e-09    2.12e-06 
comp_dp_comp_m1_mult_31_n87         2500   3.993e-15         1.1    6.04e-09   2.114e-06 
comp_dp_comp_m1_mult_31_n116        2500   3.956e-15         1.1   5.983e-09   2.094e-06 
comp_dp_comp_m1_mult_31_n14         2500   3.949e-15         1.1   5.973e-09   2.091e-06 
comp_dp_b1_int[1]                   2500   3.949e-15         1.1   5.972e-09   2.091e-06 
comp_dp_comp_m1_mult_31_n51         2500    3.94e-15         1.1    5.96e-09   2.086e-06 
comp_dp_comp_m3_mult_31_n84         2500   3.939e-15         1.1   5.957e-09   2.085e-06 
comp_dp_comp_m1_mult_31_n115        2500   3.901e-15         1.1     5.9e-09   2.065e-06 
comp_dp_comp_m1_mult_31_n55         2500   3.899e-15         1.1   5.897e-09   2.064e-06 
comp_dp_b0_int[1]                   2500   3.891e-15         1.1   5.884e-09    2.06e-06 
comp_dp_comp_m1_mult_31_n23         2500   3.888e-15         1.1   5.881e-09   2.059e-06 
comp_dp_comp_m1_mult_31_n67         2500   3.825e-15         1.1   5.785e-09   2.025e-06 
comp_dp_comp_m1_mult_31_n69         2500   3.825e-15         1.1   5.785e-09   2.025e-06 
comp_dp_comp_m1_mult_31_n110        2500    3.82e-15         1.1   5.777e-09   2.022e-06 
comp_dp_comp_m1_mult_31_n101        2500   3.817e-15         1.1   5.773e-09   2.021e-06 
comp_dp_a1sq_int[1]                 2500   3.783e-15         1.1   5.721e-09   2.003e-06 
comp_dp_comp_m1_mult_31_n117        2500   3.778e-15         1.1   5.715e-09       2e-06 
comp_dp_comp_m1_mult_31_n43         2500   3.772e-15         1.1   5.705e-09   1.997e-06 
comp_dp_comp_m1_mult_31_n24         2500   3.771e-15         1.1   5.704e-09   1.997e-06 
comp_dp_comp_m4_mult_31_n84         2500   3.771e-15         1.1   5.703e-09   1.996e-06 
comp_dp_comp_m1_mult_31_n103        2500   3.767e-15         1.1   5.697e-09   1.994e-06 
comp_dp_comp_m1_mult_31_n88         2500   3.763e-15         1.1   5.692e-09   1.992e-06 
comp_dp_comp_m1_mult_31_n181        2500    3.74e-15         1.1   5.657e-09    1.98e-06 
comp_dp_comp_m1_mult_31_n49         2500   3.737e-15         1.1   5.653e-09   1.979e-06 
comp_dp_comp_m1_mult_31_n180        2500   3.728e-15         1.1   5.638e-09   1.974e-06 
comp_dp_a1_int_b[0]                 2500   3.703e-15         1.1   5.601e-09   1.961e-06 
comp_dp_comp_m1_mult_31_n89         2500   3.699e-15         1.1   5.594e-09   1.958e-06 
comp_dp_comp_m4_mult_31_n76         2500    3.69e-15         1.1   5.581e-09   1.954e-06 
comp_dp_comp_m3_mult_31_n76         2500   3.661e-15         1.1   5.538e-09   1.938e-06 
comp_dp_comp_m1_mult_31_n81         2500   3.653e-15         1.1   5.525e-09   1.934e-06 
comp_dp_comp_m1_mult_31_n80         2500   3.633e-15         1.1   5.495e-09   1.924e-06 
comp_dp_comp_m1_mult_31_n119        2500   3.632e-15         1.1   5.494e-09   1.923e-06 
comp_dp_comp_m4_mult_31_n233        2500   3.623e-15         1.1   5.479e-09   1.918e-06 
comp_dp_a1_int_b[5]                 2500   3.598e-15         1.1   5.442e-09   1.905e-06 
comp_dp_comp_m1_mult_31_n91         2500   3.593e-15         1.1   5.435e-09   1.903e-06 
comp_dp_comp_m3_mult_31_n234        2500   3.575e-15         1.1   5.407e-09   1.893e-06 
comp_dp_a1_int_b[1]                 2500   3.506e-15         1.1   5.303e-09   1.856e-06 
comp_dp_a1_int_b[3]                 2500   3.504e-15         1.1     5.3e-09   1.855e-06 
comp_dp_comp_m1_mult_31_n86         2500   3.493e-15         1.1   5.284e-09   1.849e-06 
comp_dp_comp_m1_mult_31_n93         2500   3.466e-15         1.1   5.243e-09   1.835e-06 
comp_dp_comp_m1_mult_31_n100        2500   3.431e-15         1.1    5.19e-09   1.817e-06 
comp_dp_comp_m1_mult_31_n163        2500   3.412e-15         1.1   5.161e-09   1.806e-06 
comp_dp_comp_m1_mult_31_n108        2500   3.365e-15         1.1   5.089e-09   1.781e-06 
comp_dp_comp_m1_mult_31_n182        2500   3.326e-15         1.1    5.03e-09   1.761e-06 
comp_dp_comp_m4_mult_31_n41         2500   3.172e-15         1.1   4.798e-09   1.679e-06 
comp_dp_comp_m1_mult_31_n75         2500   3.127e-15         1.1    4.73e-09   1.656e-06 
comp_dp_comp_m1_mult_31_n41         2500   3.115e-15         1.1   4.712e-09   1.649e-06 
comp_dp_comp_m1_mult_31_n71         2500   3.101e-15         1.1    4.69e-09   1.642e-06 
comp_dp_comp_m3_mult_31_n41         2500   3.049e-15         1.1   4.611e-09   1.614e-06 
comp_dp_comp_m1_mult_31_n94         2500   3.005e-15         1.1   4.545e-09   1.591e-06 
comp_dp_comp_m1_mult_31_n59         2500   3.003e-15         1.1   4.542e-09    1.59e-06 
comp_dp_comp_m1_mult_31_n42         2500   2.956e-15         1.1    4.47e-09   1.565e-06 
comp_dp_comp_m1_mult_31_n17         2500   2.953e-15         1.1   4.467e-09   1.563e-06 
comp_dp_comp_m1_mult_31_n29         2500   2.927e-15         1.1   4.427e-09    1.55e-06 
comp_dp_comp_m1_mult_31_n95         2500   2.915e-15         1.1    4.41e-09   1.543e-06 
comp_dp_comp_m2_mult_31_n41         2500   2.906e-15         1.1   4.396e-09   1.539e-06 
comp_dp_comp_m1_mult_31_n109        2500   2.882e-15         1.1   4.359e-09   1.526e-06 
comp_dp_comp_m1_mult_31_n13         2500   2.861e-15         1.1   4.327e-09   1.515e-06 
comp_cu_n1                          5000   1.262e-15         1.1   3.819e-09   1.337e-06 
comp_dp_comp_m1_mult_31_n176        2500   2.352e-15         1.1   3.558e-09   1.245e-06 
comp_dp_comp_m1_mult_31_n61         2500   1.972e-15         1.1   2.982e-09   1.044e-06 
comp_dp_comp_m2_mult_31_n260        2500   1.868e-15         1.1   2.825e-09   9.889e-07 
comp_dp_comp_m2_mult_31_n235        2500   1.854e-15         1.1   2.803e-09   9.813e-07 
comp_dp_comp_m2_mult_31_n261        2500   1.799e-15         1.1    2.72e-09   9.523e-07 
comp_dp_comp_m3_mult_31_n237        2500   1.163e-15         1.1   1.759e-09   6.156e-07 
comp_dp_comp_m4_mult_31_n236        2500   1.119e-15         1.1   1.692e-09   5.924e-07 
b[3]                                   0   5.052e-15           0           0           0 
b[2]                                   0   4.618e-15           0           0           0 
b[1]                                   0   4.445e-15           0           0           0 
b[0]                                   0           0           0           0           0 
a[15]                                  0    2.57e-15           0           0           0 
a[14]                                  0   4.823e-15           0           0           0 
a[13]                                  0   4.743e-15           0           0           0 
b[5]                                   0   5.128e-15           0           0           0 
a[10]                                  0   4.785e-15           0           0           0 
a[12]                                  0   4.827e-15           0           0           0 
b[4]                                   0   4.917e-15           0           0           0 
b[6]                                   0   5.381e-15           0           0           0 
b[7]                                   0   2.543e-15           0           0           0 
b[8]                                   0           0           0           0           0 
b[9]                                   0   7.727e-15           0           0           0 
b[10]                                  0   8.006e-15           0           0           0 
b[11]                                  0   7.783e-15           0           0           0 
b[12]                                  0   7.317e-15           0           0           0 
b[13]                                  0   7.504e-15           0           0           0 
b[14]                                  0   6.667e-15           0           0           0 
b[15]                                  0    2.72e-15           0           0           0 
a[11]                                  0   4.593e-15           0           0           0 
comp_dp_comp_m4_y_7_           6.299e+07           0         1.1           0           0 
CLK                            4.902e+08   1.256e-13           0           0           0 
comp_dp_comp_m3_y_7_           6.299e+07           0         1.1           0           0 
DIN[0]                           2.6e+07           0           0           0           0 
DIN[1]                           2.3e+07   8.306e-15           0           0           0 
DIN[2]                           2.1e+07   7.757e-15           0           0           0 
DIN[3]                           3.1e+07   7.717e-15           0           0           0 
DIN[4]                           1.5e+07   7.401e-15           0           0           0 
DIN[5]                         6.998e+06   7.107e-15           0           0           0 
DIN[6]                         2.998e+06   7.101e-15           0           0           0 
RST_n                               5000   7.963e-15           0           0           0 
VIN                             1.25e+04   5.901e-15           0           0           0 
a[0]                                   0           0           0           0           0 
a[1]                                   0   9.239e-15           0           0           0 
a[2]                                   0   8.906e-15           0           0           0 
a[3]                                   0   8.162e-15           0           0           0 
a[4]                                   0   8.457e-15           0           0           0 
a[5]                                   0   8.184e-15           0           0           0 
a[6]                                   0   7.857e-15           0           0           0 
a[7]                                   0   7.511e-15           0           0           0 
a[8]                                   0           0           0           0           0 
a[9]                                   0   4.491e-15           0           0           0 
DIN[7]                         9.975e+05   6.669e-15           0           0           0 


Domain                 Voltage     Internal   Switching     Leakage       Total  Percentage 
                                   Power      Power         Power         Power  (%)        
-----------------------------------------------------------------------------------------


-----------------------------------------------------------------------------------------
*	Power Distribution Summary: 
* 		Highest Average Power:         comp_dp_w1_reg_2_ (DFF_X1): 	  0.002289 
* 		Highest Leakage Power: comp_dp_comp_m1_mult_31_U14 (FA_X1): 	 0.0001026 
* 		Total Cap: 	3.86111e-12 F
* 		Total instances in design:   709
* 		Total instances in design with no power:     0
*          Total instances in design with no activity:     0
* 		Total Fillers and Decap:     0
-----------------------------------------------------------------------------------------

